#
# A fatal error has been detected by the Java Runtime Environment:
#
#  EXCEPTION_ACCESS_VIOLATION (0xc0000005) at pc=0x00007ff9c6853526, pid=4900, tid=264
#
# JRE version: OpenJDK Runtime Environment (20.0+36) (build 20+36-2344)
# Java VM: OpenJDK 64-Bit Server VM (20+36-2344, mixed mode, sharing, tiered, compressed oops, compressed class ptrs, g1 gc, windows-amd64)
# Problematic frame:
# C  [ntdll.dll+0x63526]
#
# No core dump will be written. Minidumps are not enabled by default on client versions of Windows
#
# If you would like to submit a bug report, please visit:
#   https://bugreport.java.com/bugreport/crash.jsp
# The crash happened outside the Java Virtual Machine in native code.
# See problematic frame for where to report the bug.
#

---------------  S U M M A R Y ------------

Command Line: -javaagent:C:\Program Files\JetBrains\IntelliJ IDEA Community Edition 2023.1.1\lib\idea_rt.jar=58225:C:\Program Files\JetBrains\IntelliJ IDEA Community Edition 2023.1.1\bin -Dfile.encoding=UTF-8 -Dsun.stdout.encoding=UTF-8 -Dsun.stderr.encoding=UTF-8 controller.Main

Host: AMD Ryzen 5 2400G with Radeon Vega Graphics    , 8 cores, 7G,  Windows 10 , 64 bit Build 19041 (10.0.19041.2913)
Time: Tue Jun  6 19:10:38 2023 Hora estándar de Argentina elapsed time: 12.524311 seconds (0d 0h 0m 12s)

---------------  T H R E A D  ---------------

Current thread (0x000002227f1b3790):  JavaThread "Thread-3" [_thread_in_native, id=264, stack(0x0000005bafb00000,0x0000005bafc00000)]

Stack: [0x0000005bafb00000,0x0000005bafc00000],  sp=0x0000005bafbfea80,  free space=1018k
Native frames: (J=compiled Java code, j=interpreted, Vv=VM code, C=native code)
C  [ntdll.dll+0x63526]
C  [ntdll.dll+0x2fcb4]
C  [ntdll.dll+0x2fae2]
C  [sqlite-3.21.0-fe64df5f-bb38-4a2f-bd6f-2da3b8b62439-sqlitejdbc.dll+0x1aac3]

Java frames: (J=compiled Java code, j=interpreted, Vv=VM code)
j  org.sqlite.core.NativeDB.column_text_utf8(JI)[B+0
j  org.sqlite.core.NativeDB.column_text(JI)Ljava/lang/String;+3
j  org.sqlite.jdbc3.JDBC3ResultSet.getString(I)Ljava/lang/String;+16
j  org.sqlite.jdbc3.JDBC3ResultSet.getString(Ljava/lang/String;)Ljava/lang/String;+6
j  model.GameModelImpl.getGamesSaveInDB()V+28
j  model.GameModelImpl.saveGameInDB(Lmodel/Game;)V+24
j  controller.GameControllerImpl.lambda$saveGame$3(Lmodel/Game;)V+14
j  controller.GameControllerImpl$$Lambda$217+0x00000008012843e8.run()V+8
j  java.lang.Thread.runWith(Ljava/lang/Object;Ljava/lang/Runnable;)V+5 java.base@20
j  java.lang.Thread.run()V+19 java.base@20
v  ~StubRoutines::call_stub 0x0000022270ac100d

siginfo: EXCEPTION_ACCESS_VIOLATION (0xc0000005), writing address 0x0000000000000029


Registers:
RAX=0x0000000000000005, RBX=0x0000005bafbfe920, RCX=0x0000005bafbfe920, RDX=0x00000000000000ba
RSP=0x0000005bafbfea80, RBP=0x0000005bafbfed00, RSI=0x0000000000000000, RDI=0x0000000000000000
R8 =0x0000000000000000, R9 =0x0000005bafbfe900, R10=0x000067b1187aa42d, R11=0x000067b1187aa211
R12=0x0000000000000000, R13=0x0000005bac916000, R14=0x0000000000000001, R15=0x0000000000000000
RIP=0x00007ff9c6853526, EFLAGS=0x0000000000010217


Register to memory mapping:

RIP=0x00007ff9c6853526 ntdll.dll
RAX=0x0000000000000005 is an unknown value
RBX=0x0000005bafbfe920 is pointing into the stack for thread: 0x000002227f1b3790
RCX=0x0000005bafbfe920 is pointing into the stack for thread: 0x000002227f1b3790
RDX=0x00000000000000ba is an unknown value
RSP=0x0000005bafbfea80 is pointing into the stack for thread: 0x000002227f1b3790
RBP=0x0000005bafbfed00 is pointing into the stack for thread: 0x000002227f1b3790
RSI=0x0 is NULL
RDI=0x0 is NULL
R8 =0x0 is NULL
R9 =0x0000005bafbfe900 is pointing into the stack for thread: 0x000002227f1b3790
R10=0x000067b1187aa42d is an unknown value
R11=0x000067b1187aa211 is an unknown value
R12=0x0 is NULL
R13=0x0000005bac916000 points into unknown readable memory: 0x0000000000000000 | 00 00 00 00 00 00 00 00
R14=0x0000000000000001 is an unknown value
R15=0x0 is NULL


Top of Stack: (sp=0x0000005bafbfea80)
0x0000005bafbfea80:   ffffffffffffffff 0000005bafbfe920
0x0000005bafbfea90:   0000005bafbfeba0 0000000000000001
0x0000005bafbfeaa0:   000002220a01e8a0 000002220000000a
0x0000005bafbfeab0:   0000000010000000 000002227f2ee840
0x0000005bafbfeac0:   0000000000000000 cccccccc000000ba
0x0000005bafbfead0:   0000005bac916000 0000005bafbfeba0
0x0000005bafbfeae0:   0000000000000002 00007ff9c44efde6
0x0000005bafbfeaf0:   0000000000000000 00007ff97dcdcd8b
0x0000005bafbfeb00:   0000000010000000 0000000000000000
0x0000005bafbfeb10:   00007e731800cbe3 cccccccccccccccd
0x0000005bafbfeb20:   000002227f1b3700 0000000000000001
0x0000005bafbfeb30:   0000000000000001 0000000000000001
0x0000005bafbfeb40:   0000000000000000 0000005bafbfe920
0x0000005bafbfeb50:   0000005bafbfed00 00007ff9c681fcb4
0x0000005bafbfeb60:   000002220a02e000 00007ff9c44ef05b
0x0000005bafbfeb70:   00000000000000ba 0000000000000001
0x0000005bafbfeb80:   000002227f1b3790 0000005bafbfeda0
0x0000005bafbfeb90:   00000222004c0cc8 000002225fdfae48
0x0000005bafbfeba0:   0000000000000001 000002227f75e6e8
0x0000005bafbfebb0:   0000005bafbfed68 00007ff9c681fae2
0x0000005bafbfebc0:   000002227f2ee930 00007ff97dbc0d41
0x0000005bafbfebd0:   0000000000000001 00000000ffffffff
0x0000005bafbfebe0:   00000000000026df 000000006d09aac3
0x0000005bafbfebf0:   0000022209a41ba0 0000000000000000
0x0000005bafbfec00:   000002227f1b3790 00007ff97dbc03df
0x0000005bafbfec10:   000002220a6fda90 000002227f75e6e8
0x0000005bafbfec20:   000002227f1b3a70 000000006d0b5a3e
0x0000005bafbfec30:   0000000000000000 0000000000000000
0x0000005bafbfec40:   0000300238982a98 0000000000000000
0x0000005bafbfec50:   00000222004c0cc8 000002227f75e6e8
0x0000005bafbfec60:   000002227f1b3a70 000000006d082a43
0x0000005bafbfec70:   0000022209f29478 00007ff97dcdc5ac 

Instructions: (pc=0x00007ff9c6853526)
0x00007ff9c6853426:   20 e9 ed fe ff ff 48 89 41 18 e9 e4 fe ff ff cc
0x00007ff9c6853436:   cc cc cc cc cc cc cc cc cc cc 80 3d c1 90 10 00
0x00007ff9c6853446:   00 0f 95 c0 c3 cc cc cc cc cc cc cc cc cc cc cc
0x00007ff9c6853456:   cc cc cc cc cc cc cc cc cc cc 48 83 ec 38 8b 05
0x00007ff9c6853466:   c2 76 10 00 89 44 24 20 e8 41 02 00 00 48 83 c4
0x00007ff9c6853476:   38 c3 cc cc cc cc cc cc cc cc 48 89 5c 24 18 55
0x00007ff9c6853486:   56 57 41 54 41 55 41 56 41 57 48 81 ec a0 00 00
0x00007ff9c6853496:   00 48 8b 05 72 10 12 00 48 33 c4 48 89 84 24 90
0x00007ff9c68534a6:   00 00 00 65 4c 8b 2c 25 30 00 00 00 48 8d 05 0f
0x00007ff9c68534b6:   31 10 00 40 32 ed 89 54 24 48 33 f6 40 88 6c 24
0x00007ff9c68534c6:   40 4c 89 6c 24 50 48 8b d9 44 8b e6 48 3b c8 0f
0x00007ff9c68534d6:   84 39 01 00 00 40 38 35 26 90 10 00 0f 85 a8 01
0x00007ff9c68534e6:   00 00 39 35 3a 90 10 00 0f 85 6a 01 00 00 40 38
0x00007ff9c68534f6:   35 fd 8a 10 00 48 8d 3d fe 8a 10 00 48 0f 45 fe
0x00007ff9c6853506:   48 39 73 18 0f 84 d2 00 00 00 48 8b 03 48 83 f8
0x00007ff9c6853516:   ff 0f 84 d2 00 00 00 44 8b fe 48 83 f8 ff 74 03
0x00007ff9c6853526:   ff 40 24 4c 8b 73 18 4c 8d 2d 94 30 10 00 bd 22
0x00007ff9c6853536:   17 00 00 e8 12 13 fc ff 85 c0 0f 85 06 b4 05 00
0x00007ff9c6853546:   b9 82 03 fe 7f 80 39 00 0f 85 14 b4 05 00 49 83
0x00007ff9c6853556:   fe ff 0f 85 a2 b4 05 00 4c 8b cf c7 44 24 20 00
0x00007ff9c6853566:   00 00 00 41 b8 04 00 00 00 48 8d 54 24 48 48 8d
0x00007ff9c6853576:   4b 08 e8 37 01 00 00 3d 02 01 00 00 0f 84 8b b4
0x00007ff9c6853586:   05 00 8b 4b 08 89 4c 24 48 f6 c1 02 75 ca 3d 02
0x00007ff9c6853596:   01 00 00 0f 84 74 b4 05 00 0f b6 6c 24 40 4c 8b
0x00007ff9c68535a6:   6c 24 50 85 c0 0f 88 c0 b5 05 00 40 84 ed 75 73
0x00007ff9c68535b6:   48 8b 8c 24 90 00 00 00 48 33 cc e8 7a 8d 02 00
0x00007ff9c68535c6:   48 8b 9c 24 f0 00 00 00 48 81 c4 a0 00 00 00 41
0x00007ff9c68535d6:   5f 41 5e 41 5d 41 5c 5f 5e 5d c3 cc 48 8b cb e8
0x00007ff9c68535e6:   56 05 00 00 e9 21 ff ff ff 8b 4b 20 48 c7 c0 ff
0x00007ff9c68535f6:   ff ff ff 48 0f ba e1 18 0f 82 19 ff ff ff 48 8b
0x00007ff9c6853606:   cb e8 34 e2 fa ff 48 8b 03 e9 09 ff ff ff c6 44
0x00007ff9c6853616:   24 40 01 41 c7 85 60 17 00 00 01 00 00 00 e9 b2 


Stack slot to memory mapping:
stack at sp + 0 slots: 0xffffffffffffffff is an unknown value
stack at sp + 1 slots: 0x0000005bafbfe920 is pointing into the stack for thread: 0x000002227f1b3790
stack at sp + 2 slots: 0x0000005bafbfeba0 is pointing into the stack for thread: 0x000002227f1b3790
stack at sp + 3 slots: 0x0000000000000001 is an unknown value
stack at sp + 4 slots: 0x000002220a01e8a0 points into unknown readable memory: 0x000002225fa16b40 | 40 6b a1 5f 22 02 00 00
stack at sp + 5 slots: 0x000002220000000a is pointing into metadata
stack at sp + 6 slots: 0x0000000010000000 is an unknown value
stack at sp + 7 slots: 0x000002227f2ee840 points into unknown readable memory: 0x000002220a01e8a0 | a0 e8 01 0a 22 02 00 00


---------------  P R O C E S S  ---------------

Threads class SMR info:
_java_thread_list=0x000002227f0f8e60, length=25, elements={
0x000002227e691e70, 0x000002227e69ac30, 0x000002227e69c720, 0x000002227e69d060,
0x000002227e6a0d80, 0x000002227e6c4eb0, 0x000002227e6c69c0, 0x000002227e6c9330,
0x000002227e6c2430, 0x000002227e6c5400, 0x000002227e6c3420, 0x000002227e6c2ed0,
0x000002227e6c3ec0, 0x000002227e6c3970, 0x000002227e6c4960, 0x000002227f1ae290,
0x000002227f1abd60, 0x000002227f1b0d10, 0x000002227f1ac2b0, 0x000002227f1b1d00,
0x000002227f1ae7e0, 0x000002227f1b3240, 0x000002227f1aed30, 0x000002227f1b3790,
0x000002227f1afd20
}

Java Threads: ( => current thread )
  0x000002227e691e70 JavaThread "Reference Handler" daemon [_thread_blocked, id=10892, stack(0x0000005bad400000,0x0000005bad500000)]
  0x000002227e69ac30 JavaThread "Finalizer" daemon [_thread_blocked, id=10044, stack(0x0000005bad500000,0x0000005bad600000)]
  0x000002227e69c720 JavaThread "Signal Dispatcher" daemon [_thread_blocked, id=10452, stack(0x0000005bad600000,0x0000005bad700000)]
  0x000002227e69d060 JavaThread "Attach Listener" daemon [_thread_blocked, id=12084, stack(0x0000005bad700000,0x0000005bad800000)]
  0x000002227e6a0d80 JavaThread "Service Thread" daemon [_thread_blocked, id=5664, stack(0x0000005bad800000,0x0000005bad900000)]
  0x000002227e6c4eb0 JavaThread "Monitor Deflation Thread" daemon [_thread_blocked, id=9240, stack(0x0000005bad900000,0x0000005bada00000)]
  0x000002227e6c69c0 JavaThread "C2 CompilerThread0" daemon [_thread_blocked, id=5824, stack(0x0000005bada00000,0x0000005badb00000)]
  0x000002227e6c9330 JavaThread "C1 CompilerThread0" daemon [_thread_blocked, id=12852, stack(0x0000005badb00000,0x0000005badc00000)]
  0x000002227e6c2430 JavaThread "Common-Cleaner" daemon [_thread_blocked, id=11468, stack(0x0000005badc00000,0x0000005badd00000)]
  0x000002227e6c5400 JavaThread "Monitor Ctrl-Break" daemon [_thread_in_native, id=12132, stack(0x0000005badd00000,0x0000005bade00000)]
  0x000002227e6c3420 JavaThread "Notification Thread" daemon [_thread_blocked, id=3760, stack(0x0000005bade00000,0x0000005badf00000)]
  0x000002227e6c2ed0 JavaThread "Java2D Disposer" daemon [_thread_blocked, id=4108, stack(0x0000005bae200000,0x0000005bae300000)]
  0x000002227e6c3ec0 JavaThread "AWT-Shutdown" [_thread_blocked, id=8856, stack(0x0000005bae300000,0x0000005bae400000)]
  0x000002227e6c3970 JavaThread "AWT-Windows" daemon [_thread_in_native, id=5108, stack(0x0000005bae400000,0x0000005bae500000)]
  0x000002227e6c4960 JavaThread "AWT-EventQueue-0" [_thread_blocked, id=3700, stack(0x0000005bae500000,0x0000005bae600000)]
  0x000002227f1ae290 JavaThread "DestroyJavaVM" [_thread_blocked, id=5608, stack(0x0000005bacd00000,0x0000005bace00000)]
  0x000002227f1abd60 JavaThread "D3D Screen Updater" daemon [_thread_blocked, id=10712, stack(0x0000005baf200000,0x0000005baf300000)]
  0x000002227f1b0d10 JavaThread "TimerQueue" daemon [_thread_blocked, id=10460, stack(0x0000005bafa00000,0x0000005bafb00000)]
  0x000002227f1ac2b0 JavaThread "OkHttp en.wikipedia.org" [_thread_in_native, id=12708, stack(0x0000005baff00000,0x0000005bb0000000)]
  0x000002227f1b1d00 JavaThread "OkHttp ConnectionPool" daemon [_thread_blocked, id=8400, stack(0x0000005bb0000000,0x0000005bb0100000)]
  0x000002227f1ae7e0 JavaThread "Okio Watchdog" daemon [_thread_blocked, id=7312, stack(0x0000005bb0100000,0x0000005bb0200000)]
  0x000002227f1b3240 JavaThread "OkHttp en.wikipedia.org Writer" [_thread_blocked, id=2476, stack(0x0000005bb0200000,0x0000005bb0300000)]
  0x000002227f1aed30 JavaThread "OkHttp Http2Connection" daemon [_thread_blocked, id=4248, stack(0x0000005bb0300000,0x0000005bb0400000)]
=>0x000002227f1b3790 JavaThread "Thread-3" [_thread_in_native, id=264, stack(0x0000005bafb00000,0x0000005bafc00000)]
  0x000002227f1afd20 JavaThread "Thread-4" [_thread_blocked, id=13300, stack(0x0000005bb0400000,0x0000005bb0500000)]

Other Threads:
  0x000002227e678050 VMThread "VM Thread" [stack: 0x0000005bad300000,0x0000005bad400000] [id=10100]
  0x000002225fcbea50 WatcherThread "VM Periodic Task Thread" [stack: 0x0000005badf00000,0x0000005bae000000] [id=2068]
  0x000002225fd1ed90 WorkerThread "GC Thread#0" [stack: 0x0000005bace00000,0x0000005bacf00000] [id=2788]
  0x00000222099228f0 WorkerThread "GC Thread#1" [stack: 0x0000005baf300000,0x0000005baf400000] [id=5356]
  0x0000022209922bc0 WorkerThread "GC Thread#2" [stack: 0x0000005baf400000,0x0000005baf500000] [id=11172]
  0x0000022209922e90 WorkerThread "GC Thread#3" [stack: 0x0000005baf500000,0x0000005baf600000] [id=3948]
  0x0000022209921540 WorkerThread "GC Thread#4" [stack: 0x0000005baf600000,0x0000005baf700000] [id=6020]
  0x0000022209a941a0 WorkerThread "GC Thread#5" [stack: 0x0000005baf700000,0x0000005baf800000] [id=12308]
  0x0000022209a93390 WorkerThread "GC Thread#6" [stack: 0x0000005baf800000,0x0000005baf900000] [id=10228]
  0x0000022209a91fe0 WorkerThread "GC Thread#7" [stack: 0x0000005baf900000,0x0000005bafa00000] [id=4244]
  0x000002225fd31be0 ConcurrentGCThread "G1 Main Marker" [stack: 0x0000005bacf00000,0x0000005bad000000] [id=10536]
  0x000002225fd32cb0 WorkerThread "G1 Conc#0" [stack: 0x0000005bad000000,0x0000005bad100000] [id=7476]
  0x0000022209a914a0 WorkerThread "G1 Conc#1" [stack: 0x0000005bb0600000,0x0000005bb0700000] [id=12036]
  0x000002225fd8e8b0 ConcurrentGCThread "G1 Refine#0" [stack: 0x0000005bad100000,0x0000005bad200000] [id=11132]
  0x000002227e5264e0 ConcurrentGCThread "G1 Service" [stack: 0x0000005bad200000,0x0000005bad300000] [id=10956]

Threads with active compile tasks:

VM state: not at safepoint (normal execution)

VM Mutex/Monitor currently owned by a thread: None

Heap address: 0x0000000080c00000, size: 2036 MB, Compressed Oops mode: 32-bit

CDS archive(s) mapped at: [0x0000000800000000-0x0000000800c60000-0x0000000800c60000), size 12976128, SharedBaseAddress: 0x0000000800000000, ArchiveRelocationMode: 0.
Compressed class space mapped at: 0x0000000801000000-0x0000000841000000, reserved size: 1073741824
Narrow klass base: 0x0000000800000000, Narrow klass shift: 0, Narrow klass range: 0x100000000

GC Precious Log:
 CardTable entry size: 512
 Card Set container configuration: InlinePtr #cards 5 size 8 Array Of Cards #cards 12 size 40 Howl #buckets 4 coarsen threshold 1843 Howl Bitmap #cards 512 size 80 coarsen threshold 460 Card regions per heap region 1 cards per card region 2048
 CPUs: 8 total, 8 available
 Memory: 8139M
 Large Page Support: Disabled
 NUMA Support: Disabled
 Compressed Oops: Enabled (32-bit)
 Heap Region Size: 1M
 Heap Min Capacity: 8M
 Heap Initial Capacity: 128M
 Heap Max Capacity: 2036M
 Pre-touch: Disabled
 Parallel Workers: 8
 Concurrent Workers: 2
 Concurrent Refinement Workers: 8
 Periodic GC: Disabled

Heap:
 garbage-first heap   total 34816K, used 16663K [0x0000000080c00000, 0x0000000100000000)
  region size 1024K, 10 young (10240K), 2 survivors (2048K)
 Metaspace       used 21799K, committed 22080K, reserved 1114112K
  class space    used 2423K, committed 2560K, reserved 1048576K

Heap Regions: E=young(eden), S=young(survivor), O=old, HS=humongous(starts), HC=humongous(continues), CS=collection set, F=free, OA=open archive, CA=closed archive, TAMS=top-at-mark-start, PB=parsable bottom
|   0|0x0000000080c00000, 0x0000000080d00000, 0x0000000080d00000|100%| O|  |TAMS 0x0000000080c00000| PB 0x0000000080c00000| Untracked 
|   1|0x0000000080d00000, 0x0000000080e00000, 0x0000000080e00000|100%| O|  |TAMS 0x0000000080d00000| PB 0x0000000080d00000| Untracked 
|   2|0x0000000080e00000, 0x0000000080f00000, 0x0000000080f00000|100%| O|  |TAMS 0x0000000080e00000| PB 0x0000000080e00000| Untracked 
|   3|0x0000000080f00000, 0x0000000081000000, 0x0000000081000000|100%|HS|  |TAMS 0x0000000080f00000| PB 0x0000000080f00000| Complete 
|   4|0x0000000081000000, 0x0000000081100000, 0x0000000081100000|100%| O|  |TAMS 0x0000000081000000| PB 0x0000000081000000| Untracked 
|   5|0x0000000081100000, 0x0000000081200000, 0x0000000081200000|100%| O|  |TAMS 0x0000000081100000| PB 0x0000000081100000| Untracked 
|   6|0x0000000081200000, 0x0000000081300000, 0x0000000081300000|100%| O|  |TAMS 0x0000000081200000| PB 0x0000000081200000| Untracked 
|   7|0x0000000081300000, 0x0000000081333200, 0x0000000081400000| 19%| O|  |TAMS 0x0000000081300000| PB 0x0000000081300000| Complete 
|   8|0x0000000081400000, 0x0000000081500000, 0x0000000081500000|100%|HS|  |TAMS 0x0000000081400000| PB 0x0000000081400000| Complete 
|   9|0x0000000081500000, 0x0000000081500000, 0x0000000081600000|  0%| F|  |TAMS 0x0000000081500000| PB 0x0000000081500000| Untracked 
|  10|0x0000000081600000, 0x0000000081600000, 0x0000000081700000|  0%| F|  |TAMS 0x0000000081600000| PB 0x0000000081600000| Untracked 
|  11|0x0000000081700000, 0x0000000081700000, 0x0000000081800000|  0%| F|  |TAMS 0x0000000081700000| PB 0x0000000081700000| Untracked 
|  12|0x0000000081800000, 0x0000000081800000, 0x0000000081900000|  0%| F|  |TAMS 0x0000000081800000| PB 0x0000000081800000| Untracked 
|  13|0x0000000081900000, 0x0000000081900000, 0x0000000081a00000|  0%| F|  |TAMS 0x0000000081900000| PB 0x0000000081900000| Untracked 
|  14|0x0000000081a00000, 0x0000000081a00000, 0x0000000081b00000|  0%| F|  |TAMS 0x0000000081a00000| PB 0x0000000081a00000| Untracked 
|  15|0x0000000081b00000, 0x0000000081b00000, 0x0000000081c00000|  0%| F|  |TAMS 0x0000000081b00000| PB 0x0000000081b00000| Untracked 
|  16|0x0000000081c00000, 0x0000000081c00000, 0x0000000081d00000|  0%| F|  |TAMS 0x0000000081c00000| PB 0x0000000081c00000| Untracked 
|  17|0x0000000081d00000, 0x0000000081d00000, 0x0000000081e00000|  0%| F|  |TAMS 0x0000000081d00000| PB 0x0000000081d00000| Untracked 
|  18|0x0000000081e00000, 0x0000000081e00000, 0x0000000081f00000|  0%| F|  |TAMS 0x0000000081e00000| PB 0x0000000081e00000| Untracked 
|  19|0x0000000081f00000, 0x0000000081f00000, 0x0000000082000000|  0%| F|  |TAMS 0x0000000081f00000| PB 0x0000000081f00000| Untracked 
|  20|0x0000000082000000, 0x0000000082000000, 0x0000000082100000|  0%| F|  |TAMS 0x0000000082000000| PB 0x0000000082000000| Untracked 
|  21|0x0000000082100000, 0x0000000082100000, 0x0000000082200000|  0%| F|  |TAMS 0x0000000082100000| PB 0x0000000082100000| Untracked 
|  22|0x0000000082200000, 0x0000000082200000, 0x0000000082300000|  0%| F|  |TAMS 0x0000000082200000| PB 0x0000000082200000| Untracked 
|  23|0x0000000082300000, 0x0000000082300000, 0x0000000082400000|  0%| F|  |TAMS 0x0000000082300000| PB 0x0000000082300000| Untracked 
|  24|0x0000000082400000, 0x00000000824e15d8, 0x0000000082500000| 88%| E|  |TAMS 0x0000000082400000| PB 0x0000000082400000| Complete 
|  25|0x0000000082500000, 0x0000000082600000, 0x0000000082600000|100%| E|CS|TAMS 0x0000000082500000| PB 0x0000000082500000| Complete 
|  26|0x0000000082600000, 0x0000000082700000, 0x0000000082700000|100%| E|CS|TAMS 0x0000000082600000| PB 0x0000000082600000| Complete 
|  27|0x0000000082700000, 0x0000000082800000, 0x0000000082800000|100%| E|CS|TAMS 0x0000000082700000| PB 0x0000000082700000| Complete 
|  28|0x0000000082800000, 0x0000000082900000, 0x0000000082900000|100%| E|CS|TAMS 0x0000000082800000| PB 0x0000000082800000| Complete 
|  29|0x0000000082900000, 0x0000000082a00000, 0x0000000082a00000|100%| E|CS|TAMS 0x0000000082900000| PB 0x0000000082900000| Complete 
|  30|0x0000000082a00000, 0x0000000082b00000, 0x0000000082b00000|100%| E|CS|TAMS 0x0000000082a00000| PB 0x0000000082a00000| Complete 
| 117|0x0000000088100000, 0x0000000088112c50, 0x0000000088200000|  7%| S|CS|TAMS 0x0000000088100000| PB 0x0000000088100000| Complete 
| 118|0x0000000088200000, 0x0000000088300000, 0x0000000088300000|100%| S|CS|TAMS 0x0000000088200000| PB 0x0000000088200000| Complete 
| 127|0x0000000088b00000, 0x0000000088c00000, 0x0000000088c00000|100%| E|CS|TAMS 0x0000000088b00000| PB 0x0000000088b00000| Complete 

Card table byte_map: [0x0000022279400000,0x0000022279800000] _byte_map_base: 0x0000022278ffa000

Marking Bits: (CMBitMap*) 0x000002225fd202d0
 Bits: [0x0000022279c00000, 0x000002227bbd0000)

Polling page: 0x000002225fd90000

Metaspace:

Usage:
  Non-class:     18.92 MB used.
      Class:      2.37 MB used.
       Both:     21.29 MB used.

Virtual space:
  Non-class space:       64.00 MB reserved,      19.06 MB ( 30%) committed,  1 nodes.
      Class space:        1.00 GB reserved,       2.50 MB ( <1%) committed,  1 nodes.
             Both:        1.06 GB reserved,      21.56 MB (  2%) committed. 

Chunk freelists:
   Non-Class:  720.00 KB
       Class:  1.48 MB
        Both:  2.19 MB

MaxMetaspaceSize: unlimited
CompressedClassSpaceSize: 1.00 GB
Initial GC threshold: 21.00 MB
Current GC threshold: 35.31 MB
CDS: on
MetaspaceReclaimPolicy: balanced
 - commit_granule_bytes: 65536.
 - commit_granule_words: 8192.
 - virtual_space_node_default_size: 8388608.
 - enlarge_chunks_in_place: 1.
 - new_chunks_are_fully_committed: 0.
 - uncommit_free_chunks: 1.
 - use_allocation_guard: 0.


Internal statistics:

num_allocs_failed_limit: 3.
num_arena_births: 224.
num_arena_deaths: 0.
num_vsnodes_births: 2.
num_vsnodes_deaths: 0.
num_space_committed: 345.
num_space_uncommitted: 0.
num_chunks_returned_to_freelist: 3.
num_chunks_taken_from_freelist: 460.
num_chunk_merges: 0.
num_chunk_splits: 265.
num_chunks_enlarged: 147.
num_inconsistent_stats: 0.

CodeHeap 'non-profiled nmethods': size=120000Kb used=1071Kb max_used=1071Kb free=118928Kb
 bounds [0x0000022271060000, 0x00000222712d0000, 0x0000022278590000]
CodeHeap 'profiled nmethods': size=120000Kb used=5893Kb max_used=5893Kb free=114106Kb
 bounds [0x0000022269590000, 0x0000022269b60000, 0x0000022270ac0000]
CodeHeap 'non-nmethods': size=5760Kb used=1768Kb max_used=1789Kb free=3991Kb
 bounds [0x0000022270ac0000, 0x0000022270d30000, 0x0000022271060000]
 total_blobs=3958 nmethods=3218 adapters=649
 compilation: enabled
              stopped_count=0, restarted_count=0
 full_count=0

Compilation events (20 events):
Event: 12.507 Thread 0x000002227e6c9330 3199       1       javax.swing.JComponent::isManagingFocus (2 bytes)
Event: 12.507 Thread 0x000002227e6c9330 nmethod 3199 0x0000022271169b90 code [0x0000022271169d00, 0x0000022271169dc8]
Event: 12.507 Thread 0x000002227e6c9330 3201       3       sun.java2d.pipe.Region::isInsideQuickCheck (57 bytes)
Event: 12.507 Thread 0x000002227e6c9330 nmethod 3201 0x0000022269b49190 code [0x0000022269b49320, 0x0000022269b49590]
Event: 12.509 Thread 0x000002227e6c9330 3202       3       java.lang.invoke.BoundMethodHandle$SpeciesData::extendWith (62 bytes)
Event: 12.509 Thread 0x000002227e6c9330 nmethod 3202 0x0000022269b49690 code [0x0000022269b498e0, 0x0000022269b4a2c8]
Event: 12.509 Thread 0x000002227e6c9330 3203       3       java.lang.invoke.ClassSpecializer$SpeciesData::transformHelper (56 bytes)
Event: 12.510 Thread 0x000002227e6c69c0 3204       4       java.awt.Component::getGraphicsConfiguration (5 bytes)
Event: 12.510 Thread 0x000002227e6c9330 nmethod 3203 0x0000022269b4a690 code [0x0000022269b4a920, 0x0000022269b4b830]
Event: 12.511 Thread 0x000002227e6c69c0 nmethod 3204 0x0000022271169e90 code [0x000002227116a000, 0x000002227116a090]
Event: 12.513 Thread 0x000002227e6c9330 3205       3       javax.swing.plaf.metal.MetalLookAndFeel::getCurrentTheme (88 bytes)
Event: 12.514 Thread 0x000002227e6c69c0 3209       4       java.awt.geom.AffineTransform::equals (104 bytes)
Event: 12.514 Thread 0x000002227e6c9330 nmethod 3205 0x0000022269b4bc90 code [0x0000022269b4bfa0, 0x0000022269b4d008]
Event: 12.514 Thread 0x000002227e6c9330 3206       3       sun.java2d.SunGraphics2D::transformShape (36 bytes)
Event: 12.514 Thread 0x000002227e6c9330 nmethod 3206 0x0000022269b4d590 code [0x0000022269b4d740, 0x0000022269b4d990]
Event: 12.514 Thread 0x000002227e6c9330 3207       3       sun.font.FontDesignMetrics::getDescent (10 bytes)
Event: 12.515 Thread 0x000002227e6c9330 nmethod 3207 0x0000022269b4da90 code [0x0000022269b4dc20, 0x0000022269b4dd60]
Event: 12.515 Thread 0x000002227e6c9330 3208       3       sun.swing.SwingUtilities2::getFontMetrics (18 bytes)
Event: 12.515 Thread 0x000002227e6c9330 nmethod 3208 0x0000022269b4de10 code [0x0000022269b4e000, 0x0000022269b4e4e8]
Event: 12.516 Thread 0x000002227e6c69c0 nmethod 3209 0x000002227116a190 code [0x000002227116a320, 0x000002227116a610]

GC Heap History (4 events):
Event: 3.229 GC heap before
{Heap before GC invocations=0 (full 0):
 garbage-first heap   total 131072K, used 22528K [0x0000000080c00000, 0x0000000100000000)
  region size 1024K, 23 young (23552K), 0 survivors (0K)
 Metaspace       used 15874K, committed 16128K, reserved 1114112K
  class space    used 1765K, committed 1920K, reserved 1048576K
}
Event: 3.238 GC heap after
{Heap after GC invocations=1 (full 0):
 garbage-first heap   total 131072K, used 6144K [0x0000000080c00000, 0x0000000100000000)
  region size 1024K, 3 young (3072K), 3 survivors (3072K)
 Metaspace       used 15874K, committed 16128K, reserved 1114112K
  class space    used 1765K, committed 1920K, reserved 1048576K
}
Event: 7.297 GC heap before
{Heap before GC invocations=1 (full 0):
 garbage-first heap   total 131072K, used 15360K [0x0000000080c00000, 0x0000000100000000)
  region size 1024K, 12 young (12288K), 3 survivors (3072K)
 Metaspace       used 21318K, committed 21504K, reserved 1114112K
  class space    used 2370K, committed 2432K, reserved 1048576K
}
Event: 7.302 GC heap after
{Heap after GC invocations=2 (full 0):
 garbage-first heap   total 131072K, used 7447K [0x0000000080c00000, 0x0000000100000000)
  region size 1024K, 2 young (2048K), 2 survivors (2048K)
 Metaspace       used 21318K, committed 21504K, reserved 1114112K
  class space    used 2370K, committed 2432K, reserved 1048576K
}

Dll operation events (15 events):
Event: 0.011 Loaded shared library C:\Users\Joaquin\.jdks\openjdk-20\bin\java.dll
Event: 0.023 Loaded shared library C:\Users\Joaquin\.jdks\openjdk-20\bin\jsvml.dll
Event: 0.119 Loaded shared library C:\Users\Joaquin\.jdks\openjdk-20\bin\zip.dll
Event: 0.122 Loaded shared library C:\Users\Joaquin\.jdks\openjdk-20\bin\instrument.dll
Event: 0.129 Loaded shared library C:\Users\Joaquin\.jdks\openjdk-20\bin\net.dll
Event: 0.132 Loaded shared library C:\Users\Joaquin\.jdks\openjdk-20\bin\nio.dll
Event: 0.137 Loaded shared library C:\Users\Joaquin\.jdks\openjdk-20\bin\zip.dll
Event: 0.156 Loaded shared library C:\Program Files\JetBrains\IntelliJ IDEA Community Edition 2023.1.1\bin\breakgen64.dll
Event: 0.168 Loaded shared library C:\Users\Joaquin\.jdks\openjdk-20\bin\extnet.dll
Event: 0.204 Loaded shared library C:\Users\Joaquin\.jdks\openjdk-20\bin\jimage.dll
Event: 0.396 Loaded shared library C:\Users\Joaquin\.jdks\openjdk-20\bin\sunmscapi.dll
Event: 0.793 Loaded shared library C:\Users\Joaquin\AppData\Local\Temp\sqlite-3.21.0-fe64df5f-bb38-4a2f-bd6f-2da3b8b62439-sqlitejdbc.dll
Event: 0.825 Loaded shared library C:\Users\Joaquin\.jdks\openjdk-20\bin\awt.dll
Event: 1.284 Loaded shared library C:\Users\Joaquin\.jdks\openjdk-20\bin\freetype.dll
Event: 1.285 Loaded shared library C:\Users\Joaquin\.jdks\openjdk-20\bin\fontmanager.dll

Deoptimization events (20 events):
Event: 10.904 Thread 0x000002227f1b3790 Uncommon trap: trap_request=0xffffffde fr.pc=0x000002227114b46c relative=0x00000000000005cc
Event: 10.904 Thread 0x000002227f1b3790 Uncommon trap: reason=class_check action=maybe_recompile pc=0x000002227114b46c method=javax.swing.text.html.StyleSheet$ViewAttributeSet.getAttribute(Ljava/lang/Object;)Ljava/lang/Object; @ 33 c2
Event: 10.904 Thread 0x000002227f1b3790 DEOPT PACKING pc=0x000002227114b46c sp=0x0000005bb04fe470
Event: 10.904 Thread 0x000002227f1b3790 DEOPT UNPACKING pc=0x0000022270b29d22 sp=0x0000005bb04fe440 mode 2
Event: 10.904 Thread 0x000002227f1b3790 Uncommon trap: trap_request=0xffffffde fr.pc=0x000002227114b46c relative=0x00000000000005cc
Event: 10.904 Thread 0x000002227f1b3790 Uncommon trap: reason=class_check action=maybe_recompile pc=0x000002227114b46c method=javax.swing.text.html.StyleSheet$ViewAttributeSet.getAttribute(Ljava/lang/Object;)Ljava/lang/Object; @ 33 c2
Event: 10.904 Thread 0x000002227f1b3790 DEOPT PACKING pc=0x000002227114b46c sp=0x0000005bb04fe470
Event: 10.904 Thread 0x000002227f1b3790 DEOPT UNPACKING pc=0x0000022270b29d22 sp=0x0000005bb04fe440 mode 2
Event: 10.948 Thread 0x000002227f1b3790 Uncommon trap: trap_request=0xffffff45 fr.pc=0x0000022271100b90 relative=0x0000000000000090
Event: 10.948 Thread 0x000002227f1b3790 Uncommon trap: reason=unstable_if action=reinterpret pc=0x0000022271100b90 method=java.awt.Component.inside(II)Z @ 1 c2
Event: 10.948 Thread 0x000002227f1b3790 DEOPT PACKING pc=0x0000022271100b90 sp=0x0000005bb04feac0
Event: 10.948 Thread 0x000002227f1b3790 DEOPT UNPACKING pc=0x0000022270b29d22 sp=0x0000005bb04fe950 mode 2
Event: 10.957 Thread 0x000002227f1b3790 Uncommon trap: trap_request=0xffffff45 fr.pc=0x000002227114ee00 relative=0x0000000000000080
Event: 10.957 Thread 0x000002227f1b3790 Uncommon trap: reason=unstable_if action=reinterpret pc=0x000002227114ee00 method=java.awt.Component.inside(II)Z @ 1 c2
Event: 10.957 Thread 0x000002227f1b3790 DEOPT PACKING pc=0x000002227114ee00 sp=0x0000005bb04fe950
Event: 10.957 Thread 0x000002227f1b3790 DEOPT UNPACKING pc=0x0000022270b29d22 sp=0x0000005bb04fe8e0 mode 2
Event: 12.509 Thread 0x000002227f1b3790 Uncommon trap: trap_request=0xffffff45 fr.pc=0x00000222710b4348 relative=0x0000000000000248
Event: 12.509 Thread 0x000002227f1b3790 Uncommon trap: reason=unstable_if action=reinterpret pc=0x00000222710b4348 method=java.lang.String.startsWith(Ljava/lang/String;I)Z @ 50 c2
Event: 12.509 Thread 0x000002227f1b3790 DEOPT PACKING pc=0x00000222710b4348 sp=0x0000005bafbfedf0
Event: 12.509 Thread 0x000002227f1b3790 DEOPT UNPACKING pc=0x0000022270b29d22 sp=0x0000005bafbfed50 mode 2

Classes loaded (20 events):
Event: 10.669 Loading class jdk/internal/event/ThreadSleepEvent
Event: 10.669 Loading class jdk/internal/event/ThreadSleepEvent done
Event: 10.673 Loading class java/awt/Event
Event: 10.673 Loading class java/awt/Event done
Event: 10.673 Loading class java/awt/event/MouseWheelEvent
Event: 10.673 Loading class java/awt/event/MouseWheelEvent done
Event: 10.896 Loading class java/util/ConcurrentModificationException
Event: 10.896 Loading class java/util/ConcurrentModificationException done
Event: 10.952 Loading class sun/java2d/pipe/ShapeSpanIterator
Event: 10.952 Loading class sun/java2d/pipe/SpanIterator
Event: 10.952 Loading class sun/java2d/pipe/SpanIterator done
Event: 10.952 Loading class sun/awt/geom/PathConsumer2D
Event: 10.952 Loading class sun/awt/geom/PathConsumer2D done
Event: 10.952 Loading class sun/java2d/pipe/ShapeSpanIterator done
Event: 10.952 Loading class java/awt/geom/Path2D$Float$TxIterator
Event: 10.952 Loading class java/awt/geom/Path2D$Iterator
Event: 10.952 Loading class java/awt/geom/PathIterator
Event: 10.952 Loading class java/awt/geom/PathIterator done
Event: 10.952 Loading class java/awt/geom/Path2D$Iterator done
Event: 10.952 Loading class java/awt/geom/Path2D$Float$TxIterator done

Classes unloaded (0 events):
No events

Classes redefined (0 events):
No events

Internal exceptions (20 events):
Event: 0.169 Thread 0x000002227e6c5400 Exception <a 'java/lang/NoSuchMethodError'{0x00000000889f32c0}: 'void java.lang.invoke.DirectMethodHandle$Holder.invokeStatic(java.lang.Object, java.lang.Object)'> (0x00000000889f32c0) 
thrown [s\open\src\hotspot\share\interpreter\linkResolver.cpp, line 773]
Event: 0.323 Thread 0x000002225fcbde50 Exception <a 'java/lang/NoSuchMethodError'{0x00000000885cbed8}: 'void java.lang.invoke.DirectMethodHandle$Holder.invokeVirtual(java.lang.Object, java.lang.Object)'> (0x00000000885cbed8) 
thrown [s\open\src\hotspot\share\interpreter\linkResolver.cpp, line 773]
Event: 0.426 Thread 0x000002225fcbde50 Exception <a 'sun/nio/fs/WindowsException'{0x00000000881d0490}> (0x00000000881d0490) 
thrown [s\open\src\hotspot\share\prims\jni.cpp, line 519]
Event: 0.476 Thread 0x000002225fcbde50 Exception <a 'java/lang/NoSuchMethodError'{0x00000000880832c8}: 'java.lang.Object java.lang.invoke.DirectMethodHandle$Holder.invokeStaticInit(java.lang.Object, int, int, int, int)'> (0x00000000880832c8) 
thrown [s\open\src\hotspot\share\interpreter\linkResolver.cpp, line 773]
Event: 0.523 Thread 0x000002225fcbde50 Exception <a 'java/lang/NoSuchMethodError'{0x0000000087f15db0}: 'java.lang.Object java.lang.invoke.DirectMethodHandle$Holder.invokeStaticInit(java.lang.Object, java.lang.Object, int, int, int, int)'> (0x0000000087f15db0) 
thrown [s\open\src\hotspot\share\interpreter\linkResolver.cpp, line 773]
Event: 0.821 Thread 0x000002225fcbde50 Exception <a 'java/lang/ClassNotFoundException'{0x0000000087cc4fb8}: sun/awt/resources/spi/awtProvider> (0x0000000087cc4fb8) 
thrown [s\open\src\hotspot\share\classfile\systemDictionary.cpp, line 305]
Event: 0.826 Thread 0x000002225fcbde50 Exception <a 'java/io/FileNotFoundException'{0x0000000087ccf5a0}> (0x0000000087ccf5a0) 
thrown [s\open\src\hotspot\share\prims\jni.cpp, line 519]
Event: 0.836 Thread 0x000002225fcbde50 Exception <a 'java/io/FileNotFoundException'{0x0000000087cf94a0}> (0x0000000087cf94a0) 
thrown [s\open\src\hotspot\share\prims\jni.cpp, line 519]
Event: 0.899 Thread 0x000002225fcbde50 Exception <a 'java/lang/NoSuchMethodError'{0x0000000087b75c78}: 'void java.lang.invoke.DirectMethodHandle$Holder.invokeSpecial(java.lang.Object, java.lang.Object, java.lang.Object)'> (0x0000000087b75c78) 
thrown [s\open\src\hotspot\share\interpreter\linkResolver.cpp, line 773]
Event: 0.907 Thread 0x000002225fcbde50 Exception <a 'java/lang/NoSuchMethodError'{0x0000000087a29c90}: 'java.lang.Object java.lang.invoke.DirectMethodHandle$Holder.newInvokeSpecial(java.lang.Object, java.lang.Object, java.lang.Object, java.lang.Object, java.lang.Object)'> (0x0000000087a29c90) 
thrown [s\open\src\hotspot\share\interpreter\linkResolver.cpp, line 773]
Event: 0.914 Thread 0x000002225fcbde50 Exception <a 'java/lang/NoSuchMethodError'{0x0000000087a5a310}: 'java.lang.Object java.lang.invoke.DirectMethodHandle$Holder.invokeStatic(java.lang.Object, int, java.lang.Object)'> (0x0000000087a5a310) 
thrown [s\open\src\hotspot\share\interpreter\linkResolver.cpp, line 773]
Event: 0.957 Thread 0x000002225fcbde50 Exception <a 'java/lang/ClassNotFoundException'{0x0000000087922eb0}: com/sun/swing/internal/plaf/metal/resources/spi/metalProvider> (0x0000000087922eb0) 
thrown [s\open\src\hotspot\share\classfile\systemDictionary.cpp, line 305]
Event: 0.959 Thread 0x000002225fcbde50 Exception <a 'java/lang/ClassNotFoundException'{0x0000000087926be0}: com/sun/swing/internal/plaf/basic/resources/spi/basicProvider> (0x0000000087926be0) 
thrown [s\open\src\hotspot\share\classfile\systemDictionary.cpp, line 305]
Event: 0.982 Thread 0x000002225fcbde50 Implicit null exception at 0x00000222710cd8cd to 0x00000222710ce2d4
Event: 0.982 Thread 0x000002225fcbde50 Implicit null exception at 0x00000222710bfaa1 to 0x00000222710bfd04
Event: 0.984 Thread 0x000002225fcbde50 Implicit null exception at 0x00000222710b7b9a to 0x00000222710b7dd8
Event: 0.984 Thread 0x000002225fcbde50 Implicit null exception at 0x00000222710cb39d to 0x00000222710cb419
Event: 0.998 Thread 0x000002225fcbde50 Exception <a 'java/lang/NoSuchMethodError'{0x0000000087977260}: 'int java.lang.invoke.Invokers$Holder.invokeExact_MT(java.lang.Object, java.lang.Object)'> (0x0000000087977260) 
thrown [s\open\src\hotspot\share\interpreter\linkResolver.cpp, line 773]
Event: 1.070 Thread 0x000002227e69d060 Exception <a 'java/lang/NoSuchMethodError'{0x000000008771f450}: 'java.lang.Object java.lang.invoke.Invokers$Holder.invokeExact_MT(java.lang.Object, java.lang.Object, java.lang.Object, java.lang.Object, java.lang.Object, java.lang.Object)'> (0x000000008771f450) 
thrown [s\open\src\hotspot\share\interpreter\linkResolver.cpp, line 773]
Event: 1.279 Thread 0x000002225fcbde50 Exception <a 'java/lang/NoSuchMethodError'{0x00000000877dc808}: 'void java.lang.invoke.DirectMethodHandle$Holder.invokeStaticInit(java.lang.Object)'> (0x00000000877dc808) 
thrown [s\open\src\hotspot\share\interpreter\linkResolver.cpp, line 773]

VM Operations (20 events):
Event: 7.297 Executing VM operation: Cleanup
Event: 7.297 Executing VM operation: Cleanup done
Event: 7.297 Executing VM operation: CollectForMetadataAllocation
Event: 7.302 Executing VM operation: CollectForMetadataAllocation done
Event: 7.303 Executing VM operation: HandshakeAllThreads
Event: 7.303 Executing VM operation: HandshakeAllThreads done
Event: 7.309 Executing VM operation: G1PauseRemark
Event: 7.311 Executing VM operation: G1PauseRemark done
Event: 7.315 Executing VM operation: G1PauseCleanup
Event: 7.315 Executing VM operation: G1PauseCleanup done
Event: 8.316 Executing VM operation: Cleanup
Event: 8.316 Executing VM operation: Cleanup done
Event: 9.319 Executing VM operation: Cleanup
Event: 9.319 Executing VM operation: Cleanup done
Event: 10.329 Executing VM operation: Cleanup
Event: 10.329 Executing VM operation: Cleanup done
Event: 11.333 Executing VM operation: Cleanup
Event: 11.334 Executing VM operation: Cleanup done
Event: 12.335 Executing VM operation: Cleanup
Event: 12.335 Executing VM operation: Cleanup done

Events (20 events):
Event: 6.696 Thread 0x000002227eefd5e0 Thread exited: 0x000002227eefd5e0
Event: 6.696 Thread 0x0000022209b50840 Thread exited: 0x0000022209b50840
Event: 6.714 Thread 0x000002227f1ac2b0 Thread added: 0x000002227f1ac2b0
Event: 6.715 Thread 0x000002227f1b1d00 Thread added: 0x000002227f1b1d00
Event: 6.724 Thread 0x000002227f1ae7e0 Thread added: 0x000002227f1ae7e0
Event: 6.891 Thread 0x000002227f1b3240 Thread added: 0x000002227f1b3240
Event: 6.892 Thread 0x000002227f1aed30 Thread added: 0x000002227f1aed30
Event: 7.289 Thread 0x000002220a04dc00 Thread added: 0x000002220a04dc00
Event: 7.290 Thread 0x0000022209f51240 Thread added: 0x0000022209f51240
Event: 7.361 Thread 0x000002227f1b1260 Thread exited: 0x000002227f1b1260
Event: 7.839 Thread 0x0000022209f51240 Thread exited: 0x0000022209f51240
Event: 7.842 Thread 0x000002220a04dc00 Thread exited: 0x000002220a04dc00
Event: 10.653 Thread 0x000002220a6c5e70 Thread added: 0x000002220a6c5e70
Event: 10.670 Thread 0x000002227f1b3790 Thread added: 0x000002227f1b3790
Event: 10.893 Thread 0x000002220a6c5e70 Thread exited: 0x000002220a6c5e70
Event: 10.954 Thread 0x000002220a6c6400 Thread added: 0x000002220a6c6400
Event: 10.984 Thread 0x000002227f1b3790 Thread exited: 0x000002227f1b3790
Event: 11.408 Thread 0x000002220a6c6400 Thread exited: 0x000002220a6c6400
Event: 12.505 Thread 0x000002227f1b3790 Thread added: 0x000002227f1b3790
Event: 12.505 Thread 0x000002227f1afd20 Thread added: 0x000002227f1afd20


Dynamic libraries:
0x00007ff7a9290000 - 0x00007ff7a929e000 	C:\Users\Joaquin\.jdks\openjdk-20\bin\java.exe
0x00007ff9c67f0000 - 0x00007ff9c69e8000 	C:\Windows\SYSTEM32\ntdll.dll
0x00007ff9c5c50000 - 0x00007ff9c5d0f000 	C:\Windows\System32\KERNEL32.DLL
0x00007ff9c4150000 - 0x00007ff9c4446000 	C:\Windows\System32\KERNELBASE.dll
0x00007ff9c44e0000 - 0x00007ff9c45e0000 	C:\Windows\System32\ucrtbase.dll
0x00007ff9b5f70000 - 0x00007ff9b5f87000 	C:\Users\Joaquin\.jdks\openjdk-20\bin\jli.dll
0x00007ff9ab370000 - 0x00007ff9ab38b000 	C:\Users\Joaquin\.jdks\openjdk-20\bin\VCRUNTIME140.dll
0x00007ff9c4f80000 - 0x00007ff9c511d000 	C:\Windows\System32\USER32.dll
0x00007ff9c4820000 - 0x00007ff9c4842000 	C:\Windows\System32\win32u.dll
0x00007ff9b5af0000 - 0x00007ff9b5d8a000 	C:\Windows\WinSxS\amd64_microsoft.windows.common-controls_6595b64144ccf1df_6.0.19041.1110_none_60b5254171f9507e\COMCTL32.dll
0x00007ff9c4a20000 - 0x00007ff9c4a4c000 	C:\Windows\System32\GDI32.dll
0x00007ff9c4ee0000 - 0x00007ff9c4f7e000 	C:\Windows\System32\msvcrt.dll
0x00007ff9c4700000 - 0x00007ff9c4815000 	C:\Windows\System32\gdi32full.dll
0x00007ff9c3ed0000 - 0x00007ff9c3f6d000 	C:\Windows\System32\msvcp_win.dll
0x00007ff9c49f0000 - 0x00007ff9c4a20000 	C:\Windows\System32\IMM32.DLL
0x00007ff9b6720000 - 0x00007ff9b672c000 	C:\Users\Joaquin\.jdks\openjdk-20\bin\vcruntime140_1.dll
0x00007ff9998b0000 - 0x00007ff99993e000 	C:\Users\Joaquin\.jdks\openjdk-20\bin\msvcp140.dll
0x00007ff97d520000 - 0x00007ff97e1b7000 	C:\Users\Joaquin\.jdks\openjdk-20\bin\server\jvm.dll
0x00007ff9c4930000 - 0x00007ff9c49df000 	C:\Windows\System32\ADVAPI32.dll
0x00007ff9c5d20000 - 0x00007ff9c5dbc000 	C:\Windows\System32\sechost.dll
0x00007ff9c5dc0000 - 0x00007ff9c5ee6000 	C:\Windows\System32\RPCRT4.dll
0x00007ff9bfab0000 - 0x00007ff9bfab9000 	C:\Windows\SYSTEM32\WSOCK32.dll
0x00007ff9bb600000 - 0x00007ff9bb627000 	C:\Windows\SYSTEM32\WINMM.dll
0x00007ff9c5330000 - 0x00007ff9c539b000 	C:\Windows\System32\WS2_32.dll
0x00007ff9bdf20000 - 0x00007ff9bdf2a000 	C:\Windows\SYSTEM32\VERSION.dll
0x00007ff9c1db0000 - 0x00007ff9c1dc2000 	C:\Windows\SYSTEM32\kernel.appcore.dll
0x00007ff9b5f60000 - 0x00007ff9b5f6a000 	C:\Users\Joaquin\.jdks\openjdk-20\bin\jimage.dll
0x00007ff9be0e0000 - 0x00007ff9be2c4000 	C:\Windows\SYSTEM32\DBGHELP.DLL
0x00007ff9b13c0000 - 0x00007ff9b13f4000 	C:\Windows\SYSTEM32\dbgcore.DLL
0x00007ff9c4450000 - 0x00007ff9c44d2000 	C:\Windows\System32\bcryptPrimitives.dll
0x00007ff9a9330000 - 0x00007ff9a933e000 	C:\Users\Joaquin\.jdks\openjdk-20\bin\instrument.dll
0x00007ff999b90000 - 0x00007ff999bb6000 	C:\Users\Joaquin\.jdks\openjdk-20\bin\java.dll
0x00007ff9997d0000 - 0x00007ff9998a7000 	C:\Users\Joaquin\.jdks\openjdk-20\bin\jsvml.dll
0x00007ff9c54f0000 - 0x00007ff9c5c34000 	C:\Windows\System32\SHELL32.dll
0x00007ff9c1fb0000 - 0x00007ff9c2743000 	C:\Windows\SYSTEM32\windows.storage.dll
0x00007ff9c4a50000 - 0x00007ff9c4da4000 	C:\Windows\System32\combase.dll
0x00007ff9c3930000 - 0x00007ff9c395e000 	C:\Windows\SYSTEM32\Wldp.dll
0x00007ff9c4e30000 - 0x00007ff9c4edd000 	C:\Windows\System32\SHCORE.dll
0x00007ff9c5240000 - 0x00007ff9c5295000 	C:\Windows\System32\shlwapi.dll
0x00007ff9c3e10000 - 0x00007ff9c3e2f000 	C:\Windows\SYSTEM32\profapi.dll
0x00007ff999790000 - 0x00007ff9997a8000 	C:\Users\Joaquin\.jdks\openjdk-20\bin\zip.dll
0x00007ff999b70000 - 0x00007ff999b83000 	C:\Users\Joaquin\.jdks\openjdk-20\bin\net.dll
0x00007ff9bc9a0000 - 0x00007ff9bcaaa000 	C:\Windows\SYSTEM32\WINHTTP.dll
0x00007ff9c3690000 - 0x00007ff9c36fa000 	C:\Windows\system32\mswsock.dll
0x00007ff9997b0000 - 0x00007ff9997c6000 	C:\Users\Joaquin\.jdks\openjdk-20\bin\nio.dll
0x00007ff9999f0000 - 0x00007ff999a0a000 	C:\Program Files\JetBrains\IntelliJ IDEA Community Edition 2023.1.1\bin\breakgen64.dll
0x00007ff9aa340000 - 0x00007ff9aa347000 	C:\Users\Joaquin\.jdks\openjdk-20\bin\extnet.dll
0x00007ff9a8bb0000 - 0x00007ff9a8bbe000 	C:\Users\Joaquin\.jdks\openjdk-20\bin\sunmscapi.dll
0x00007ff9c3ff0000 - 0x00007ff9c414e000 	C:\Windows\System32\CRYPT32.dll
0x00007ff9c39a0000 - 0x00007ff9c39c8000 	C:\Windows\SYSTEM32\ncrypt.dll
0x00007ff9c3960000 - 0x00007ff9c399b000 	C:\Windows\SYSTEM32\NTASN1.dll
0x00007ff9c3880000 - 0x00007ff9c3898000 	C:\Windows\SYSTEM32\CRYPTSP.dll
0x00007ff9c2f40000 - 0x00007ff9c2f74000 	C:\Windows\system32\rsaenh.dll
0x00007ff9c3fc0000 - 0x00007ff9c3fe7000 	C:\Windows\System32\bcrypt.dll
0x00007ff9c3d90000 - 0x00007ff9c3dbe000 	C:\Windows\SYSTEM32\USERENV.dll
0x00007ff9c38a0000 - 0x00007ff9c38ac000 	C:\Windows\SYSTEM32\CRYPTBASE.dll
0x00007ff9c3330000 - 0x00007ff9c336c000 	C:\Windows\SYSTEM32\IPHLPAPI.DLL
0x00007ff9c5d10000 - 0x00007ff9c5d18000 	C:\Windows\System32\NSI.dll
0x00007ff9be980000 - 0x00007ff9be997000 	C:\Windows\SYSTEM32\dhcpcsvc6.DLL
0x00007ff9bdf80000 - 0x00007ff9bdf9d000 	C:\Windows\SYSTEM32\dhcpcsvc.DLL
0x00007ff9c3380000 - 0x00007ff9c344b000 	C:\Windows\SYSTEM32\DNSAPI.dll
0x000000006d080000 - 0x000000006d175000 	C:\Users\Joaquin\AppData\Local\Temp\sqlite-3.21.0-fe64df5f-bb38-4a2f-bd6f-2da3b8b62439-sqlitejdbc.dll
0x00007ff9995c0000 - 0x00007ff999750000 	C:\Users\Joaquin\.jdks\openjdk-20\bin\awt.dll
0x00007ff9c5420000 - 0x00007ff9c54ed000 	C:\Windows\System32\OLEAUT32.dll
0x00007ff9c16f0000 - 0x00007ff9c1781000 	C:\Windows\SYSTEM32\apphelp.dll
0x00007ff9c17f0000 - 0x00007ff9c188e000 	C:\Windows\system32\uxtheme.dll
0x00007ff9c5120000 - 0x00007ff9c5234000 	C:\Windows\System32\MSCTF.dll
0x00007ff9c5fb0000 - 0x00007ff9c60da000 	C:\Windows\System32\ole32.dll
0x00007ff9c1ac0000 - 0x00007ff9c1aef000 	C:\Windows\system32\DWMAPI.DLL
0x00007ff981b80000 - 0x00007ff981ca5000 	C:\Windows\system32\opengl32.dll
0x00007ff981f10000 - 0x00007ff981f3c000 	C:\Windows\SYSTEM32\GLU32.dll
0x00007ff98cc10000 - 0x00007ff98cddd000 	C:\Windows\system32\d3d9.dll
0x00007ff9bb630000 - 0x00007ff9bb7eb000 	C:\Windows\System32\DriverStore\FileRepository\u0390451.inf_amd64_39377efdd62734d1\B390182\aticfx64.dll
0x00007ff999580000 - 0x00007ff9995b4000 	C:\Windows\System32\DriverStore\FileRepository\u0390451.inf_amd64_39377efdd62734d1\B390182\atiu9p64.dll
0x00007ff977c00000 - 0x00007ff978955000 	C:\Windows\System32\DriverStore\FileRepository\u0390451.inf_amd64_39377efdd62734d1\B390182\atiumd64.dll
0x0000000071bd0000 - 0x0000000072af7000 	C:\Windows\System32\DriverStore\FileRepository\u0390451.inf_amd64_39377efdd62734d1\B390182\atiumd6a.dll
0x00007ff9c60e0000 - 0x00007ff9c6548000 	C:\Windows\System32\SETUPAPI.dll
0x00007ff9c3f70000 - 0x00007ff9c3fbe000 	C:\Windows\System32\cfgmgr32.dll
0x00007ff9c34a0000 - 0x00007ff9c34eb000 	C:\Windows\SYSTEM32\POWRPROF.dll
0x00007ff9c3310000 - 0x00007ff9c3322000 	C:\Windows\SYSTEM32\UMPDC.dll
0x00007ff9bb310000 - 0x00007ff9bb345000 	C:\Windows\SYSTEM32\amdihk64.dll
0x00007ff9bc820000 - 0x00007ff9bc85b000 	C:\Windows\SYSTEM32\dxcore.dll
0x00007ff988330000 - 0x00007ff9883b6000 	C:\Users\Joaquin\.jdks\openjdk-20\bin\freetype.dll
0x00007ff987810000 - 0x00007ff9878d6000 	C:\Users\Joaquin\.jdks\openjdk-20\bin\fontmanager.dll
0x00007ff9c6550000 - 0x00007ff9c65f9000 	C:\Windows\System32\clbcatq.dll
0x00007ff9be4a0000 - 0x00007ff9be654000 	C:\Windows\SYSTEM32\WindowsCodecs.dll
0x00007ff9a3e70000 - 0x00007ff9a3eae000 	C:\Windows\system32\dataexchange.dll
0x00007ff9bfd20000 - 0x00007ff9bff83000 	C:\Windows\system32\d3d11.dll
0x00007ff9c0b10000 - 0x00007ff9c0cf3000 	C:\Windows\system32\dcomp.dll
0x00007ff9c28b0000 - 0x00007ff9c29a3000 	C:\Windows\system32\dxgi.dll
0x00007ff9be730000 - 0x00007ff9be930000 	C:\Windows\system32\twinapi.appcore.dll
0x00007ff9ba850000 - 0x00007ff9ba94a000 	C:\Windows\SYSTEM32\textinputframework.dll
0x00007ff9c14c0000 - 0x00007ff9c15b2000 	C:\Windows\System32\CoreMessaging.dll
0x00007ff9c1080000 - 0x00007ff9c13de000 	C:\Windows\System32\CoreUIComponents.dll
0x00007ff9c09b0000 - 0x00007ff9c0b04000 	C:\Windows\SYSTEM32\wintypes.dll
0x00007ff9c3060000 - 0x00007ff9c3093000 	C:\Windows\SYSTEM32\ntmarta.dll
0x00007ff9bde50000 - 0x00007ff9bde5a000 	C:\Windows\System32\rasadhlp.dll
0x00007ff9b92f0000 - 0x00007ff9b9372000 	C:\Windows\System32\fwpuclnt.dll

dbghelp: loaded successfully - version: 4.0.5 - missing functions: none
symbol engine: initialized successfully - sym options: 0x614 - pdb path: .;C:\Users\Joaquin\.jdks\openjdk-20\bin;C:\Windows\SYSTEM32;C:\Windows\WinSxS\amd64_microsoft.windows.common-controls_6595b64144ccf1df_6.0.19041.1110_none_60b5254171f9507e;C:\Users\Joaquin\.jdks\openjdk-20\bin\server;C:\Program Files\JetBrains\IntelliJ IDEA Community Edition 2023.1.1\bin;C:\Users\Joaquin\AppData\Local\Temp;C:\Windows\System32\DriverStore\FileRepository\u0390451.inf_amd64_39377efdd62734d1\B390182

VM Arguments:
jvm_args: -javaagent:C:\Program Files\JetBrains\IntelliJ IDEA Community Edition 2023.1.1\lib\idea_rt.jar=58225:C:\Program Files\JetBrains\IntelliJ IDEA Community Edition 2023.1.1\bin -Dfile.encoding=UTF-8 -Dsun.stdout.encoding=UTF-8 -Dsun.stderr.encoding=UTF-8 
java_command: controller.Main
java_class_path (initial): C:\Users\Joaquin\Desktop\proyectoDYDS2023\out\production\classes;C:\Users\Joaquin\.gradle\caches\modules-2\files-2.1\com.google.code.gson\gson\2.8.6\9180733b7df8542621dc12e21e87557e8c99b8cb\gson-2.8.6.jar;C:\Users\Joaquin\.gradle\caches\modules-2\files-2.1\com.squareup.retrofit2\converter-scalars\2.4.0\8f4582bcc7c736e0bae775d562074dcdc0c335ad\converter-scalars-2.4.0.jar;C:\Users\Joaquin\.gradle\caches\modules-2\files-2.1\com.squareup.retrofit2\retrofit\2.4.0\fc4aa382632bfaa7be7b41579efba41d5a71ecf3\retrofit-2.4.0.jar;C:\Users\Joaquin\.gradle\caches\modules-2\files-2.1\org.xerial\sqlite-jdbc\3.21.0\347e4d1d3e1dff66d389354af8f0021e62344584\sqlite-jdbc-3.21.0.jar;C:\Users\Joaquin\.gradle\caches\modules-2\files-2.1\com.squareup.okhttp3\okhttp\3.10.0\7ef0f1d95bf4c0b3ba30bbae25e0e562b05cf75e\okhttp-3.10.0.jar;C:\Users\Joaquin\.gradle\caches\modules-2\files-2.1\com.squareup.okio\okio\1.14.0\102d7be47241d781ef95f1581d414b0943053130\okio-1.14.0.jar
Launcher Type: SUN_STANDARD

[Global flags]
     intx CICompilerCount                          = 4                                         {product} {ergonomic}
     uint ConcGCThreads                            = 2                                         {product} {ergonomic}
     uint G1ConcRefinementThreads                  = 8                                         {product} {ergonomic}
   size_t G1HeapRegionSize                         = 1048576                                   {product} {ergonomic}
    uintx GCDrainStackTargetSize                   = 64                                        {product} {ergonomic}
   size_t InitialHeapSize                          = 134217728                                 {product} {ergonomic}
   size_t MarkStackSize                            = 4194304                                   {product} {ergonomic}
   size_t MaxHeapSize                              = 2134900736                                {product} {ergonomic}
   size_t MaxNewSize                               = 1280311296                                {product} {ergonomic}
   size_t MinHeapDeltaBytes                        = 1048576                                   {product} {ergonomic}
   size_t MinHeapSize                              = 8388608                                   {product} {ergonomic}
    uintx NonNMethodCodeHeapSize                   = 5839372                                {pd product} {ergonomic}
    uintx NonProfiledCodeHeapSize                  = 122909434                              {pd product} {ergonomic}
    uintx ProfiledCodeHeapSize                     = 122909434                              {pd product} {ergonomic}
    uintx ReservedCodeCacheSize                    = 251658240                              {pd product} {ergonomic}
     bool SegmentedCodeCache                       = true                                      {product} {ergonomic}
   size_t SoftMaxHeapSize                          = 2134900736                             {manageable} {ergonomic}
     bool UseCompressedClassPointers               = true                           {product lp64_product} {ergonomic}
     bool UseCompressedOops                        = true                           {product lp64_product} {ergonomic}
     bool UseG1GC                                  = true                                      {product} {ergonomic}
     bool UseLargePagesIndividualAllocation        = false                                  {pd product} {ergonomic}

Logging:
Log output configuration:
 #0: stdout all=warning uptime,level,tags foldmultilines=false
 #1: stderr all=off uptime,level,tags foldmultilines=false

Environment Variables:
PATH=C:\Program Files (x86)\Common Files\Oracle\Java\javapath;C:\Program Files (x86)\VMware\VMware Player\bin\;C:\Windows\system32;C:\Windows;C:\Windows\System32\Wbem;C:\Windows\System32\WindowsPowerShell\v1.0\;C:\Windows\System32\OpenSSH\;C:\Program Files\PuTTY\;C:\Users\Joaquin\AppData\Local\Microsoft\WindowsApps;C:\Users\Joaquin\AppData\Local\Programs\Microsoft VS Code\bin;C:\Users\Joaquin\AppData\Local\GitHubDesktop\bin
USERNAME=Joaquin
OS=Windows_NT
PROCESSOR_IDENTIFIER=AMD64 Family 23 Model 17 Stepping 0, AuthenticAMD
TMP=C:\Users\Joaquin\AppData\Local\Temp
TEMP=C:\Users\Joaquin\AppData\Local\Temp




---------------  S Y S T E M  ---------------

OS:
 Windows 10 , 64 bit Build 19041 (10.0.19041.2913)
OS uptime: 0 days 19:54 hours

CPU: total 8 (initial active 8) (8 cores per cpu, 2 threads per core) family 23 model 17 stepping 0 microcode 0x0, cx8, cmov, fxsr, ht, mmx, 3dnowpref, sse, sse2, sse3, ssse3, sse4a, sse4.1, sse4.2, popcnt, lzcnt, tsc, tscinvbit, avx, avx2, aes, clmul, bmi1, bmi2, adx, sha, fma, vzeroupper, clflush, clflushopt, rdtscp, f16c

Memory: 4k page, system-wide physical 8139M (2091M free)
TotalPageFile size 13003M (AvailPageFile size 2375M)
current process WorkingSet (physical memory assigned to process): 149M, peak: 157M
current process commit charge ("private bytes"): 210M, peak: 299M

vm_info: OpenJDK 64-Bit Server VM (20+36-2344) for windows-amd64 JRE (20+36-2344), built on 2023-02-10T19:30:15Z by "mach5one" with MS VC++ 17.1 (VS2022)

END.
