#
# A fatal error has been detected by the Java Runtime Environment:
#
#  EXCEPTION_ACCESS_VIOLATION (0xc0000005) at pc=0x00007ff9c6853526, pid=11664, tid=8528
#
# JRE version: OpenJDK Runtime Environment (20.0+36) (build 20+36-2344)
# Java VM: OpenJDK 64-Bit Server VM (20+36-2344, mixed mode, sharing, tiered, compressed oops, compressed class ptrs, g1 gc, windows-amd64)
# Problematic frame:
# C  [ntdll.dll+0x63526]
#
# No core dump will be written. Minidumps are not enabled by default on client versions of Windows
#
# If you would like to submit a bug report, please visit:
#   https://bugreport.java.com/bugreport/crash.jsp
# The crash happened outside the Java Virtual Machine in native code.
# See problematic frame for where to report the bug.
#

---------------  S U M M A R Y ------------

Command Line: -javaagent:C:\Program Files\JetBrains\IntelliJ IDEA Community Edition 2023.1.1\lib\idea_rt.jar=58210:C:\Program Files\JetBrains\IntelliJ IDEA Community Edition 2023.1.1\bin -Dfile.encoding=UTF-8 -Dsun.stdout.encoding=UTF-8 -Dsun.stderr.encoding=UTF-8 controller.Main

Host: AMD Ryzen 5 2400G with Radeon Vega Graphics    , 8 cores, 7G,  Windows 10 , 64 bit Build 19041 (10.0.19041.2913)
Time: Tue Jun  6 19:08:34 2023 Hora estándar de Argentina elapsed time: 11.323855 seconds (0d 0h 0m 11s)

---------------  T H R E A D  ---------------

Current thread (0x000001ebc3b9f7b0):  JavaThread "Thread-4" [_thread_in_native, id=8528, stack(0x000000998aa00000,0x000000998ab00000)]

Stack: [0x000000998aa00000,0x000000998ab00000],  sp=0x000000998aafe920,  free space=1018k
Native frames: (J=compiled Java code, j=interpreted, Vv=VM code, C=native code)
C  [ntdll.dll+0x63526]
C  [ntdll.dll+0x2fcb4]
C  [ntdll.dll+0x2fae2]
C  [sqlite-3.21.0-270d89a9-df76-48b0-b825-4b54448b0689-sqlitejdbc.dll+0x22089]

Java frames: (J=compiled Java code, j=interpreted, Vv=VM code)
j  org.sqlite.core.NativeDB.column_name_utf8(JI)[B+0
j  org.sqlite.core.NativeDB.column_name(JI)Ljava/lang/String;+3
j  org.sqlite.core.DB.column_names(J)[Ljava/lang/String;+26
j  org.sqlite.jdbc3.JDBC3Statement.getResultSet()Ljava/sql/ResultSet;+62
j  org.sqlite.jdbc3.JDBC3Statement.executeQuery(Ljava/lang/String;)Ljava/sql/ResultSet;+43
j  model.GameModelImpl.getGamesSaveInDB()V+6
j  model.GameModelImpl.saveGameInDB(Lmodel/Game;)V+24
j  controller.GameControllerImpl.lambda$saveGame$3(Lmodel/Game;)V+14
j  controller.GameControllerImpl$$Lambda$215+0x000000080121e070.run()V+8
j  java.lang.Thread.runWith(Ljava/lang/Object;Ljava/lang/Runnable;)V+5 java.base@20
j  java.lang.Thread.run()V+19 java.base@20
v  ~StubRoutines::call_stub 0x000001ebb1b6100d

siginfo: EXCEPTION_ACCESS_VIOLATION (0xc0000005), writing address 0x000000000046002d


Registers:
RAX=0x0000000000460009, RBX=0x000000998aafe820, RCX=0x000000998aafe820, RDX=0x00000000000000ca
RSP=0x000000998aafe920, RBP=0x000000006d0b5500, RSI=0x0000000000000000, RDI=0x0000000000000000
R8 =0x0000000000000000, R9 =0x000000998aafe800, R10=0x000067490d2f0d83, R11=0x000067490d2f0b8b
R12=0x0000000000000000, R13=0x0000009986e08000, R14=0x0000000000000001, R15=0x0000000000000000
RIP=0x00007ff9c6853526, EFLAGS=0x0000000000010217


Register to memory mapping:

RIP=0x00007ff9c6853526 ntdll.dll
RAX=0x0000000000460009 is an unknown value
RBX=0x000000998aafe820 is pointing into the stack for thread: 0x000001ebc3b9f7b0
RCX=0x000000998aafe820 is pointing into the stack for thread: 0x000001ebc3b9f7b0
RDX=0x00000000000000ca is an unknown value
RSP=0x000000998aafe920 is pointing into the stack for thread: 0x000001ebc3b9f7b0
RBP=0x000000006d0b5500 sqlite-3.21.0-270d89a9-df76-48b0-b825-4b54448b0689-sqlitejdbc.dll
RSI=0x0 is NULL
RDI=0x0 is NULL
R8 =0x0 is NULL
R9 =0x000000998aafe800 is pointing into the stack for thread: 0x000001ebc3b9f7b0
R10=0x000067490d2f0d83 is an unknown value
R11=0x000067490d2f0b8b is an unknown value
R12=0x0 is NULL
R13=0x0000009986e08000 points into unknown readable memory: 0x0000000000000000 | 00 00 00 00 00 00 00 00
R14=0x0000000000000001 is an unknown value
R15=0x0 is NULL


Top of Stack: (sp=0x000000998aafe920)
0x000000998aafe920:   000001eba0590150 0000000000000180
0x000000998aafe930:   000001eb00000000 0000000000000000
0x000000998aafe940:   00000099ffffffff 000001eba0440000
0x000000998aafe950:   000001eba04402a8 00007ff9c6816491
0x000000998aafe960:   0000000000000000 00007ff9000000ca
0x000000998aafe970:   0000009986e08000 00007ff97d96cc0d
0x000000998aafe980:   0000000000000000 0000000000000020
0x000000998aafe990:   0000000000000016 00007ff97dcdcd8b
0x000000998aafe9a0:   000001eb00000001 000001ebca5780e2
0x000000998aafe9b0:   00000f9dcb9e5423 0000000000000000
0x000000998aafe9c0:   000001ebc3b9f700 0000000000000001
0x000000998aafe9d0:   0000000000000001 0000000000000001
0x000000998aafe9e0:   0000000000000000 000000998aafe820
0x000000998aafe9f0:   000000006d0b5500 00007ff9c681fcb4
0x000000998aafea00:   0000000010000000 0000000000000000
0x000000998aafea10:   00000000000000ca cccccccccc000000
0x000000998aafea20:   000001ebc3b9f7b0 000000998aafec08
0x000000998aafea30:   000001ebbf4c0b60 0000000000000000
0x000000998aafea40:   000001ebc4067fc8 000001ebc4067b18
0x000000998aafea50:   000000006d0b5560 00007ff9c681fae2
0x000000998aafea60:   0000000000000000 00007ff9c4000000
0x000000998aafea70:   0000000000000000 0000000000000001
0x000000998aafea80:   0000000000000001 000000006d0a2089
0x000000998aafea90:   0000000000000001 00007ff97dbcdb46
0x000000998aafeaa0:   0000000000000000 0000000000000000
0x000000998aafeab0:   00008b5cd835f7b8 000001ebca29de00
0x000000998aafeac0:   000001ebbf4c0b60 000001ebbf4c0b60
0x000000998aafead0:   000001ebc3b9fa90 000001ebb1b7df9e
0x000000998aafeae0:   000000998aafebd0 000000006d0829c9
0x000000998aafeaf0:   000001ebca4d8288 00007ff97db6df8f
0x000000998aafeb00:   000001ebc3b9f7b0 0000000000000000
0x000000998aafeb10:   000000008110b640 000001ebbf4c0b60 

Instructions: (pc=0x00007ff9c6853526)
0x00007ff9c6853426:   20 e9 ed fe ff ff 48 89 41 18 e9 e4 fe ff ff cc
0x00007ff9c6853436:   cc cc cc cc cc cc cc cc cc cc 80 3d c1 90 10 00
0x00007ff9c6853446:   00 0f 95 c0 c3 cc cc cc cc cc cc cc cc cc cc cc
0x00007ff9c6853456:   cc cc cc cc cc cc cc cc cc cc 48 83 ec 38 8b 05
0x00007ff9c6853466:   c2 76 10 00 89 44 24 20 e8 41 02 00 00 48 83 c4
0x00007ff9c6853476:   38 c3 cc cc cc cc cc cc cc cc 48 89 5c 24 18 55
0x00007ff9c6853486:   56 57 41 54 41 55 41 56 41 57 48 81 ec a0 00 00
0x00007ff9c6853496:   00 48 8b 05 72 10 12 00 48 33 c4 48 89 84 24 90
0x00007ff9c68534a6:   00 00 00 65 4c 8b 2c 25 30 00 00 00 48 8d 05 0f
0x00007ff9c68534b6:   31 10 00 40 32 ed 89 54 24 48 33 f6 40 88 6c 24
0x00007ff9c68534c6:   40 4c 89 6c 24 50 48 8b d9 44 8b e6 48 3b c8 0f
0x00007ff9c68534d6:   84 39 01 00 00 40 38 35 26 90 10 00 0f 85 a8 01
0x00007ff9c68534e6:   00 00 39 35 3a 90 10 00 0f 85 6a 01 00 00 40 38
0x00007ff9c68534f6:   35 fd 8a 10 00 48 8d 3d fe 8a 10 00 48 0f 45 fe
0x00007ff9c6853506:   48 39 73 18 0f 84 d2 00 00 00 48 8b 03 48 83 f8
0x00007ff9c6853516:   ff 0f 84 d2 00 00 00 44 8b fe 48 83 f8 ff 74 03
0x00007ff9c6853526:   ff 40 24 4c 8b 73 18 4c 8d 2d 94 30 10 00 bd 22
0x00007ff9c6853536:   17 00 00 e8 12 13 fc ff 85 c0 0f 85 06 b4 05 00
0x00007ff9c6853546:   b9 82 03 fe 7f 80 39 00 0f 85 14 b4 05 00 49 83
0x00007ff9c6853556:   fe ff 0f 85 a2 b4 05 00 4c 8b cf c7 44 24 20 00
0x00007ff9c6853566:   00 00 00 41 b8 04 00 00 00 48 8d 54 24 48 48 8d
0x00007ff9c6853576:   4b 08 e8 37 01 00 00 3d 02 01 00 00 0f 84 8b b4
0x00007ff9c6853586:   05 00 8b 4b 08 89 4c 24 48 f6 c1 02 75 ca 3d 02
0x00007ff9c6853596:   01 00 00 0f 84 74 b4 05 00 0f b6 6c 24 40 4c 8b
0x00007ff9c68535a6:   6c 24 50 85 c0 0f 88 c0 b5 05 00 40 84 ed 75 73
0x00007ff9c68535b6:   48 8b 8c 24 90 00 00 00 48 33 cc e8 7a 8d 02 00
0x00007ff9c68535c6:   48 8b 9c 24 f0 00 00 00 48 81 c4 a0 00 00 00 41
0x00007ff9c68535d6:   5f 41 5e 41 5d 41 5c 5f 5e 5d c3 cc 48 8b cb e8
0x00007ff9c68535e6:   56 05 00 00 e9 21 ff ff ff 8b 4b 20 48 c7 c0 ff
0x00007ff9c68535f6:   ff ff ff 48 0f ba e1 18 0f 82 19 ff ff ff 48 8b
0x00007ff9c6853606:   cb e8 34 e2 fa ff 48 8b 03 e9 09 ff ff ff c6 44
0x00007ff9c6853616:   24 40 01 41 c7 85 60 17 00 00 01 00 00 00 e9 b2 


Stack slot to memory mapping:
stack at sp + 0 slots: 0x000001eba0590150 points into unknown readable memory: 0x000001ebc40a5240 | 40 52 0a c4 eb 01 00 00
stack at sp + 1 slots: 0x0000000000000180 is an unknown value
stack at sp + 2 slots: 0x000001eb00000000 is an unknown value
stack at sp + 3 slots: 0x0 is NULL
stack at sp + 4 slots: 0x00000099ffffffff is an unknown value
stack at sp + 5 slots: 0x000001eba0440000 points into unknown readable memory: 0x0000000000000000 | 00 00 00 00 00 00 00 00
stack at sp + 6 slots: 0x000001eba04402a8 points into unknown readable memory: 0x0002000300010002 | 02 00 01 00 03 00 02 00
stack at sp + 7 slots: 0x00007ff9c6816491 ntdll.dll


---------------  P R O C E S S  ---------------

Threads class SMR info:
_java_thread_list=0x000001ebcc8192f0, length=25, elements={
0x000001ebbef5cc90, 0x000001ebbef61b40, 0x000001ebbef65bb0, 0x000001ebbef68600,
0x000001ebbef6b290, 0x000001ebbef91bb0, 0x000001ebbef949c0, 0x000001ebbef99360,
0x000001ebbef91660, 0x000001ebbef92650, 0x000001ebbef8f130, 0x000001ebbef90670,
0x000001ebbef8f680, 0x000001ebbef8fbd0, 0x000001ebbef90120, 0x000001ebc3ba1240,
0x000001ebc3ba4cb0, 0x000001ebc3ba5200, 0x000001ebc3ba2230, 0x000001ebc3ba2780,
0x000001ebc3ba3cc0, 0x000001ebc3ba4210, 0x000001ebc3ba5ca0, 0x000001ebc3ba5750,
0x000001ebc3b9f7b0
}

Java Threads: ( => current thread )
  0x000001ebbef5cc90 JavaThread "Reference Handler" daemon [_thread_blocked, id=3204, stack(0x0000009987a00000,0x0000009987b00000)]
  0x000001ebbef61b40 JavaThread "Finalizer" daemon [_thread_blocked, id=9976, stack(0x0000009987b00000,0x0000009987c00000)]
  0x000001ebbef65bb0 JavaThread "Signal Dispatcher" daemon [_thread_blocked, id=2820, stack(0x0000009987c00000,0x0000009987d00000)]
  0x000001ebbef68600 JavaThread "Attach Listener" daemon [_thread_blocked, id=6680, stack(0x0000009987d00000,0x0000009987e00000)]
  0x000001ebbef6b290 JavaThread "Service Thread" daemon [_thread_blocked, id=12676, stack(0x0000009987e00000,0x0000009987f00000)]
  0x000001ebbef91bb0 JavaThread "Monitor Deflation Thread" daemon [_thread_blocked, id=6880, stack(0x0000009987f00000,0x0000009988000000)]
  0x000001ebbef949c0 JavaThread "C2 CompilerThread0" daemon [_thread_blocked, id=8732, stack(0x0000009988000000,0x0000009988100000)]
  0x000001ebbef99360 JavaThread "C1 CompilerThread0" daemon [_thread_blocked, id=2108, stack(0x0000009988100000,0x0000009988200000)]
  0x000001ebbef91660 JavaThread "Common-Cleaner" daemon [_thread_blocked, id=1460, stack(0x0000009988200000,0x0000009988300000)]
  0x000001ebbef92650 JavaThread "Monitor Ctrl-Break" daemon [_thread_in_native, id=7448, stack(0x0000009988300000,0x0000009988400000)]
  0x000001ebbef8f130 JavaThread "Notification Thread" daemon [_thread_blocked, id=1904, stack(0x0000009988400000,0x0000009988500000)]
  0x000001ebbef90670 JavaThread "Java2D Disposer" daemon [_thread_blocked, id=7716, stack(0x0000009988600000,0x0000009988700000)]
  0x000001ebbef8f680 JavaThread "AWT-Shutdown" [_thread_blocked, id=5488, stack(0x0000009988700000,0x0000009988800000)]
  0x000001ebbef8fbd0 JavaThread "AWT-Windows" daemon [_thread_in_native, id=7616, stack(0x0000009988800000,0x0000009988900000)]
  0x000001ebbef90120 JavaThread "AWT-EventQueue-0" [_thread_blocked, id=11212, stack(0x0000009988900000,0x0000009988a00000)]
  0x000001ebc3ba1240 JavaThread "DestroyJavaVM" [_thread_blocked, id=6608, stack(0x0000009987300000,0x0000009987400000)]
  0x000001ebc3ba4cb0 JavaThread "D3D Screen Updater" daemon [_thread_blocked, id=12100, stack(0x0000009989800000,0x0000009989900000)]
  0x000001ebc3ba5200 JavaThread "TimerQueue" daemon [_thread_blocked, id=3976, stack(0x000000998a000000,0x000000998a100000)]
  0x000001ebc3ba2230 JavaThread "OkHttp en.wikipedia.org" [_thread_in_native, id=12416, stack(0x000000998a500000,0x000000998a600000)]
  0x000001ebc3ba2780 JavaThread "OkHttp ConnectionPool" daemon [_thread_blocked, id=5968, stack(0x000000998a600000,0x000000998a700000)]
  0x000001ebc3ba3cc0 JavaThread "Okio Watchdog" daemon [_thread_blocked, id=11588, stack(0x000000998a700000,0x000000998a800000)]
  0x000001ebc3ba4210 JavaThread "OkHttp en.wikipedia.org Writer" [_thread_blocked, id=7176, stack(0x000000998a800000,0x000000998a900000)]
  0x000001ebc3ba5ca0 JavaThread "OkHttp Http2Connection" daemon [_thread_blocked, id=1524, stack(0x000000998a900000,0x000000998aa00000)]
  0x000001ebc3ba5750 JavaThread "Thread-3" [_thread_blocked, id=10836, stack(0x000000998a100000,0x000000998a200000)]
=>0x000001ebc3b9f7b0 JavaThread "Thread-4" [_thread_in_native, id=8528, stack(0x000000998aa00000,0x000000998ab00000)]

Other Threads:
  0x000001ebbef42ef0 VMThread "VM Thread" [stack: 0x0000009987900000,0x0000009987a00000] [id=11976]
  0x000001ebc33291f0 WatcherThread "VM Periodic Task Thread" [stack: 0x0000009988500000,0x0000009988600000] [id=1148]
  0x000001eba25cb460 WorkerThread "GC Thread#0" [stack: 0x0000009987400000,0x0000009987500000] [id=10204]
  0x000001ebc9fe4530 WorkerThread "GC Thread#1" [stack: 0x0000009989900000,0x0000009989a00000] [id=1952]
  0x000001ebc9fe3450 WorkerThread "GC Thread#2" [stack: 0x0000009989a00000,0x0000009989b00000] [id=5640]
  0x000001ebc9fe3cc0 WorkerThread "GC Thread#3" [stack: 0x0000009989b00000,0x0000009989c00000] [id=11992]
  0x000001ebc9fe39f0 WorkerThread "GC Thread#4" [stack: 0x0000009989c00000,0x0000009989d00000] [id=1176]
  0x000001ebc9fe4800 WorkerThread "GC Thread#5" [stack: 0x0000009989d00000,0x0000009989e00000] [id=1520]
  0x000001ebca192720 WorkerThread "GC Thread#6" [stack: 0x0000009989e00000,0x0000009989f00000] [id=10076]
  0x000001ebca18ec10 WorkerThread "GC Thread#7" [stack: 0x0000009989f00000,0x000000998a000000] [id=9496]
  0x000001eba25dd200 ConcurrentGCThread "G1 Main Marker" [stack: 0x0000009987500000,0x0000009987600000] [id=7048]
  0x000001eba25ddc30 WorkerThread "G1 Conc#0" [stack: 0x0000009987600000,0x0000009987700000] [id=544]
  0x000001ebca18f1b0 WorkerThread "G1 Conc#1" [stack: 0x000000998ac00000,0x000000998ad00000] [id=7452]
  0x000001ebbedf3c70 ConcurrentGCThread "G1 Refine#0" [stack: 0x0000009987700000,0x0000009987800000] [id=216]
  0x000001eba263d180 ConcurrentGCThread "G1 Service" [stack: 0x0000009987800000,0x0000009987900000] [id=4304]

Threads with active compile tasks:

VM state: not at safepoint (normal execution)

VM Mutex/Monitor currently owned by a thread: None

Heap address: 0x0000000080c00000, size: 2036 MB, Compressed Oops mode: 32-bit

CDS archive(s) mapped at: [0x0000000800000000-0x0000000800c60000-0x0000000800c60000), size 12976128, SharedBaseAddress: 0x0000000800000000, ArchiveRelocationMode: 0.
Compressed class space mapped at: 0x0000000801000000-0x0000000841000000, reserved size: 1073741824
Narrow klass base: 0x0000000800000000, Narrow klass shift: 0, Narrow klass range: 0x100000000

GC Precious Log:
 CardTable entry size: 512
 Card Set container configuration: InlinePtr #cards 5 size 8 Array Of Cards #cards 12 size 40 Howl #buckets 4 coarsen threshold 1843 Howl Bitmap #cards 512 size 80 coarsen threshold 460 Card regions per heap region 1 cards per card region 2048
 CPUs: 8 total, 8 available
 Memory: 8139M
 Large Page Support: Disabled
 NUMA Support: Disabled
 Compressed Oops: Enabled (32-bit)
 Heap Region Size: 1M
 Heap Min Capacity: 8M
 Heap Initial Capacity: 128M
 Heap Max Capacity: 2036M
 Pre-touch: Disabled
 Parallel Workers: 8
 Concurrent Workers: 2
 Concurrent Refinement Workers: 8
 Periodic GC: Disabled

Heap:
 garbage-first heap   total 30720K, used 12358K [0x0000000080c00000, 0x0000000100000000)
  region size 1024K, 8 young (8192K), 2 survivors (2048K)
 Metaspace       used 21702K, committed 21952K, reserved 1114112K
  class space    used 2413K, committed 2560K, reserved 1048576K

Heap Regions: E=young(eden), S=young(survivor), O=old, HS=humongous(starts), HC=humongous(continues), CS=collection set, F=free, OA=open archive, CA=closed archive, TAMS=top-at-mark-start, PB=parsable bottom
|   0|0x0000000080c00000, 0x0000000080d00000, 0x0000000080d00000|100%| O|  |TAMS 0x0000000080c00000| PB 0x0000000080c00000| Untracked 
|   1|0x0000000080d00000, 0x0000000080e00000, 0x0000000080e00000|100%| O|  |TAMS 0x0000000080d00000| PB 0x0000000080d00000| Untracked 
|   2|0x0000000080e00000, 0x0000000080f00000, 0x0000000080f00000|100%| O|  |TAMS 0x0000000080e00000| PB 0x0000000080e00000| Complete 
|   3|0x0000000080f00000, 0x0000000081000000, 0x0000000081000000|100%| O|  |TAMS 0x0000000080f00000| PB 0x0000000080f00000| Untracked 
|   4|0x0000000081000000, 0x0000000081100000, 0x0000000081100000|100%| O|  |TAMS 0x0000000081000000| PB 0x0000000081000000| Untracked 
|   5|0x0000000081100000, 0x00000000811fcc00, 0x0000000081200000| 98%| O|  |TAMS 0x0000000081100000| PB 0x0000000081100000| Untracked 
|   6|0x0000000081200000, 0x0000000081200000, 0x0000000081300000|  0%| F|  |TAMS 0x0000000081200000| PB 0x0000000081200000| Untracked 
|   7|0x0000000081300000, 0x0000000081300000, 0x0000000081400000|  0%| F|  |TAMS 0x0000000081300000| PB 0x0000000081300000| Untracked 
|   8|0x0000000081400000, 0x0000000081400000, 0x0000000081500000|  0%| F|  |TAMS 0x0000000081400000| PB 0x0000000081400000| Untracked 
|   9|0x0000000081500000, 0x0000000081500000, 0x0000000081600000|  0%| F|  |TAMS 0x0000000081500000| PB 0x0000000081500000| Untracked 
|  10|0x0000000081600000, 0x0000000081600000, 0x0000000081700000|  0%| F|  |TAMS 0x0000000081600000| PB 0x0000000081600000| Untracked 
|  11|0x0000000081700000, 0x0000000081700000, 0x0000000081800000|  0%| F|  |TAMS 0x0000000081700000| PB 0x0000000081700000| Untracked 
|  12|0x0000000081800000, 0x0000000081800000, 0x0000000081900000|  0%| F|  |TAMS 0x0000000081800000| PB 0x0000000081800000| Untracked 
|  13|0x0000000081900000, 0x0000000081900000, 0x0000000081a00000|  0%| F|  |TAMS 0x0000000081900000| PB 0x0000000081900000| Untracked 
|  14|0x0000000081a00000, 0x0000000081a00000, 0x0000000081b00000|  0%| F|  |TAMS 0x0000000081a00000| PB 0x0000000081a00000| Untracked 
|  15|0x0000000081b00000, 0x0000000081b00000, 0x0000000081c00000|  0%| F|  |TAMS 0x0000000081b00000| PB 0x0000000081b00000| Untracked 
|  16|0x0000000081c00000, 0x0000000081c00000, 0x0000000081d00000|  0%| F|  |TAMS 0x0000000081c00000| PB 0x0000000081c00000| Untracked 
|  17|0x0000000081d00000, 0x0000000081d00000, 0x0000000081e00000|  0%| F|  |TAMS 0x0000000081d00000| PB 0x0000000081d00000| Untracked 
|  18|0x0000000081e00000, 0x0000000081e00000, 0x0000000081f00000|  0%| F|  |TAMS 0x0000000081e00000| PB 0x0000000081e00000| Untracked 
|  19|0x0000000081f00000, 0x0000000081f00000, 0x0000000082000000|  0%| F|  |TAMS 0x0000000081f00000| PB 0x0000000081f00000| Untracked 
|  20|0x0000000082000000, 0x0000000082000000, 0x0000000082100000|  0%| F|  |TAMS 0x0000000082000000| PB 0x0000000082000000| Untracked 
|  21|0x0000000082100000, 0x0000000082100000, 0x0000000082200000|  0%| F|  |TAMS 0x0000000082100000| PB 0x0000000082100000| Untracked 
|  22|0x0000000082200000, 0x00000000822df150, 0x0000000082300000| 87%| E|  |TAMS 0x0000000082200000| PB 0x0000000082200000| Complete 
|  23|0x0000000082300000, 0x0000000082400000, 0x0000000082400000|100%| E|CS|TAMS 0x0000000082300000| PB 0x0000000082300000| Complete 
|  24|0x0000000082400000, 0x0000000082500000, 0x0000000082500000|100%| E|CS|TAMS 0x0000000082400000| PB 0x0000000082400000| Complete 
|  25|0x0000000082500000, 0x0000000082600000, 0x0000000082600000|100%| E|CS|TAMS 0x0000000082500000| PB 0x0000000082500000| Complete 
|  26|0x0000000082600000, 0x0000000082700000, 0x0000000082700000|100%| E|CS|TAMS 0x0000000082600000| PB 0x0000000082600000| Complete 
| 117|0x0000000088100000, 0x0000000088114d10, 0x0000000088200000|  8%| S|CS|TAMS 0x0000000088100000| PB 0x0000000088100000| Complete 
| 118|0x0000000088200000, 0x0000000088300000, 0x0000000088300000|100%| S|CS|TAMS 0x0000000088200000| PB 0x0000000088200000| Complete 
| 127|0x0000000088b00000, 0x0000000088c00000, 0x0000000088c00000|100%| E|CS|TAMS 0x0000000088b00000| PB 0x0000000088b00000| Complete 

Card table byte_map: [0x000001ebb9d70000,0x000001ebba170000] _byte_map_base: 0x000001ebb996a000

Marking Bits: (CMBitMap*) 0x000001eba25ccaa0
 Bits: [0x000001ebba570000, 0x000001ebbc540000)

Polling page: 0x000001eba04b0000

Metaspace:

Usage:
  Non-class:     18.84 MB used.
      Class:      2.36 MB used.
       Both:     21.19 MB used.

Virtual space:
  Non-class space:       64.00 MB reserved,      18.94 MB ( 30%) committed,  1 nodes.
      Class space:        1.00 GB reserved,       2.50 MB ( <1%) committed,  1 nodes.
             Both:        1.06 GB reserved,      21.44 MB (  2%) committed. 

Chunk freelists:
   Non-Class:  709.00 KB
       Class:  1.55 MB
        Both:  2.24 MB

MaxMetaspaceSize: unlimited
CompressedClassSpaceSize: 1.00 GB
Initial GC threshold: 21.00 MB
Current GC threshold: 35.12 MB
CDS: on
MetaspaceReclaimPolicy: balanced
 - commit_granule_bytes: 65536.
 - commit_granule_words: 8192.
 - virtual_space_node_default_size: 8388608.
 - enlarge_chunks_in_place: 1.
 - new_chunks_are_fully_committed: 0.
 - uncommit_free_chunks: 1.
 - use_allocation_guard: 0.


Internal statistics:

num_allocs_failed_limit: 3.
num_arena_births: 228.
num_arena_deaths: 0.
num_vsnodes_births: 2.
num_vsnodes_deaths: 0.
num_space_committed: 343.
num_space_uncommitted: 0.
num_chunks_returned_to_freelist: 3.
num_chunks_taken_from_freelist: 463.
num_chunk_merges: 0.
num_chunk_splits: 269.
num_chunks_enlarged: 143.
num_inconsistent_stats: 0.

CodeHeap 'non-profiled nmethods': size=120000Kb used=1023Kb max_used=1023Kb free=118976Kb
 bounds [0x000001ebb2100000, 0x000001ebb2370000, 0x000001ebb9630000]
CodeHeap 'profiled nmethods': size=120000Kb used=5757Kb max_used=5757Kb free=114242Kb
 bounds [0x000001ebaa630000, 0x000001ebaabd0000, 0x000001ebb1b60000]
CodeHeap 'non-nmethods': size=5760Kb used=1767Kb max_used=1812Kb free=3992Kb
 bounds [0x000001ebb1b60000, 0x000001ebb1dd0000, 0x000001ebb2100000]
 total_blobs=3865 nmethods=3125 adapters=649
 compilation: enabled
              stopped_count=0, restarted_count=0
 full_count=0

Compilation events (20 events):
Event: 11.307 Thread 0x000001ebbef99360 3112       1       javax.swing.JComponent::isManagingFocus (2 bytes)
Event: 11.307 Thread 0x000001ebbef99360 nmethod 3112 0x000001ebb21ff390 code [0x000001ebb21ff500, 0x000001ebb21ff5c8]
Event: 11.307 Thread 0x000001ebbef99360 3113       3       java.util.LinkedList$ListItr::previous (70 bytes)
Event: 11.307 Thread 0x000001ebbef99360 nmethod 3113 0x000001ebaabc7290 code [0x000001ebaabc7460, 0x000001ebaabc79f0]
Event: 11.308 Thread 0x000001ebbef99360 3114       3       java.lang.invoke.ClassSpecializer$SpeciesData::transformHelper (56 bytes)
Event: 11.309 Thread 0x000001ebbef99360 nmethod 3114 0x000001ebaabc7c10 code [0x000001ebaabc7ea0, 0x000001ebaabc8db0]
Event: 11.309 Thread 0x000001ebbef99360 3115       3       sun.java2d.SunGraphics2D::setTransform (53 bytes)
Event: 11.309 Thread 0x000001ebbef99360 nmethod 3115 0x000001ebaabc9210 code [0x000001ebaabc93e0, 0x000001ebaabc9688]
Event: 11.311 Thread 0x000001ebbef99360 3116       3       sun.java2d.pipe.Region::getIntersection (37 bytes)
Event: 11.311 Thread 0x000001ebbef99360 nmethod 3116 0x000001ebaabc9810 code [0x000001ebaabc9a40, 0x000001ebaabca678]
Event: 11.311 Thread 0x000001ebbef99360 3117       3       javax.swing.text.Utilities::drawTabbedText (423 bytes)
Event: 11.314 Thread 0x000001ebbef99360 nmethod 3117 0x000001ebaabca910 code [0x000001ebaabcac20, 0x000001ebaabcc380]
Event: 11.314 Thread 0x000001ebbef99360 3118       3       java.awt.Rectangle::setRect (135 bytes)
Event: 11.314 Thread 0x000001ebbef99360 nmethod 3118 0x000001ebaabccc10 code [0x000001ebaabcce00, 0x000001ebaabcd3e8]
Event: 11.314 Thread 0x000001ebbef99360 3119       3       java.awt.geom.RectangularShape::setFrame (21 bytes)
Event: 11.315 Thread 0x000001ebbef99360 nmethod 3119 0x000001ebaabcd590 code [0x000001ebaabcd760, 0x000001ebaabcdc48]
Event: 11.316 Thread 0x000001ebbef99360 3120       1       java.awt.Window::isShowing (5 bytes)
Event: 11.317 Thread 0x000001ebbef99360 nmethod 3120 0x000001ebb21ff690 code [0x000001ebb21ff800, 0x000001ebb21ff8d0]
Event: 11.317 Thread 0x000001ebbef99360 3121       3       sun.java2d.pipe.Region::isInsideQuickCheck (57 bytes)
Event: 11.317 Thread 0x000001ebbef99360 nmethod 3121 0x000001ebaabcdd90 code [0x000001ebaabcdf20, 0x000001ebaabce190]

GC Heap History (4 events):
Event: 3.181 GC heap before
{Heap before GC invocations=0 (full 0):
 garbage-first heap   total 131072K, used 23552K [0x0000000080c00000, 0x0000000100000000)
  region size 1024K, 23 young (23552K), 0 survivors (0K)
 Metaspace       used 15805K, committed 16064K, reserved 1114112K
  class space    used 1756K, committed 1920K, reserved 1048576K
}
Event: 3.188 GC heap after
{Heap after GC invocations=1 (full 0):
 garbage-first heap   total 131072K, used 6082K [0x0000000080c00000, 0x0000000100000000)
  region size 1024K, 3 young (3072K), 3 survivors (3072K)
 Metaspace       used 15805K, committed 16064K, reserved 1114112K
  class space    used 1756K, committed 1920K, reserved 1048576K
}
Event: 7.673 GC heap before
{Heap before GC invocations=1 (full 0):
 garbage-first heap   total 131072K, used 14274K [0x0000000080c00000, 0x0000000100000000)
  region size 1024K, 12 young (12288K), 3 survivors (3072K)
 Metaspace       used 21245K, committed 21504K, reserved 1114112K
  class space    used 2359K, committed 2496K, reserved 1048576K
}
Event: 7.678 GC heap after
{Heap after GC invocations=2 (full 0):
 garbage-first heap   total 131072K, used 7238K [0x0000000080c00000, 0x0000000100000000)
  region size 1024K, 2 young (2048K), 2 survivors (2048K)
 Metaspace       used 21245K, committed 21504K, reserved 1114112K
  class space    used 2359K, committed 2496K, reserved 1048576K
}

Dll operation events (15 events):
Event: 0.011 Loaded shared library C:\Users\Joaquin\.jdks\openjdk-20\bin\java.dll
Event: 0.043 Loaded shared library C:\Users\Joaquin\.jdks\openjdk-20\bin\jsvml.dll
Event: 0.146 Loaded shared library C:\Users\Joaquin\.jdks\openjdk-20\bin\zip.dll
Event: 0.148 Loaded shared library C:\Users\Joaquin\.jdks\openjdk-20\bin\instrument.dll
Event: 0.155 Loaded shared library C:\Users\Joaquin\.jdks\openjdk-20\bin\net.dll
Event: 0.157 Loaded shared library C:\Users\Joaquin\.jdks\openjdk-20\bin\nio.dll
Event: 0.161 Loaded shared library C:\Users\Joaquin\.jdks\openjdk-20\bin\zip.dll
Event: 0.182 Loaded shared library C:\Program Files\JetBrains\IntelliJ IDEA Community Edition 2023.1.1\bin\breakgen64.dll
Event: 0.192 Loaded shared library C:\Users\Joaquin\.jdks\openjdk-20\bin\extnet.dll
Event: 0.233 Loaded shared library C:\Users\Joaquin\.jdks\openjdk-20\bin\jimage.dll
Event: 0.318 Loaded shared library C:\Users\Joaquin\.jdks\openjdk-20\bin\sunmscapi.dll
Event: 0.809 Loaded shared library C:\Users\Joaquin\AppData\Local\Temp\sqlite-3.21.0-270d89a9-df76-48b0-b825-4b54448b0689-sqlitejdbc.dll
Event: 0.856 Loaded shared library C:\Users\Joaquin\.jdks\openjdk-20\bin\awt.dll
Event: 1.298 Loaded shared library C:\Users\Joaquin\.jdks\openjdk-20\bin\freetype.dll
Event: 1.299 Loaded shared library C:\Users\Joaquin\.jdks\openjdk-20\bin\fontmanager.dll

Deoptimization events (20 events):
Event: 7.130 Thread 0x000001ebc3ba5750 Uncommon trap: trap_request=0xffffffde fr.pc=0x000001ebb2159b30 relative=0x00000000000002f0
Event: 7.130 Thread 0x000001ebc3ba5750 Uncommon trap: reason=class_check action=maybe_recompile pc=0x000001ebb2159b30 method=java.util.regex.Pattern$BmpCharPropertyGreedy.match(Ljava/util/regex/Matcher;ILjava/lang/CharSequence;)Z @ 26 c2
Event: 7.130 Thread 0x000001ebc3ba5750 DEOPT PACKING pc=0x000001ebb2159b30 sp=0x000000998a1fdf40
Event: 7.130 Thread 0x000001ebc3ba5750 DEOPT UNPACKING pc=0x000001ebb1bc9d22 sp=0x000000998a1fded8 mode 2
Event: 9.396 Thread 0x000001ebc3ba5750 Uncommon trap: trap_request=0xffffffde fr.pc=0x000001ebb21e55ec relative=0x00000000000005cc
Event: 9.396 Thread 0x000001ebc3ba5750 Uncommon trap: reason=class_check action=maybe_recompile pc=0x000001ebb21e55ec method=javax.swing.text.html.StyleSheet$ViewAttributeSet.getAttribute(Ljava/lang/Object;)Ljava/lang/Object; @ 33 c2
Event: 9.396 Thread 0x000001ebc3ba5750 DEOPT PACKING pc=0x000001ebb21e55ec sp=0x000000998a1fe6f0
Event: 9.396 Thread 0x000001ebc3ba5750 DEOPT UNPACKING pc=0x000001ebb1bc9d22 sp=0x000000998a1fe6c0 mode 2
Event: 9.396 Thread 0x000001ebc3ba5750 Uncommon trap: trap_request=0xffffffde fr.pc=0x000001ebb21e55ec relative=0x00000000000005cc
Event: 9.396 Thread 0x000001ebc3ba5750 Uncommon trap: reason=class_check action=maybe_recompile pc=0x000001ebb21e55ec method=javax.swing.text.html.StyleSheet$ViewAttributeSet.getAttribute(Ljava/lang/Object;)Ljava/lang/Object; @ 33 c2
Event: 9.396 Thread 0x000001ebc3ba5750 DEOPT PACKING pc=0x000001ebb21e55ec sp=0x000000998a1fe6f0
Event: 9.396 Thread 0x000001ebc3ba5750 DEOPT UNPACKING pc=0x000001ebb1bc9d22 sp=0x000000998a1fe6c0 mode 2
Event: 9.396 Thread 0x000001ebc3ba5750 Uncommon trap: trap_request=0xffffffde fr.pc=0x000001ebb21e55ec relative=0x00000000000005cc
Event: 9.396 Thread 0x000001ebc3ba5750 Uncommon trap: reason=class_check action=maybe_recompile pc=0x000001ebb21e55ec method=javax.swing.text.html.StyleSheet$ViewAttributeSet.getAttribute(Ljava/lang/Object;)Ljava/lang/Object; @ 33 c2
Event: 9.396 Thread 0x000001ebc3ba5750 DEOPT PACKING pc=0x000001ebb21e55ec sp=0x000000998a1fe6e0
Event: 9.396 Thread 0x000001ebc3ba5750 DEOPT UNPACKING pc=0x000001ebb1bc9d22 sp=0x000000998a1fe6b0 mode 2
Event: 9.397 Thread 0x000001ebc3ba5750 Uncommon trap: trap_request=0xffffffde fr.pc=0x000001ebb21e55ec relative=0x00000000000005cc
Event: 9.397 Thread 0x000001ebc3ba5750 Uncommon trap: reason=class_check action=maybe_recompile pc=0x000001ebb21e55ec method=javax.swing.text.html.StyleSheet$ViewAttributeSet.getAttribute(Ljava/lang/Object;)Ljava/lang/Object; @ 33 c2
Event: 9.397 Thread 0x000001ebc3ba5750 DEOPT PACKING pc=0x000001ebb21e55ec sp=0x000000998a1fe6e0
Event: 9.397 Thread 0x000001ebc3ba5750 DEOPT UNPACKING pc=0x000001ebb1bc9d22 sp=0x000000998a1fe6b0 mode 2

Classes loaded (20 events):
Event: 9.135 Loading class javax/swing/JCheckBoxMenuItem
Event: 9.135 Loading class javax/swing/JCheckBoxMenuItem done
Event: 9.135 Loading class javax/swing/JRadioButtonMenuItem
Event: 9.135 Loading class javax/swing/JRadioButtonMenuItem done
Event: 9.149 Loading class javax/swing/Popup$DefaultFrame
Event: 9.149 Loading class javax/swing/Popup$DefaultFrame done
Event: 9.149 Loading class javax/swing/PopupFactory$HeavyWeightPopup$1
Event: 9.149 Loading class java/awt/event/WindowAdapter
Event: 9.149 Loading class java/awt/event/WindowAdapter done
Event: 9.149 Loading class javax/swing/PopupFactory$HeavyWeightPopup$1 done
Event: 9.150 Loading class javax/swing/plaf/basic/BasicPopupMenuUI$MouseGrabber$2
Event: 9.150 Loading class javax/swing/plaf/basic/BasicPopupMenuUI$MouseGrabber$2 done
Event: 9.150 Loading class jdk/internal/event/ThreadSleepEvent
Event: 9.150 Loading class jdk/internal/event/ThreadSleepEvent done
Event: 9.151 Loading class java/awt/Event
Event: 9.152 Loading class java/awt/Event done
Event: 9.152 Loading class java/awt/event/MouseWheelEvent
Event: 9.152 Loading class java/awt/event/MouseWheelEvent done
Event: 9.389 Loading class java/util/ConcurrentModificationException
Event: 9.389 Loading class java/util/ConcurrentModificationException done

Classes unloaded (0 events):
No events

Classes redefined (0 events):
No events

Internal exceptions (20 events):
Event: 0.178 Thread 0x000001eba256cff0 Exception <a 'java/lang/NoSuchMethodError'{0x000000008897dc18}: 'java.lang.Object java.lang.invoke.Invokers$Holder.invokeExact_MT(java.lang.Object, java.lang.Object, java.lang.Object, java.lang.Object, java.lang.Object)'> (0x000000008897dc18) 
thrown [s\open\src\hotspot\share\interpreter\linkResolver.cpp, line 773]
Event: 0.194 Thread 0x000001ebbef92650 Exception <a 'java/lang/NoSuchMethodError'{0x00000000889f32c0}: 'void java.lang.invoke.DirectMethodHandle$Holder.invokeStatic(java.lang.Object, java.lang.Object)'> (0x00000000889f32c0) 
thrown [s\open\src\hotspot\share\interpreter\linkResolver.cpp, line 773]
Event: 0.355 Thread 0x000001eba256cff0 Exception <a 'java/lang/NoSuchMethodError'{0x00000000885e9f10}: 'void java.lang.invoke.DirectMethodHandle$Holder.invokeVirtual(java.lang.Object, java.lang.Object)'> (0x00000000885e9f10) 
thrown [s\open\src\hotspot\share\interpreter\linkResolver.cpp, line 773]
Event: 0.463 Thread 0x000001eba256cff0 Exception <a 'sun/nio/fs/WindowsException'{0x00000000881d23a0}> (0x00000000881d23a0) 
thrown [s\open\src\hotspot\share\prims\jni.cpp, line 519]
Event: 0.500 Thread 0x000001eba256cff0 Exception <a 'java/lang/NoSuchMethodError'{0x0000000088085148}: 'java.lang.Object java.lang.invoke.DirectMethodHandle$Holder.invokeStaticInit(java.lang.Object, int, int, int, int)'> (0x0000000088085148) 
thrown [s\open\src\hotspot\share\interpreter\linkResolver.cpp, line 773]
Event: 0.554 Thread 0x000001eba256cff0 Exception <a 'java/lang/NoSuchMethodError'{0x0000000087f178e0}: 'java.lang.Object java.lang.invoke.DirectMethodHandle$Holder.invokeStaticInit(java.lang.Object, java.lang.Object, int, int, int, int)'> (0x0000000087f178e0) 
thrown [s\open\src\hotspot\share\interpreter\linkResolver.cpp, line 773]
Event: 0.850 Thread 0x000001eba256cff0 Exception <a 'java/lang/ClassNotFoundException'{0x0000000087cc4c60}: sun/awt/resources/spi/awtProvider> (0x0000000087cc4c60) 
thrown [s\open\src\hotspot\share\classfile\systemDictionary.cpp, line 305]
Event: 0.857 Thread 0x000001eba256cff0 Exception <a 'java/io/FileNotFoundException'{0x0000000087ccf248}> (0x0000000087ccf248) 
thrown [s\open\src\hotspot\share\prims\jni.cpp, line 519]
Event: 0.862 Thread 0x000001eba256cff0 Exception <a 'java/io/FileNotFoundException'{0x0000000087cf9148}> (0x0000000087cf9148) 
thrown [s\open\src\hotspot\share\prims\jni.cpp, line 519]
Event: 0.927 Thread 0x000001eba256cff0 Exception <a 'java/lang/NoSuchMethodError'{0x0000000087b754d0}: 'void java.lang.invoke.DirectMethodHandle$Holder.invokeSpecial(java.lang.Object, java.lang.Object, java.lang.Object)'> (0x0000000087b754d0) 
thrown [s\open\src\hotspot\share\interpreter\linkResolver.cpp, line 773]
Event: 0.936 Thread 0x000001eba256cff0 Exception <a 'java/lang/NoSuchMethodError'{0x0000000087a29670}: 'java.lang.Object java.lang.invoke.DirectMethodHandle$Holder.newInvokeSpecial(java.lang.Object, java.lang.Object, java.lang.Object, java.lang.Object, java.lang.Object)'> (0x0000000087a29670) 
thrown [s\open\src\hotspot\share\interpreter\linkResolver.cpp, line 773]
Event: 0.943 Thread 0x000001eba256cff0 Exception <a 'java/lang/NoSuchMethodError'{0x0000000087a59cf0}: 'java.lang.Object java.lang.invoke.DirectMethodHandle$Holder.invokeStatic(java.lang.Object, int, java.lang.Object)'> (0x0000000087a59cf0) 
thrown [s\open\src\hotspot\share\interpreter\linkResolver.cpp, line 773]
Event: 0.977 Thread 0x000001eba256cff0 Exception <a 'java/lang/ClassNotFoundException'{0x0000000087922840}: com/sun/swing/internal/plaf/metal/resources/spi/metalProvider> (0x0000000087922840) 
thrown [s\open\src\hotspot\share\classfile\systemDictionary.cpp, line 305]
Event: 0.978 Thread 0x000001eba256cff0 Exception <a 'java/lang/ClassNotFoundException'{0x0000000087926570}: com/sun/swing/internal/plaf/basic/resources/spi/basicProvider> (0x0000000087926570) 
thrown [s\open\src\hotspot\share\classfile\systemDictionary.cpp, line 305]
Event: 1.003 Thread 0x000001eba256cff0 Implicit null exception at 0x000001ebb215f321 to 0x000001ebb215f544
Event: 1.005 Thread 0x000001eba256cff0 Implicit null exception at 0x000001ebb21575a1 to 0x000001ebb21577dc
Event: 1.008 Thread 0x000001eba256cff0 Implicit null exception at 0x000001ebb216cbcd to 0x000001ebb216d5d4
Event: 1.018 Thread 0x000001eba256cff0 Exception <a 'java/lang/NoSuchMethodError'{0x0000000087976bf8}: 'int java.lang.invoke.Invokers$Holder.invokeExact_MT(java.lang.Object, java.lang.Object)'> (0x0000000087976bf8) 
thrown [s\open\src\hotspot\share\interpreter\linkResolver.cpp, line 773]
Event: 1.081 Thread 0x000001ebbef68600 Exception <a 'java/lang/NoSuchMethodError'{0x000000008770b778}: 'java.lang.Object java.lang.invoke.Invokers$Holder.invokeExact_MT(java.lang.Object, java.lang.Object, java.lang.Object, java.lang.Object, java.lang.Object, java.lang.Object)'> (0x000000008770b778) 
thrown [s\open\src\hotspot\share\interpreter\linkResolver.cpp, line 773]
Event: 1.293 Thread 0x000001eba256cff0 Exception <a 'java/lang/NoSuchMethodError'{0x0000000087652800}: 'void java.lang.invoke.DirectMethodHandle$Holder.invokeStaticInit(java.lang.Object)'> (0x0000000087652800) 
thrown [s\open\src\hotspot\share\interpreter\linkResolver.cpp, line 773]

VM Operations (20 events):
Event: 7.235 Executing VM operation: Cleanup
Event: 7.235 Executing VM operation: Cleanup done
Event: 7.619 Executing VM operation: HandshakeAllThreads
Event: 7.619 Executing VM operation: HandshakeAllThreads done
Event: 7.673 Executing VM operation: CollectForMetadataAllocation
Event: 7.678 Executing VM operation: CollectForMetadataAllocation done
Event: 7.685 Executing VM operation: HandshakeAllThreads
Event: 7.685 Executing VM operation: HandshakeAllThreads done
Event: 7.685 Executing VM operation: G1PauseRemark
Event: 7.687 Executing VM operation: G1PauseRemark done
Event: 7.688 Executing VM operation: HandshakeAllThreads
Event: 7.688 Executing VM operation: HandshakeAllThreads done
Event: 7.690 Executing VM operation: G1PauseCleanup
Event: 7.690 Executing VM operation: G1PauseCleanup done
Event: 8.693 Executing VM operation: Cleanup
Event: 8.693 Executing VM operation: Cleanup done
Event: 9.707 Executing VM operation: Cleanup
Event: 9.707 Executing VM operation: Cleanup done
Event: 10.710 Executing VM operation: Cleanup
Event: 10.710 Executing VM operation: Cleanup done

Events (20 events):
Event: 6.644 Thread 0x000001ebca39d030 Thread added: 0x000001ebca39d030
Event: 6.689 Thread 0x000001ebc3a8c7d0 Thread added: 0x000001ebc3a8c7d0
Event: 7.128 Thread 0x000001ebc3a8c7d0 Thread exited: 0x000001ebc3a8c7d0
Event: 7.129 Thread 0x000001ebca39d030 Thread exited: 0x000001ebca39d030
Event: 7.146 Thread 0x000001ebc3ba2230 Thread added: 0x000001ebc3ba2230
Event: 7.147 Thread 0x000001ebc3ba2780 Thread added: 0x000001ebc3ba2780
Event: 7.154 Thread 0x000001ebc3ba3cc0 Thread added: 0x000001ebc3ba3cc0
Event: 7.317 Thread 0x000001ebc3ba4210 Thread added: 0x000001ebc3ba4210
Event: 7.317 Thread 0x000001ebc3ba5ca0 Thread added: 0x000001ebc3ba5ca0
Event: 7.672 Thread 0x000001ebca50db50 Thread added: 0x000001ebca50db50
Event: 7.672 Thread 0x000001ebca6c6000 Thread added: 0x000001ebca6c6000
Event: 7.738 Thread 0x000001ebc3ba5750 Thread exited: 0x000001ebc3ba5750
Event: 8.131 Thread 0x000001ebca50db50 Thread exited: 0x000001ebca50db50
Event: 8.131 Thread 0x000001ebca6c6000 Thread exited: 0x000001ebca6c6000
Event: 9.151 Thread 0x000001ebc3ba5750 Thread added: 0x000001ebc3ba5750
Event: 9.427 Thread 0x000001ebc3ba5750 Thread exited: 0x000001ebc3ba5750
Event: 9.451 Thread 0x000001ebca5a7da0 Thread added: 0x000001ebca5a7da0
Event: 9.878 Thread 0x000001ebca5a7da0 Thread exited: 0x000001ebca5a7da0
Event: 11.305 Thread 0x000001ebc3ba5750 Thread added: 0x000001ebc3ba5750
Event: 11.305 Thread 0x000001ebc3b9f7b0 Thread added: 0x000001ebc3b9f7b0


Dynamic libraries:
0x00007ff7a9290000 - 0x00007ff7a929e000 	C:\Users\Joaquin\.jdks\openjdk-20\bin\java.exe
0x00007ff9c67f0000 - 0x00007ff9c69e8000 	C:\Windows\SYSTEM32\ntdll.dll
0x00007ff9c5c50000 - 0x00007ff9c5d0f000 	C:\Windows\System32\KERNEL32.DLL
0x00007ff9c4150000 - 0x00007ff9c4446000 	C:\Windows\System32\KERNELBASE.dll
0x00007ff9c44e0000 - 0x00007ff9c45e0000 	C:\Windows\System32\ucrtbase.dll
0x00007ff9ab370000 - 0x00007ff9ab38b000 	C:\Users\Joaquin\.jdks\openjdk-20\bin\VCRUNTIME140.dll
0x00007ff9b5f70000 - 0x00007ff9b5f87000 	C:\Users\Joaquin\.jdks\openjdk-20\bin\jli.dll
0x00007ff9c4f80000 - 0x00007ff9c511d000 	C:\Windows\System32\USER32.dll
0x00007ff9c4820000 - 0x00007ff9c4842000 	C:\Windows\System32\win32u.dll
0x00007ff9b5af0000 - 0x00007ff9b5d8a000 	C:\Windows\WinSxS\amd64_microsoft.windows.common-controls_6595b64144ccf1df_6.0.19041.1110_none_60b5254171f9507e\COMCTL32.dll
0x00007ff9c4a20000 - 0x00007ff9c4a4c000 	C:\Windows\System32\GDI32.dll
0x00007ff9c4700000 - 0x00007ff9c4815000 	C:\Windows\System32\gdi32full.dll
0x00007ff9c4ee0000 - 0x00007ff9c4f7e000 	C:\Windows\System32\msvcrt.dll
0x00007ff9c3ed0000 - 0x00007ff9c3f6d000 	C:\Windows\System32\msvcp_win.dll
0x00007ff9c49f0000 - 0x00007ff9c4a20000 	C:\Windows\System32\IMM32.DLL
0x00007ff9b6720000 - 0x00007ff9b672c000 	C:\Users\Joaquin\.jdks\openjdk-20\bin\vcruntime140_1.dll
0x00007ff9998b0000 - 0x00007ff99993e000 	C:\Users\Joaquin\.jdks\openjdk-20\bin\msvcp140.dll
0x00007ff97d520000 - 0x00007ff97e1b7000 	C:\Users\Joaquin\.jdks\openjdk-20\bin\server\jvm.dll
0x00007ff9c4930000 - 0x00007ff9c49df000 	C:\Windows\System32\ADVAPI32.dll
0x00007ff9c5d20000 - 0x00007ff9c5dbc000 	C:\Windows\System32\sechost.dll
0x00007ff9c5dc0000 - 0x00007ff9c5ee6000 	C:\Windows\System32\RPCRT4.dll
0x00007ff9bfab0000 - 0x00007ff9bfab9000 	C:\Windows\SYSTEM32\WSOCK32.dll
0x00007ff9bdf20000 - 0x00007ff9bdf2a000 	C:\Windows\SYSTEM32\VERSION.dll
0x00007ff9bb600000 - 0x00007ff9bb627000 	C:\Windows\SYSTEM32\WINMM.dll
0x00007ff9c5330000 - 0x00007ff9c539b000 	C:\Windows\System32\WS2_32.dll
0x00007ff9c1db0000 - 0x00007ff9c1dc2000 	C:\Windows\SYSTEM32\kernel.appcore.dll
0x00007ff9b5f60000 - 0x00007ff9b5f6a000 	C:\Users\Joaquin\.jdks\openjdk-20\bin\jimage.dll
0x00007ff9be0e0000 - 0x00007ff9be2c4000 	C:\Windows\SYSTEM32\DBGHELP.DLL
0x00007ff9b13c0000 - 0x00007ff9b13f4000 	C:\Windows\SYSTEM32\dbgcore.DLL
0x00007ff9c4450000 - 0x00007ff9c44d2000 	C:\Windows\System32\bcryptPrimitives.dll
0x00007ff9a9330000 - 0x00007ff9a933e000 	C:\Users\Joaquin\.jdks\openjdk-20\bin\instrument.dll
0x00007ff999b90000 - 0x00007ff999bb6000 	C:\Users\Joaquin\.jdks\openjdk-20\bin\java.dll
0x00007ff9997d0000 - 0x00007ff9998a7000 	C:\Users\Joaquin\.jdks\openjdk-20\bin\jsvml.dll
0x00007ff9c54f0000 - 0x00007ff9c5c34000 	C:\Windows\System32\SHELL32.dll
0x00007ff9c1fb0000 - 0x00007ff9c2743000 	C:\Windows\SYSTEM32\windows.storage.dll
0x00007ff9c4a50000 - 0x00007ff9c4da4000 	C:\Windows\System32\combase.dll
0x00007ff9c3930000 - 0x00007ff9c395e000 	C:\Windows\SYSTEM32\Wldp.dll
0x00007ff9c4e30000 - 0x00007ff9c4edd000 	C:\Windows\System32\SHCORE.dll
0x00007ff9c5240000 - 0x00007ff9c5295000 	C:\Windows\System32\shlwapi.dll
0x00007ff9c3e10000 - 0x00007ff9c3e2f000 	C:\Windows\SYSTEM32\profapi.dll
0x00007ff999790000 - 0x00007ff9997a8000 	C:\Users\Joaquin\.jdks\openjdk-20\bin\zip.dll
0x00007ff999b70000 - 0x00007ff999b83000 	C:\Users\Joaquin\.jdks\openjdk-20\bin\net.dll
0x00007ff9bc9a0000 - 0x00007ff9bcaaa000 	C:\Windows\SYSTEM32\WINHTTP.dll
0x00007ff9c3690000 - 0x00007ff9c36fa000 	C:\Windows\system32\mswsock.dll
0x00007ff9997b0000 - 0x00007ff9997c6000 	C:\Users\Joaquin\.jdks\openjdk-20\bin\nio.dll
0x00007ff9999f0000 - 0x00007ff999a0a000 	C:\Program Files\JetBrains\IntelliJ IDEA Community Edition 2023.1.1\bin\breakgen64.dll
0x00007ff9aa340000 - 0x00007ff9aa347000 	C:\Users\Joaquin\.jdks\openjdk-20\bin\extnet.dll
0x00007ff9a8bb0000 - 0x00007ff9a8bbe000 	C:\Users\Joaquin\.jdks\openjdk-20\bin\sunmscapi.dll
0x00007ff9c3ff0000 - 0x00007ff9c414e000 	C:\Windows\System32\CRYPT32.dll
0x00007ff9c39a0000 - 0x00007ff9c39c8000 	C:\Windows\SYSTEM32\ncrypt.dll
0x00007ff9c3960000 - 0x00007ff9c399b000 	C:\Windows\SYSTEM32\NTASN1.dll
0x00007ff9c3880000 - 0x00007ff9c3898000 	C:\Windows\SYSTEM32\CRYPTSP.dll
0x00007ff9c2f40000 - 0x00007ff9c2f74000 	C:\Windows\system32\rsaenh.dll
0x00007ff9c3fc0000 - 0x00007ff9c3fe7000 	C:\Windows\System32\bcrypt.dll
0x00007ff9c3d90000 - 0x00007ff9c3dbe000 	C:\Windows\SYSTEM32\USERENV.dll
0x00007ff9c38a0000 - 0x00007ff9c38ac000 	C:\Windows\SYSTEM32\CRYPTBASE.dll
0x00007ff9c3330000 - 0x00007ff9c336c000 	C:\Windows\SYSTEM32\IPHLPAPI.DLL
0x00007ff9c5d10000 - 0x00007ff9c5d18000 	C:\Windows\System32\NSI.dll
0x00007ff9be980000 - 0x00007ff9be997000 	C:\Windows\SYSTEM32\dhcpcsvc6.DLL
0x00007ff9bdf80000 - 0x00007ff9bdf9d000 	C:\Windows\SYSTEM32\dhcpcsvc.DLL
0x00007ff9c3380000 - 0x00007ff9c344b000 	C:\Windows\SYSTEM32\DNSAPI.dll
0x000000006d080000 - 0x000000006d175000 	C:\Users\Joaquin\AppData\Local\Temp\sqlite-3.21.0-270d89a9-df76-48b0-b825-4b54448b0689-sqlitejdbc.dll
0x00007ff9995c0000 - 0x00007ff999750000 	C:\Users\Joaquin\.jdks\openjdk-20\bin\awt.dll
0x00007ff9c5420000 - 0x00007ff9c54ed000 	C:\Windows\System32\OLEAUT32.dll
0x00007ff9c16f0000 - 0x00007ff9c1781000 	C:\Windows\SYSTEM32\apphelp.dll
0x00007ff9c17f0000 - 0x00007ff9c188e000 	C:\Windows\system32\uxtheme.dll
0x00007ff9c5120000 - 0x00007ff9c5234000 	C:\Windows\System32\MSCTF.dll
0x00007ff9c5fb0000 - 0x00007ff9c60da000 	C:\Windows\System32\ole32.dll
0x00007ff9c1ac0000 - 0x00007ff9c1aef000 	C:\Windows\system32\DWMAPI.DLL
0x00007ff981b80000 - 0x00007ff981ca5000 	C:\Windows\system32\opengl32.dll
0x00007ff981f10000 - 0x00007ff981f3c000 	C:\Windows\SYSTEM32\GLU32.dll
0x00007ff98cc10000 - 0x00007ff98cddd000 	C:\Windows\system32\d3d9.dll
0x00007ff9bb630000 - 0x00007ff9bb7eb000 	C:\Windows\System32\DriverStore\FileRepository\u0390451.inf_amd64_39377efdd62734d1\B390182\aticfx64.dll
0x00007ff999580000 - 0x00007ff9995b4000 	C:\Windows\System32\DriverStore\FileRepository\u0390451.inf_amd64_39377efdd62734d1\B390182\atiu9p64.dll
0x00007ff977c00000 - 0x00007ff978955000 	C:\Windows\System32\DriverStore\FileRepository\u0390451.inf_amd64_39377efdd62734d1\B390182\atiumd64.dll
0x0000000071bd0000 - 0x0000000072af7000 	C:\Windows\System32\DriverStore\FileRepository\u0390451.inf_amd64_39377efdd62734d1\B390182\atiumd6a.dll
0x00007ff9c60e0000 - 0x00007ff9c6548000 	C:\Windows\System32\SETUPAPI.dll
0x00007ff9c3f70000 - 0x00007ff9c3fbe000 	C:\Windows\System32\cfgmgr32.dll
0x00007ff9c34a0000 - 0x00007ff9c34eb000 	C:\Windows\SYSTEM32\POWRPROF.dll
0x00007ff9c3310000 - 0x00007ff9c3322000 	C:\Windows\SYSTEM32\UMPDC.dll
0x00007ff9bb310000 - 0x00007ff9bb345000 	C:\Windows\SYSTEM32\amdihk64.dll
0x00007ff9bc820000 - 0x00007ff9bc85b000 	C:\Windows\SYSTEM32\dxcore.dll
0x00007ff988330000 - 0x00007ff9883b6000 	C:\Users\Joaquin\.jdks\openjdk-20\bin\freetype.dll
0x00007ff987810000 - 0x00007ff9878d6000 	C:\Users\Joaquin\.jdks\openjdk-20\bin\fontmanager.dll
0x00007ff9c6550000 - 0x00007ff9c65f9000 	C:\Windows\System32\clbcatq.dll
0x00007ff9be4a0000 - 0x00007ff9be654000 	C:\Windows\SYSTEM32\WindowsCodecs.dll
0x00007ff9a3e70000 - 0x00007ff9a3eae000 	C:\Windows\system32\dataexchange.dll
0x00007ff9c0b10000 - 0x00007ff9c0cf3000 	C:\Windows\system32\dcomp.dll
0x00007ff9bfd20000 - 0x00007ff9bff83000 	C:\Windows\system32\d3d11.dll
0x00007ff9c28b0000 - 0x00007ff9c29a3000 	C:\Windows\system32\dxgi.dll
0x00007ff9be730000 - 0x00007ff9be930000 	C:\Windows\system32\twinapi.appcore.dll
0x00007ff9ba850000 - 0x00007ff9ba94a000 	C:\Windows\SYSTEM32\textinputframework.dll
0x00007ff9c1080000 - 0x00007ff9c13de000 	C:\Windows\System32\CoreUIComponents.dll
0x00007ff9c14c0000 - 0x00007ff9c15b2000 	C:\Windows\System32\CoreMessaging.dll
0x00007ff9c3060000 - 0x00007ff9c3093000 	C:\Windows\SYSTEM32\ntmarta.dll
0x00007ff9c09b0000 - 0x00007ff9c0b04000 	C:\Windows\SYSTEM32\wintypes.dll
0x00007ff9bde50000 - 0x00007ff9bde5a000 	C:\Windows\System32\rasadhlp.dll
0x00007ff9b92f0000 - 0x00007ff9b9372000 	C:\Windows\System32\fwpuclnt.dll

dbghelp: loaded successfully - version: 4.0.5 - missing functions: none
symbol engine: initialized successfully - sym options: 0x614 - pdb path: .;C:\Users\Joaquin\.jdks\openjdk-20\bin;C:\Windows\SYSTEM32;C:\Windows\WinSxS\amd64_microsoft.windows.common-controls_6595b64144ccf1df_6.0.19041.1110_none_60b5254171f9507e;C:\Users\Joaquin\.jdks\openjdk-20\bin\server;C:\Program Files\JetBrains\IntelliJ IDEA Community Edition 2023.1.1\bin;C:\Users\Joaquin\AppData\Local\Temp;C:\Windows\System32\DriverStore\FileRepository\u0390451.inf_amd64_39377efdd62734d1\B390182

VM Arguments:
jvm_args: -javaagent:C:\Program Files\JetBrains\IntelliJ IDEA Community Edition 2023.1.1\lib\idea_rt.jar=58210:C:\Program Files\JetBrains\IntelliJ IDEA Community Edition 2023.1.1\bin -Dfile.encoding=UTF-8 -Dsun.stdout.encoding=UTF-8 -Dsun.stderr.encoding=UTF-8 
java_command: controller.Main
java_class_path (initial): C:\Users\Joaquin\Desktop\proyectoDYDS2023\out\production\classes;C:\Users\Joaquin\.gradle\caches\modules-2\files-2.1\com.google.code.gson\gson\2.8.6\9180733b7df8542621dc12e21e87557e8c99b8cb\gson-2.8.6.jar;C:\Users\Joaquin\.gradle\caches\modules-2\files-2.1\com.squareup.retrofit2\converter-scalars\2.4.0\8f4582bcc7c736e0bae775d562074dcdc0c335ad\converter-scalars-2.4.0.jar;C:\Users\Joaquin\.gradle\caches\modules-2\files-2.1\com.squareup.retrofit2\retrofit\2.4.0\fc4aa382632bfaa7be7b41579efba41d5a71ecf3\retrofit-2.4.0.jar;C:\Users\Joaquin\.gradle\caches\modules-2\files-2.1\org.xerial\sqlite-jdbc\3.21.0\347e4d1d3e1dff66d389354af8f0021e62344584\sqlite-jdbc-3.21.0.jar;C:\Users\Joaquin\.gradle\caches\modules-2\files-2.1\com.squareup.okhttp3\okhttp\3.10.0\7ef0f1d95bf4c0b3ba30bbae25e0e562b05cf75e\okhttp-3.10.0.jar;C:\Users\Joaquin\.gradle\caches\modules-2\files-2.1\com.squareup.okio\okio\1.14.0\102d7be47241d781ef95f1581d414b0943053130\okio-1.14.0.jar
Launcher Type: SUN_STANDARD

[Global flags]
     intx CICompilerCount                          = 4                                         {product} {ergonomic}
     uint ConcGCThreads                            = 2                                         {product} {ergonomic}
     uint G1ConcRefinementThreads                  = 8                                         {product} {ergonomic}
   size_t G1HeapRegionSize                         = 1048576                                   {product} {ergonomic}
    uintx GCDrainStackTargetSize                   = 64                                        {product} {ergonomic}
   size_t InitialHeapSize                          = 134217728                                 {product} {ergonomic}
   size_t MarkStackSize                            = 4194304                                   {product} {ergonomic}
   size_t MaxHeapSize                              = 2134900736                                {product} {ergonomic}
   size_t MaxNewSize                               = 1280311296                                {product} {ergonomic}
   size_t MinHeapDeltaBytes                        = 1048576                                   {product} {ergonomic}
   size_t MinHeapSize                              = 8388608                                   {product} {ergonomic}
    uintx NonNMethodCodeHeapSize                   = 5839372                                {pd product} {ergonomic}
    uintx NonProfiledCodeHeapSize                  = 122909434                              {pd product} {ergonomic}
    uintx ProfiledCodeHeapSize                     = 122909434                              {pd product} {ergonomic}
    uintx ReservedCodeCacheSize                    = 251658240                              {pd product} {ergonomic}
     bool SegmentedCodeCache                       = true                                      {product} {ergonomic}
   size_t SoftMaxHeapSize                          = 2134900736                             {manageable} {ergonomic}
     bool UseCompressedClassPointers               = true                           {product lp64_product} {ergonomic}
     bool UseCompressedOops                        = true                           {product lp64_product} {ergonomic}
     bool UseG1GC                                  = true                                      {product} {ergonomic}
     bool UseLargePagesIndividualAllocation        = false                                  {pd product} {ergonomic}

Logging:
Log output configuration:
 #0: stdout all=warning uptime,level,tags foldmultilines=false
 #1: stderr all=off uptime,level,tags foldmultilines=false

Environment Variables:
PATH=C:\Program Files (x86)\Common Files\Oracle\Java\javapath;C:\Program Files (x86)\VMware\VMware Player\bin\;C:\Windows\system32;C:\Windows;C:\Windows\System32\Wbem;C:\Windows\System32\WindowsPowerShell\v1.0\;C:\Windows\System32\OpenSSH\;C:\Program Files\PuTTY\;C:\Users\Joaquin\AppData\Local\Microsoft\WindowsApps;C:\Users\Joaquin\AppData\Local\Programs\Microsoft VS Code\bin;C:\Users\Joaquin\AppData\Local\GitHubDesktop\bin
USERNAME=Joaquin
OS=Windows_NT
PROCESSOR_IDENTIFIER=AMD64 Family 23 Model 17 Stepping 0, AuthenticAMD
TMP=C:\Users\Joaquin\AppData\Local\Temp
TEMP=C:\Users\Joaquin\AppData\Local\Temp




---------------  S Y S T E M  ---------------

OS:
 Windows 10 , 64 bit Build 19041 (10.0.19041.2913)
OS uptime: 0 days 19:52 hours

CPU: total 8 (initial active 8) (8 cores per cpu, 2 threads per core) family 23 model 17 stepping 0 microcode 0x0, cx8, cmov, fxsr, ht, mmx, 3dnowpref, sse, sse2, sse3, ssse3, sse4a, sse4.1, sse4.2, popcnt, lzcnt, tsc, tscinvbit, avx, avx2, aes, clmul, bmi1, bmi2, adx, sha, fma, vzeroupper, clflush, clflushopt, rdtscp, f16c

Memory: 4k page, system-wide physical 8139M (2111M free)
TotalPageFile size 13003M (AvailPageFile size 2383M)
current process WorkingSet (physical memory assigned to process): 140M, peak: 154M
current process commit charge ("private bytes"): 199M, peak: 298M

vm_info: OpenJDK 64-Bit Server VM (20+36-2344) for windows-amd64 JRE (20+36-2344), built on 2023-02-10T19:30:15Z by "mach5one" with MS VC++ 17.1 (VS2022)

END.
