#
# A fatal error has been detected by the Java Runtime Environment:
#
#  EXCEPTION_ACCESS_VIOLATION (0xc0000005) at pc=0x000000006d0a2078, pid=4124, tid=11792
#
# JRE version: OpenJDK Runtime Environment (20.0+36) (build 20+36-2344)
# Java VM: OpenJDK 64-Bit Server VM (20+36-2344, mixed mode, sharing, tiered, compressed oops, compressed class ptrs, g1 gc, windows-amd64)
# Problematic frame:
# C  [sqlite-3.21.0-ab493bd9-c42b-47b3-ad51-845ec78545b9-sqlitejdbc.dll+0x22078]
#
# No core dump will be written. Minidumps are not enabled by default on client versions of Windows
#
# If you would like to submit a bug report, please visit:
#   https://bugreport.java.com/bugreport/crash.jsp
# The crash happened outside the Java Virtual Machine in native code.
# See problematic frame for where to report the bug.
#

---------------  S U M M A R Y ------------

Command Line: -javaagent:C:\Program Files\JetBrains\IntelliJ IDEA Community Edition 2023.1.1\lib\idea_rt.jar=58221:C:\Program Files\JetBrains\IntelliJ IDEA Community Edition 2023.1.1\bin -Dfile.encoding=UTF-8 -Dsun.stdout.encoding=UTF-8 -Dsun.stderr.encoding=UTF-8 controller.Main

Host: AMD Ryzen 5 2400G with Radeon Vega Graphics    , 8 cores, 7G,  Windows 10 , 64 bit Build 19041 (10.0.19041.2913)
Time: Tue Jun  6 19:09:47 2023 Hora estándar de Argentina elapsed time: 32.948701 seconds (0d 0h 0m 32s)

---------------  T H R E A D  ---------------

Current thread (0x000001d14074c5e0):  JavaThread "Thread-5" [_thread_in_native, id=11792, stack(0x0000009fe9900000,0x0000009fe9a00000)]

Stack: [0x0000009fe9900000,0x0000009fe9a00000],  sp=0x0000009fe99fefe0,  free space=1019k
Native frames: (J=compiled Java code, j=interpreted, Vv=VM code, C=native code)
C  [sqlite-3.21.0-ab493bd9-c42b-47b3-ad51-845ec78545b9-sqlitejdbc.dll+0x22078]

Java frames: (J=compiled Java code, j=interpreted, Vv=VM code)
j  org.sqlite.core.NativeDB.column_name_utf8(JI)[B+0
j  org.sqlite.core.NativeDB.column_name(JI)Ljava/lang/String;+3
j  org.sqlite.core.DB.column_names(J)[Ljava/lang/String;+26
j  org.sqlite.jdbc3.JDBC3Statement.getResultSet()Ljava/sql/ResultSet;+62
j  org.sqlite.jdbc3.JDBC3Statement.executeQuery(Ljava/lang/String;)Ljava/sql/ResultSet;+43
j  model.GameModelImpl.getGamesSaveInDB()V+6
j  model.GameModelImpl.saveGameInDB(Lmodel/Game;)V+24
j  controller.GameControllerImpl.lambda$saveGame$3(Lmodel/Game;)V+14
j  controller.GameControllerImpl$$Lambda$218+0x0000000801282e10.run()V+8
j  java.lang.Thread.runWith(Ljava/lang/Object;Ljava/lang/Runnable;)V+5 java.base@20
j  java.lang.Thread.run()V+19 java.base@20
v  ~StubRoutines::call_stub 0x000001d12808100d

siginfo: EXCEPTION_ACCESS_VIOLATION (0xc0000005), reading address 0xffffffffffffffff


Registers:
RAX=0x000000006d0829b0, RBX=0x0000000000000000, RCX=0x000001d1356050e8, RDX=0x0000000000000001
RSP=0x0000009fe99fefe0, RBP=0x000000006d0b5560, RSI=0x3430373137382e39, RDI=0x000001d1356050e8
R8 =0x000000006d0b5560, R9 =0x0000000000000000, R10=0x000001d1280a2bc8, R11=0x0000000000000120
R12=0x0000000000000000, R13=0x000001d135cc0b60, R14=0x0000009fe99ff158, R15=0x000001d14074c5e0
RIP=0x000000006d0a2078, EFLAGS=0x0000000000010202


Register to memory mapping:

RIP=0x000000006d0a2078 sqlite-3.21.0-ab493bd9-c42b-47b3-ad51-845ec78545b9-sqlitejdbc.dll
RAX=0x000000006d0829b0 sqlite-3.21.0-ab493bd9-c42b-47b3-ad51-845ec78545b9-sqlitejdbc.dll
RBX=0x0 is NULL
RCX=0x000001d1356050e8 points into unknown readable memory: 0x3430373137382e39 | 39 2e 38 37 31 37 30 34
RDX=0x0000000000000001 is an unknown value
RSP=0x0000009fe99fefe0 is pointing into the stack for thread: 0x000001d14074c5e0
RBP=0x000000006d0b5560 sqlite-3.21.0-ab493bd9-c42b-47b3-ad51-845ec78545b9-sqlitejdbc.dll
RSI=0x3430373137382e39 is an unknown value
RDI=0x000001d1356050e8 points into unknown readable memory: 0x3430373137382e39 | 39 2e 38 37 31 37 30 34
R8 =0x000000006d0b5560 sqlite-3.21.0-ab493bd9-c42b-47b3-ad51-845ec78545b9-sqlitejdbc.dll
R9 =0x0 is NULL
R10=0x000001d1280a2bc8 is at code_begin+1256 in an Interpreter codelet
method entry point (kind = native_synchronized)  [0x000001d1280a26e0, 0x000001d1280a32d0]  3056 bytes
R11=0x0000000000000120 is an unknown value
R12=0x0 is NULL
R13={method} {0x000001d135cc0b68} 'column_name_utf8' '(JI)[B' in 'org/sqlite/core/NativeDB'
R14=0x0000009fe99ff158 is pointing into the stack for thread: 0x000001d14074c5e0
R15=0x000001d14074c5e0 is a thread


Top of Stack: (sp=0x0000009fe99fefe0)
0x0000009fe99fefe0:   0000000082154d10 0000009fe99ff008
0x0000009fe99feff0:   0000009fe99ff058 000001d12809dfe3
0x0000009fe99ff000:   000036be345e49a7 0000000080f54d18
0x0000009fe99ff010:   000001d135cc0b60 000001d135cc0b60
0x0000009fe99ff020:   000001d14074c8c0 0000000082154d50
0x0000009fe99ff030:   0000009fe99ff120 000000006d0829c9
0x0000009fe99ff040:   000001d140aaf498 000001d12809de8a
0x0000009fe99ff050:   000001d14074c5e0 0000000000000000
0x0000009fe99ff060:   00000000810f69c8 000001d135cc0b60
0x0000009fe99ff070:   0000000000000000 000001d1280a2bf7
0x0000009fe99ff080:   0000009fe99ff080 0000000800bc6169
0x0000009fe99ff090:   0000000082154d50 000001d1280a296e
0x0000009fe99ff0a0:   000001d135cc0b60 0000000000000000
0x0000009fe99ff0b0:   000001d14074c5e0 0000009fe99ff160
0x0000009fe99ff0c0:   000001d1280a2919 0000000000000003
0x0000009fe99ff0d0:   00000000810f69c8 0000009fe99ff0c8
0x0000009fe99ff0e0:   000001d135cc0b60 0000009fe99ff158
0x0000009fe99ff0f0:   000001d135e0fad0 0000000000000000
0x0000009fe99ff100:   0000000081081988 000001d135cc0b60
0x0000009fe99ff110:   0000000000000000 0000009fe99ff140
0x0000009fe99ff120:   0000009fe99ff1b8 000001d12809dfe3
0x0000009fe99ff130:   0000000000000000 000001d12809f89a
0x0000009fe99ff140:   0000000000000001 000001d1356050e8
0x0000009fe99ff150:   0000000000000000 00000000810f69c8
0x0000009fe99ff160:   0000000000000003 00000000810f69c8
0x0000009fe99ff170:   0000009fe99ff160 000001d135cc0a9b
0x0000009fe99ff180:   0000009fe99ff1e0 000001d135e0fad0
0x0000009fe99ff190:   0000000000000000 0000000081081988
0x0000009fe99ff1a0:   000001d135cc0ad0 0000009fe99ff140
0x0000009fe99ff1b0:   0000009fe99ff1c8 0000009fe99ff250
0x0000009fe99ff1c0:   000001d12809dfe3 0000000000000001
0x0000009fe99ff1d0:   000001d1356050e8 0000000000000000 

Instructions: (pc=0x000000006d0a2078)
0x000000006d0a1f78:   e2 04 48 01 c8 48 01 ca 48 83 78 18 00 74 3f 48
0x000000006d0a1f88:   83 7a 18 00 0f 84 7e 00 00 00 44 8b 48 14 4c 8b
0x000000006d0a1f98:   40 28 8b 42 14 4c 8b 56 08 c7 44 24 3c 00 00 00
0x000000006d0a1fa8:   00 89 44 24 28 48 8b 42 28 4c 89 d1 4c 89 e2 48
0x000000006d0a1fb8:   89 44 24 20 41 ff 52 40 85 c0 41 0f 4e df 48 8b
0x000000006d0a1fc8:   46 10 41 83 ee 02 42 89 1c 28 49 83 ed 04 83 ed
0x000000006d0a1fd8:   01 74 27 8b 1e 89 d8 c1 e8 1f 01 c3 d1 fb 39 eb
0x000000006d0a1fe8:   0f 8e 65 ff ff ff 48 8b 46 10 49 63 d6 44 8b 3c
0x000000006d0a1ff8:   90 8b 5c 90 04 e9 5e ff ff ff 48 8b 47 18 0f b6
0x000000006d0a2008:   40 13 e9 0e ff ff ff 90 44 89 fb eb b1 90 66 2e
0x000000006d0a2018:   0f 1f 84 00 00 00 00 00 53 48 83 ec 20 ba 01 00
0x000000006d0a2028:   00 00 48 89 cb e8 1e fd ff ff 48 8b 53 48 48 98
0x000000006d0a2038:   48 8b 12 c7 42 08 01 00 00 00 48 83 c4 20 5b c3
0x000000006d0a2048:   0f 1f 84 00 00 00 00 00 55 57 56 53 48 83 ec 38
0x000000006d0a2058:   0f b7 99 bc 00 00 00 48 8b 31 48 89 cf 4c 89 c5
0x000000006d0a2068:   39 da 0f 8d 83 00 00 00 85 d2 78 7f 41 0f af d9
0x000000006d0a2078:   48 8b 4e 18 01 d3 48 85 c9 74 06 ff 15 67 af 0a
0x000000006d0a2088:   00 48 63 d3 48 8d 04 d5 00 00 00 00 48 c1 e2 06
0x000000006d0a2098:   48 29 c2 48 89 d1 48 03 8f 80 00 00 00 ff d5 80
0x000000006d0a20a8:   7e 61 00 75 23 48 8b 4e 18 48 85 c9 74 10 48 89
0x000000006d0a20b8:   44 24 28 ff 15 3f af 0a 00 48 8b 44 24 28 48 83
0x000000006d0a20c8:   c4 38 5b 5e 5f 5d c3 90 8b 96 c4 00 00 00 31 c0
0x000000006d0a20d8:   85 d2 75 d1 c6 46 61 00 c7 86 58 01 00 00 00 00
0x000000006d0a20e8:   00 00 83 ae 60 01 00 00 01 eb ba 31 c0 48 83 c4
0x000000006d0a20f8:   38 5b 5e 5f 5d c3 66 90 4c 8d 05 59 34 01 00 45
0x000000006d0a2108:   31 c9 e9 41 ff ff ff 90 4c 8d 05 69 6c 01 00 45
0x000000006d0a2118:   31 c9 e9 31 ff ff ff 90 4c 8d 05 39 34 01 00 41
0x000000006d0a2128:   b9 01 00 00 00 e9 1e ff ff ff 0f 1f 40 00 66 2e
0x000000006d0a2138:   0f 1f 84 00 00 00 00 00 4c 8d 05 39 6c 01 00 41
0x000000006d0a2148:   b9 01 00 00 00 e9 fe fe ff ff 0f 1f 40 00 66 2e
0x000000006d0a2158:   0f 1f 84 00 00 00 00 00 4c 8d 05 f9 33 01 00 41
0x000000006d0a2168:   b9 02 00 00 00 e9 de fe ff ff 0f 1f 40 00 66 2e 


Stack slot to memory mapping:
stack at sp + 0 slots: 0x0000000082154d10 is an oop: java.lang.String 
{0x0000000082154d10} - klass: 'java/lang/String'
 - string: "9.87170489165613e-312"
 - ---- fields (total size 3 words):
 - private 'hash' 'I' @12  0 (0x00000000)
 - private final 'coder' 'B' @16  0 (0x00)
 - private 'hashIsZero' 'Z' @17  false (0x00)
 - abstract internal 'flags' 'B' @18  0 (0x00)
 - private final synchronized 'value' '[B' @20  [B{0x0000000082154d28} (0x82154d28)
stack at sp + 1 slots: 0x0000009fe99ff008 is pointing into the stack for thread: 0x000001d14074c5e0
stack at sp + 2 slots: 0x0000009fe99ff058 is pointing into the stack for thread: 0x000001d14074c5e0
stack at sp + 3 slots: 0x000001d12809dfe3 is at code_begin+1443 in an Interpreter codelet
return entry points  [0x000001d12809da40, 0x000001d12809e508]  2760 bytes
stack at sp + 4 slots: 0x000036be345e49a7 is an unknown value
stack at sp + 5 slots: 0x0000000080f54d18 is an oop: java.lang.String 
{0x0000000080f54d18} - klass: 'java/lang/String'
 - string: "UTF-8"
 - ---- fields (total size 3 words):
 - private 'hash' 'I' @12  81070450 (0x04d50972)
 - private final 'coder' 'B' @16  0 (0x00)
 - private 'hashIsZero' 'Z' @17  false (0x00)
 - abstract internal 'flags' 'B' @18  0 (0x00)
 - private final synchronized 'value' '[B' @20  [B{0x0000000080f54d30} (0x80f54d30)
stack at sp + 6 slots: {method} {0x000001d135cc0b68} 'column_name_utf8' '(JI)[B' in 'org/sqlite/core/NativeDB'
stack at sp + 7 slots: {method} {0x000001d135cc0b68} 'column_name_utf8' '(JI)[B' in 'org/sqlite/core/NativeDB'


---------------  P R O C E S S  ---------------

Threads class SMR info:
_java_thread_list=0x000001d1410f42f0, length=25, elements={
0x000001d135480790, 0x000001d1354855a0, 0x000001d135488f20, 0x000001d13548a480,
0x000001d13548d570, 0x000001d13548ee70, 0x000001d135490910, 0x000001d1354961f0,
0x000001d13544dd10, 0x000001d139a4e0f0, 0x000001d139a4e640, 0x000001d139ed5080,
0x000001d139fe94d0, 0x000001d139fe9ea0, 0x000001d13a1666b0, 0x000001d13a2307c0,
0x000001d13a230d10, 0x000001d14074f060, 0x000001d14074c090, 0x000001d140748b70,
0x000001d1407490c0, 0x000001d14074e070, 0x000001d14074cb30, 0x000001d14074eb10,
0x000001d14074c5e0
}

Java Threads: ( => current thread )
  0x000001d135480790 JavaThread "Reference Handler" daemon [_thread_blocked, id=9672, stack(0x0000009fe6800000,0x0000009fe6900000)]
  0x000001d1354855a0 JavaThread "Finalizer" daemon [_thread_blocked, id=6756, stack(0x0000009fe6900000,0x0000009fe6a00000)]
  0x000001d135488f20 JavaThread "Signal Dispatcher" daemon [_thread_blocked, id=9056, stack(0x0000009fe6a00000,0x0000009fe6b00000)]
  0x000001d13548a480 JavaThread "Attach Listener" daemon [_thread_blocked, id=9224, stack(0x0000009fe6b00000,0x0000009fe6c00000)]
  0x000001d13548d570 JavaThread "Service Thread" daemon [_thread_blocked, id=12696, stack(0x0000009fe6c00000,0x0000009fe6d00000)]
  0x000001d13548ee70 JavaThread "Monitor Deflation Thread" daemon [_thread_blocked, id=3000, stack(0x0000009fe6d00000,0x0000009fe6e00000)]
  0x000001d135490910 JavaThread "C2 CompilerThread0" daemon [_thread_blocked, id=9624, stack(0x0000009fe6e00000,0x0000009fe6f00000)]
  0x000001d1354961f0 JavaThread "C1 CompilerThread0" daemon [_thread_blocked, id=5784, stack(0x0000009fe6f00000,0x0000009fe7000000)]
  0x000001d13544dd10 JavaThread "Common-Cleaner" daemon [_thread_blocked, id=8824, stack(0x0000009fe7000000,0x0000009fe7100000)]
  0x000001d139a4e0f0 JavaThread "Monitor Ctrl-Break" daemon [_thread_in_native, id=10012, stack(0x0000009fe7100000,0x0000009fe7200000)]
  0x000001d139a4e640 JavaThread "Notification Thread" daemon [_thread_blocked, id=8288, stack(0x0000009fe7200000,0x0000009fe7300000)]
  0x000001d139ed5080 JavaThread "Java2D Disposer" daemon [_thread_blocked, id=10184, stack(0x0000009fe7400000,0x0000009fe7500000)]
  0x000001d139fe94d0 JavaThread "AWT-Shutdown" [_thread_blocked, id=240, stack(0x0000009fe7500000,0x0000009fe7600000)]
  0x000001d139fe9ea0 JavaThread "AWT-Windows" daemon [_thread_in_native, id=6080, stack(0x0000009fe7600000,0x0000009fe7700000)]
  0x000001d13a1666b0 JavaThread "AWT-EventQueue-0" [_thread_blocked, id=5056, stack(0x0000009fe7900000,0x0000009fe7a00000)]
  0x000001d13a2307c0 JavaThread "DestroyJavaVM" [_thread_blocked, id=6672, stack(0x0000009fe6100000,0x0000009fe6200000)]
  0x000001d13a230d10 JavaThread "D3D Screen Updater" daemon [_thread_blocked, id=7720, stack(0x0000009fe8600000,0x0000009fe8700000)]
  0x000001d14074f060 JavaThread "TimerQueue" daemon [_thread_blocked, id=4228, stack(0x0000009fe8e00000,0x0000009fe8f00000)]
  0x000001d14074c090 JavaThread "OkHttp en.wikipedia.org" [_thread_in_native, id=3756, stack(0x0000009fe9300000,0x0000009fe9400000)]
  0x000001d140748b70 JavaThread "OkHttp ConnectionPool" daemon [_thread_blocked, id=11012, stack(0x0000009fe9400000,0x0000009fe9500000)]
  0x000001d1407490c0 JavaThread "Okio Watchdog" daemon [_thread_blocked, id=2020, stack(0x0000009fe9500000,0x0000009fe9600000)]
  0x000001d14074e070 JavaThread "OkHttp en.wikipedia.org Writer" [_thread_blocked, id=5492, stack(0x0000009fe9600000,0x0000009fe9700000)]
  0x000001d14074cb30 JavaThread "OkHttp Http2Connection" daemon [_thread_blocked, id=11456, stack(0x0000009fe9700000,0x0000009fe9800000)]
  0x000001d14074eb10 JavaThread "Thread-4" [_thread_blocked, id=10752, stack(0x0000009fe9100000,0x0000009fe9200000)]
=>0x000001d14074c5e0 JavaThread "Thread-5" [_thread_in_native, id=11792, stack(0x0000009fe9900000,0x0000009fe9a00000)]

Other Threads:
  0x000001d13545ff70 VMThread "VM Thread" [stack: 0x0000009fe6700000,0x0000009fe6800000] [id=6852]
  0x000001d139a04830 WatcherThread "VM Periodic Task Thread" [stack: 0x0000009fe7300000,0x0000009fe7400000] [id=6004]
  0x000001d118aec600 WorkerThread "GC Thread#0" [stack: 0x0000009fe6200000,0x0000009fe6300000] [id=10400]
  0x000001d14054d850 WorkerThread "GC Thread#1" [stack: 0x0000009fe8700000,0x0000009fe8800000] [id=7060]
  0x000001d14054ddf0 WorkerThread "GC Thread#2" [stack: 0x0000009fe8800000,0x0000009fe8900000] [id=7544]
  0x000001d14054e390 WorkerThread "GC Thread#3" [stack: 0x0000009fe8900000,0x0000009fe8a00000] [id=12280]
  0x000001d14054db20 WorkerThread "GC Thread#4" [stack: 0x0000009fe8a00000,0x0000009fe8b00000] [id=12560]
  0x000001d14054e0c0 WorkerThread "GC Thread#5" [stack: 0x0000009fe8b00000,0x0000009fe8c00000] [id=1852]
  0x000001d140741fa0 WorkerThread "GC Thread#6" [stack: 0x0000009fe8c00000,0x0000009fe8d00000] [id=8744]
  0x000001d140741cd0 WorkerThread "GC Thread#7" [stack: 0x0000009fe8d00000,0x0000009fe8e00000] [id=9532]
  0x000001d118affa70 ConcurrentGCThread "G1 Main Marker" [stack: 0x0000009fe6300000,0x0000009fe6400000] [id=252]
  0x000001d118b00b50 WorkerThread "G1 Conc#0" [stack: 0x0000009fe6400000,0x0000009fe6500000] [id=12648]
  0x000001d140743350 WorkerThread "G1 Conc#1" [stack: 0x0000009fe9800000,0x0000009fe9900000] [id=9856]
  0x000001d118b5de20 ConcurrentGCThread "G1 Refine#0" [stack: 0x0000009fe6500000,0x0000009fe6600000] [id=11804]
  0x000001d118b5e7d0 ConcurrentGCThread "G1 Service" [stack: 0x0000009fe6600000,0x0000009fe6700000] [id=4196]

Threads with active compile tasks:

VM state: not at safepoint (normal execution)

VM Mutex/Monitor currently owned by a thread: None

Heap address: 0x0000000080c00000, size: 2036 MB, Compressed Oops mode: 32-bit

CDS archive(s) mapped at: [0x0000000800000000-0x0000000800c60000-0x0000000800c60000), size 12976128, SharedBaseAddress: 0x0000000800000000, ArchiveRelocationMode: 0.
Compressed class space mapped at: 0x0000000801000000-0x0000000841000000, reserved size: 1073741824
Narrow klass base: 0x0000000800000000, Narrow klass shift: 0, Narrow klass range: 0x100000000

GC Precious Log:
 CardTable entry size: 512
 Card Set container configuration: InlinePtr #cards 5 size 8 Array Of Cards #cards 12 size 40 Howl #buckets 4 coarsen threshold 1843 Howl Bitmap #cards 512 size 80 coarsen threshold 460 Card regions per heap region 1 cards per card region 2048
 CPUs: 8 total, 8 available
 Memory: 8139M
 Large Page Support: Disabled
 NUMA Support: Disabled
 Compressed Oops: Enabled (32-bit)
 Heap Region Size: 1M
 Heap Min Capacity: 8M
 Heap Initial Capacity: 128M
 Heap Max Capacity: 2036M
 Pre-touch: Disabled
 Parallel Workers: 8
 Concurrent Workers: 2
 Concurrent Refinement Workers: 8
 Periodic GC: Disabled

Heap:
 garbage-first heap   total 30720K, used 17584K [0x0000000080c00000, 0x0000000100000000)
  region size 1024K, 9 young (9216K), 1 survivors (1024K)
 Metaspace       used 22007K, committed 22336K, reserved 1114112K
  class space    used 2432K, committed 2560K, reserved 1048576K

Heap Regions: E=young(eden), S=young(survivor), O=old, HS=humongous(starts), HC=humongous(continues), CS=collection set, F=free, OA=open archive, CA=closed archive, TAMS=top-at-mark-start, PB=parsable bottom
|   0|0x0000000080c00000, 0x0000000080d00000, 0x0000000080d00000|100%| O|  |TAMS 0x0000000080c00000| PB 0x0000000080c00000| Untracked 
|   1|0x0000000080d00000, 0x0000000080e00000, 0x0000000080e00000|100%| O|  |TAMS 0x0000000080d00000| PB 0x0000000080d00000| Untracked 
|   2|0x0000000080e00000, 0x0000000080f00000, 0x0000000080f00000|100%| O|  |TAMS 0x0000000080e00000| PB 0x0000000080e00000| Untracked 
|   3|0x0000000080f00000, 0x0000000081000000, 0x0000000081000000|100%| O|  |TAMS 0x0000000080f00000| PB 0x0000000080f00000| Untracked 
|   4|0x0000000081000000, 0x0000000081100000, 0x0000000081100000|100%| O|  |TAMS 0x0000000081000000| PB 0x0000000081000000| Untracked 
|   5|0x0000000081100000, 0x0000000081200000, 0x0000000081200000|100%| O|  |TAMS 0x0000000081100000| PB 0x0000000081100000| Untracked 
|   6|0x0000000081200000, 0x0000000081231e00, 0x0000000081300000| 19%| O|  |TAMS 0x0000000081200000| PB 0x0000000081200000| Complete 
|   7|0x0000000081300000, 0x0000000081400000, 0x0000000081400000|100%|HS|  |TAMS 0x0000000081300000| PB 0x0000000081300000| Complete 
|   8|0x0000000081400000, 0x0000000081500000, 0x0000000081500000|100%|HS|  |TAMS 0x0000000081400000| PB 0x0000000081400000| Complete 
|   9|0x0000000081500000, 0x0000000081600000, 0x0000000081600000|100%|HS|  |TAMS 0x0000000081500000| PB 0x0000000081500000| Complete 
|  10|0x0000000081600000, 0x0000000081600000, 0x0000000081700000|  0%| F|  |TAMS 0x0000000081600000| PB 0x0000000081600000| Untracked 
|  11|0x0000000081700000, 0x0000000081700000, 0x0000000081800000|  0%| F|  |TAMS 0x0000000081700000| PB 0x0000000081700000| Untracked 
|  12|0x0000000081800000, 0x0000000081800000, 0x0000000081900000|  0%| F|  |TAMS 0x0000000081800000| PB 0x0000000081800000| Untracked 
|  13|0x0000000081900000, 0x0000000081900000, 0x0000000081a00000|  0%| F|  |TAMS 0x0000000081900000| PB 0x0000000081900000| Untracked 
|  14|0x0000000081a00000, 0x0000000081a00000, 0x0000000081b00000|  0%| F|  |TAMS 0x0000000081a00000| PB 0x0000000081a00000| Untracked 
|  15|0x0000000081b00000, 0x0000000081b00000, 0x0000000081c00000|  0%| F|  |TAMS 0x0000000081b00000| PB 0x0000000081b00000| Untracked 
|  16|0x0000000081c00000, 0x0000000081c00000, 0x0000000081d00000|  0%| F|  |TAMS 0x0000000081c00000| PB 0x0000000081c00000| Untracked 
|  17|0x0000000081d00000, 0x0000000081d00000, 0x0000000081e00000|  0%| F|  |TAMS 0x0000000081d00000| PB 0x0000000081d00000| Untracked 
|  18|0x0000000081e00000, 0x0000000081e00000, 0x0000000081f00000|  0%| F|  |TAMS 0x0000000081e00000| PB 0x0000000081e00000| Untracked 
|  19|0x0000000081f00000, 0x0000000081f00000, 0x0000000082000000|  0%| F|  |TAMS 0x0000000081f00000| PB 0x0000000081f00000| Untracked 
|  20|0x0000000082000000, 0x0000000082000000, 0x0000000082100000|  0%| F|  |TAMS 0x0000000082000000| PB 0x0000000082000000| Untracked 
|  21|0x0000000082100000, 0x000000008215a9c0, 0x0000000082200000| 35%| E|  |TAMS 0x0000000082100000| PB 0x0000000082100000| Complete 
|  22|0x0000000082200000, 0x0000000082300000, 0x0000000082300000|100%| E|CS|TAMS 0x0000000082200000| PB 0x0000000082200000| Complete 
|  23|0x0000000082300000, 0x0000000082400000, 0x0000000082400000|100%| E|CS|TAMS 0x0000000082300000| PB 0x0000000082300000| Complete 
|  24|0x0000000082400000, 0x0000000082500000, 0x0000000082500000|100%| E|CS|TAMS 0x0000000082400000| PB 0x0000000082400000| Complete 
|  25|0x0000000082500000, 0x0000000082600000, 0x0000000082600000|100%| E|CS|TAMS 0x0000000082500000| PB 0x0000000082500000| Complete 
|  26|0x0000000082600000, 0x0000000082700000, 0x0000000082700000|100%| E|CS|TAMS 0x0000000082600000| PB 0x0000000082600000| Complete 
|  27|0x0000000082700000, 0x0000000082800000, 0x0000000082800000|100%| E|CS|TAMS 0x0000000082700000| PB 0x0000000082700000| Complete 
| 115|0x0000000087f00000, 0x0000000087ffa450, 0x0000000088000000| 97%| S|CS|TAMS 0x0000000087f00000| PB 0x0000000087f00000| Complete 
| 127|0x0000000088b00000, 0x0000000088c00000, 0x0000000088c00000|100%| E|CS|TAMS 0x0000000088b00000| PB 0x0000000088b00000| Complete 

Card table byte_map: [0x000001d130280000,0x000001d130680000] _byte_map_base: 0x000001d12fe7a000

Marking Bits: (CMBitMap*) 0x000001d118aeeb60
 Bits: [0x000001d130a80000, 0x000001d132a50000)

Polling page: 0x000001d116a00000

Metaspace:

Usage:
  Non-class:     19.12 MB used.
      Class:      2.38 MB used.
       Both:     21.49 MB used.

Virtual space:
  Non-class space:       64.00 MB reserved,      19.31 MB ( 30%) committed,  1 nodes.
      Class space:        1.00 GB reserved,       2.50 MB ( <1%) committed,  1 nodes.
             Both:        1.06 GB reserved,      21.81 MB (  2%) committed. 

Chunk freelists:
   Non-Class:  432.00 KB
       Class:  1.48 MB
        Both:  1.90 MB

MaxMetaspaceSize: unlimited
CompressedClassSpaceSize: 1.00 GB
Initial GC threshold: 21.00 MB
Current GC threshold: 35.12 MB
CDS: on
MetaspaceReclaimPolicy: balanced
 - commit_granule_bytes: 65536.
 - commit_granule_words: 8192.
 - virtual_space_node_default_size: 8388608.
 - enlarge_chunks_in_place: 1.
 - new_chunks_are_fully_committed: 0.
 - uncommit_free_chunks: 1.
 - use_allocation_guard: 0.


Internal statistics:

num_allocs_failed_limit: 3.
num_arena_births: 224.
num_arena_deaths: 0.
num_vsnodes_births: 2.
num_vsnodes_deaths: 0.
num_space_committed: 349.
num_space_uncommitted: 0.
num_chunks_returned_to_freelist: 3.
num_chunks_taken_from_freelist: 457.
num_chunk_merges: 0.
num_chunk_splits: 266.
num_chunks_enlarged: 150.
num_inconsistent_stats: 0.

CodeHeap 'non-profiled nmethods': size=120000Kb used=1249Kb max_used=1249Kb free=118750Kb
 bounds [0x000001d128620000, 0x000001d128890000, 0x000001d12fb50000]
CodeHeap 'profiled nmethods': size=120000Kb used=6246Kb max_used=6246Kb free=113753Kb
 bounds [0x000001d120b50000, 0x000001d121170000, 0x000001d128080000]
CodeHeap 'non-nmethods': size=5760Kb used=1783Kb max_used=1808Kb free=3976Kb
 bounds [0x000001d128080000, 0x000001d1282f0000, 0x000001d128620000]
 total_blobs=4186 nmethods=3436 adapters=659
 compilation: enabled
              stopped_count=0, restarted_count=0
 full_count=0

Compilation events (20 events):
Event: 32.933 Thread 0x000001d1354961f0 3420       3       java.lang.invoke.ClassSpecializer$SpeciesData::transformHelper (56 bytes)
Event: 32.934 Thread 0x000001d1354961f0 nmethod 3420 0x000001d121160110 code [0x000001d1211603a0, 0x000001d1211612b0]
Event: 32.934 Thread 0x000001d1354961f0 3421       3       javax.swing.text.PlainView::updateMetrics (121 bytes)
Event: 32.936 Thread 0x000001d1354961f0 nmethod 3421 0x000001d121161710 code [0x000001d121161a80, 0x000001d121163838]
Event: 32.936 Thread 0x000001d1354961f0 3422   !   3       javax.swing.JComponent::paintComponent (44 bytes)
Event: 32.936 Thread 0x000001d1354961f0 nmethod 3422 0x000001d121164010 code [0x000001d121164200, 0x000001d121164858]
Event: 32.938 Thread 0x000001d1354961f0 3423       3       javax.swing.JComponent::paintBorder (28 bytes)
Event: 32.938 Thread 0x000001d1354961f0 nmethod 3423 0x000001d121164b10 code [0x000001d121164cc0, 0x000001d121165168]
Event: 32.938 Thread 0x000001d1354961f0 3424       3       sun.font.FontStrikeDesc::<init> (144 bytes)
Event: 32.938 Thread 0x000001d1354961f0 nmethod 3424 0x000001d121165290 code [0x000001d121165420, 0x000001d1211657f0]
Event: 32.938 Thread 0x000001d1354961f0 3425       3       java.lang.invoke.VarHandleGuards::guard_LII_Z (86 bytes)
Event: 32.940 Thread 0x000001d1354961f0 nmethod 3425 0x000001d121165890 code [0x000001d121165ba0, 0x000001d1211674f8]
Event: 32.940 Thread 0x000001d1354961f0 3426       3       java.util.concurrent.atomic.AtomicBoolean::compareAndSet (26 bytes)
Event: 32.941 Thread 0x000001d1354961f0 nmethod 3426 0x000001d121167c90 code [0x000001d121167ea0, 0x000001d121168600]
Event: 32.941 Thread 0x000001d1354961f0 3427       3       sun.swing.SwingUtilities2::isPrinting (20 bytes)
Event: 32.941 Thread 0x000001d1354961f0 nmethod 3427 0x000001d121168890 code [0x000001d121168a20, 0x000001d121168dc8]
Event: 32.941 Thread 0x000001d1354961f0 3428       1       javax.swing.text.JTextComponent::getSelectedTextColor (5 bytes)
Event: 32.941 Thread 0x000001d1354961f0 nmethod 3428 0x000001d128756f90 code [0x000001d128757100, 0x000001d1287571d0]
Event: 32.941 Thread 0x000001d1354961f0 3430       3       sun.font.FontUtilities::getFont2D (8 bytes)
Event: 32.941 Thread 0x000001d1354961f0 nmethod 3430 0x000001d121168e90 code [0x000001d121169040, 0x000001d1211692b0]

GC Heap History (4 events):
Event: 2.851 GC heap before
{Heap before GC invocations=0 (full 0):
 garbage-first heap   total 131072K, used 23552K [0x0000000080c00000, 0x0000000100000000)
  region size 1024K, 23 young (23552K), 0 survivors (0K)
 Metaspace       used 15861K, committed 16128K, reserved 1114112K
  class space    used 1763K, committed 1920K, reserved 1048576K
}
Event: 2.859 GC heap after
{Heap after GC invocations=1 (full 0):
 garbage-first heap   total 131072K, used 6085K [0x0000000080c00000, 0x0000000100000000)
  region size 1024K, 3 young (3072K), 3 survivors (3072K)
 Metaspace       used 15861K, committed 16128K, reserved 1114112K
  class space    used 1763K, committed 1920K, reserved 1048576K
}
Event: 28.531 GC heap before
{Heap before GC invocations=1 (full 0):
 garbage-first heap   total 131072K, used 17349K [0x0000000080c00000, 0x0000000100000000)
  region size 1024K, 15 young (15360K), 3 survivors (3072K)
 Metaspace       used 21235K, committed 21504K, reserved 1114112K
  class space    used 2351K, committed 2496K, reserved 1048576K
}
Event: 28.535 GC heap after
{Heap after GC invocations=2 (full 0):
 garbage-first heap   total 131072K, used 7344K [0x0000000080c00000, 0x0000000100000000)
  region size 1024K, 1 young (1024K), 1 survivors (1024K)
 Metaspace       used 21235K, committed 21504K, reserved 1114112K
  class space    used 2351K, committed 2496K, reserved 1048576K
}

Dll operation events (15 events):
Event: 0.011 Loaded shared library C:\Users\Joaquin\.jdks\openjdk-20\bin\java.dll
Event: 0.024 Loaded shared library C:\Users\Joaquin\.jdks\openjdk-20\bin\jsvml.dll
Event: 0.146 Loaded shared library C:\Users\Joaquin\.jdks\openjdk-20\bin\zip.dll
Event: 0.150 Loaded shared library C:\Users\Joaquin\.jdks\openjdk-20\bin\instrument.dll
Event: 0.157 Loaded shared library C:\Users\Joaquin\.jdks\openjdk-20\bin\net.dll
Event: 0.160 Loaded shared library C:\Users\Joaquin\.jdks\openjdk-20\bin\nio.dll
Event: 0.166 Loaded shared library C:\Users\Joaquin\.jdks\openjdk-20\bin\zip.dll
Event: 0.191 Loaded shared library C:\Program Files\JetBrains\IntelliJ IDEA Community Edition 2023.1.1\bin\breakgen64.dll
Event: 0.203 Loaded shared library C:\Users\Joaquin\.jdks\openjdk-20\bin\extnet.dll
Event: 0.261 Loaded shared library C:\Users\Joaquin\.jdks\openjdk-20\bin\jimage.dll
Event: 0.351 Loaded shared library C:\Users\Joaquin\.jdks\openjdk-20\bin\sunmscapi.dll
Event: 0.875 Loaded shared library C:\Users\Joaquin\AppData\Local\Temp\sqlite-3.21.0-ab493bd9-c42b-47b3-ad51-845ec78545b9-sqlitejdbc.dll
Event: 0.912 Loaded shared library C:\Users\Joaquin\.jdks\openjdk-20\bin\awt.dll
Event: 1.359 Loaded shared library C:\Users\Joaquin\.jdks\openjdk-20\bin\freetype.dll
Event: 1.360 Loaded shared library C:\Users\Joaquin\.jdks\openjdk-20\bin\fontmanager.dll

Deoptimization events (20 events):
Event: 31.316 Thread 0x000001d13a1666b0 Uncommon trap: trap_request=0xffffffde fr.pc=0x000001d1286e4ec0 relative=0x0000000000000ce0
Event: 31.316 Thread 0x000001d13a1666b0 Uncommon trap: reason=class_check action=maybe_recompile pc=0x000001d1286e4ec0 method=java.awt.Container.getMouseEventTargetImpl(IIZLjava/awt/Container$EventTargetFilter;ZZ)Ljava/awt/Component; @ 191 c2
Event: 31.316 Thread 0x000001d13a1666b0 DEOPT PACKING pc=0x000001d1286e4ec0 sp=0x0000009fe79fe780
Event: 31.316 Thread 0x000001d13a1666b0 DEOPT UNPACKING pc=0x000001d1280e9d22 sp=0x0000009fe79fe688 mode 2
Event: 31.318 Thread 0x000001d13a1666b0 Uncommon trap: trap_request=0xffffffde fr.pc=0x000001d1286e4ec0 relative=0x0000000000000ce0
Event: 31.318 Thread 0x000001d13a1666b0 Uncommon trap: reason=class_check action=maybe_recompile pc=0x000001d1286e4ec0 method=java.awt.Container.getMouseEventTargetImpl(IIZLjava/awt/Container$EventTargetFilter;ZZ)Ljava/awt/Component; @ 191 c2
Event: 31.318 Thread 0x000001d13a1666b0 DEOPT PACKING pc=0x000001d1286e4ec0 sp=0x0000009fe79fe780
Event: 31.318 Thread 0x000001d13a1666b0 DEOPT UNPACKING pc=0x000001d1280e9d22 sp=0x0000009fe79fe688 mode 2
Event: 31.543 Thread 0x000001d1407480d0 Uncommon trap: trap_request=0xffffff45 fr.pc=0x000001d1286577d4 relative=0x0000000000000434
Event: 31.543 Thread 0x000001d1407480d0 Uncommon trap: reason=unstable_if action=reinterpret pc=0x000001d1286577d4 method=java.lang.AbstractStringBuilder.inflateIfNeededFor(Ljava/lang/String;)V @ 14 c2
Event: 31.543 Thread 0x000001d1407480d0 DEOPT PACKING pc=0x000001d1286577d4 sp=0x0000009fe99ff2a0
Event: 31.543 Thread 0x000001d1407480d0 DEOPT UNPACKING pc=0x000001d1280e9d22 sp=0x0000009fe99ff140 mode 2
Event: 31.543 Thread 0x000001d1407480d0 Uncommon trap: trap_request=0xffffff45 fr.pc=0x000001d128658254 relative=0x0000000000000434
Event: 31.543 Thread 0x000001d1407480d0 Uncommon trap: reason=unstable_if action=reinterpret pc=0x000001d128658254 method=java.lang.AbstractStringBuilder.inflateIfNeededFor(Ljava/lang/String;)V @ 14 c2
Event: 31.543 Thread 0x000001d1407480d0 DEOPT PACKING pc=0x000001d128658254 sp=0x0000009fe99ff230
Event: 31.543 Thread 0x000001d1407480d0 DEOPT UNPACKING pc=0x000001d1280e9d22 sp=0x0000009fe99ff138 mode 2
Event: 32.933 Thread 0x000001d14074c5e0 Uncommon trap: trap_request=0xffffff45 fr.pc=0x000001d128673f48 relative=0x0000000000000248
Event: 32.933 Thread 0x000001d14074c5e0 Uncommon trap: reason=unstable_if action=reinterpret pc=0x000001d128673f48 method=java.lang.String.startsWith(Ljava/lang/String;I)Z @ 50 c2
Event: 32.933 Thread 0x000001d14074c5e0 DEOPT PACKING pc=0x000001d128673f48 sp=0x0000009fe99ff240
Event: 32.933 Thread 0x000001d14074c5e0 DEOPT UNPACKING pc=0x000001d1280e9d22 sp=0x0000009fe99ff1a0 mode 2

Classes loaded (20 events):
Event: 28.641 Loading class javax/swing/JMenuBar
Event: 28.641 Loading class javax/swing/JMenuBar done
Event: 31.300 Loading class javax/swing/plaf/basic/BasicMenuItemUI$Actions
Event: 31.300 Loading class javax/swing/plaf/basic/BasicMenuItemUI$Actions done
Event: 31.300 Loading class javax/swing/JCheckBoxMenuItem
Event: 31.300 Loading class javax/swing/JCheckBoxMenuItem done
Event: 31.301 Loading class javax/swing/JRadioButtonMenuItem
Event: 31.301 Loading class javax/swing/JRadioButtonMenuItem done
Event: 31.314 Loading class javax/swing/Popup$DefaultFrame
Event: 31.314 Loading class javax/swing/Popup$DefaultFrame done
Event: 31.314 Loading class javax/swing/PopupFactory$HeavyWeightPopup$1
Event: 31.314 Loading class java/awt/event/WindowAdapter
Event: 31.314 Loading class java/awt/event/WindowAdapter done
Event: 31.314 Loading class javax/swing/PopupFactory$HeavyWeightPopup$1 done
Event: 31.314 Loading class jdk/internal/event/ThreadSleepEvent
Event: 31.315 Loading class jdk/internal/event/ThreadSleepEvent done
Event: 31.318 Loading class java/awt/Event
Event: 31.318 Loading class java/awt/Event done
Event: 31.542 Loading class java/util/ConcurrentModificationException
Event: 31.542 Loading class java/util/ConcurrentModificationException done

Classes unloaded (0 events):
No events

Classes redefined (0 events):
No events

Internal exceptions (20 events):
Event: 0.205 Thread 0x000001d139a4e0f0 Exception <a 'java/lang/NoSuchMethodError'{0x00000000889f32c0}: 'void java.lang.invoke.DirectMethodHandle$Holder.invokeStatic(java.lang.Object, java.lang.Object)'> (0x00000000889f32c0) 
thrown [s\open\src\hotspot\share\interpreter\linkResolver.cpp, line 773]
Event: 0.393 Thread 0x000001d118a8a3b0 Exception <a 'java/lang/NoSuchMethodError'{0x00000000885efea0}: 'void java.lang.invoke.DirectMethodHandle$Holder.invokeVirtual(java.lang.Object, java.lang.Object)'> (0x00000000885efea0) 
thrown [s\open\src\hotspot\share\interpreter\linkResolver.cpp, line 773]
Event: 0.511 Thread 0x000001d118a8a3b0 Exception <a 'sun/nio/fs/WindowsException'{0x00000000881d1ce8}> (0x00000000881d1ce8) 
thrown [s\open\src\hotspot\share\prims\jni.cpp, line 519]
Event: 0.551 Thread 0x000001d118a8a3b0 Exception <a 'java/lang/NoSuchMethodError'{0x0000000088084aa8}: 'java.lang.Object java.lang.invoke.DirectMethodHandle$Holder.invokeStaticInit(java.lang.Object, int, int, int, int)'> (0x0000000088084aa8) 
thrown [s\open\src\hotspot\share\interpreter\linkResolver.cpp, line 773]
Event: 0.604 Thread 0x000001d118a8a3b0 Exception <a 'java/lang/NoSuchMethodError'{0x0000000087f16a70}: 'java.lang.Object java.lang.invoke.DirectMethodHandle$Holder.invokeStaticInit(java.lang.Object, java.lang.Object, int, int, int, int)'> (0x0000000087f16a70) 
thrown [s\open\src\hotspot\share\interpreter\linkResolver.cpp, line 773]
Event: 0.906 Thread 0x000001d118a8a3b0 Exception <a 'java/lang/ClassNotFoundException'{0x0000000087cc4d10}: sun/awt/resources/spi/awtProvider> (0x0000000087cc4d10) 
thrown [s\open\src\hotspot\share\classfile\systemDictionary.cpp, line 305]
Event: 0.913 Thread 0x000001d118a8a3b0 Exception <a 'java/io/FileNotFoundException'{0x0000000087ccf2f8}> (0x0000000087ccf2f8) 
thrown [s\open\src\hotspot\share\prims\jni.cpp, line 519]
Event: 0.919 Thread 0x000001d118a8a3b0 Exception <a 'java/io/FileNotFoundException'{0x0000000087cf9200}> (0x0000000087cf9200) 
thrown [s\open\src\hotspot\share\prims\jni.cpp, line 519]
Event: 0.984 Thread 0x000001d118a8a3b0 Exception <a 'java/lang/NoSuchMethodError'{0x0000000087b759c0}: 'void java.lang.invoke.DirectMethodHandle$Holder.invokeSpecial(java.lang.Object, java.lang.Object, java.lang.Object)'> (0x0000000087b759c0) 
thrown [s\open\src\hotspot\share\interpreter\linkResolver.cpp, line 773]
Event: 0.994 Thread 0x000001d118a8a3b0 Exception <a 'java/lang/NoSuchMethodError'{0x0000000087a29c90}: 'java.lang.Object java.lang.invoke.DirectMethodHandle$Holder.newInvokeSpecial(java.lang.Object, java.lang.Object, java.lang.Object, java.lang.Object, java.lang.Object)'> (0x0000000087a29c90) 
thrown [s\open\src\hotspot\share\interpreter\linkResolver.cpp, line 773]
Event: 1.000 Thread 0x000001d118a8a3b0 Exception <a 'java/lang/NoSuchMethodError'{0x0000000087a5a310}: 'java.lang.Object java.lang.invoke.DirectMethodHandle$Holder.invokeStatic(java.lang.Object, int, java.lang.Object)'> (0x0000000087a5a310) 
thrown [s\open\src\hotspot\share\interpreter\linkResolver.cpp, line 773]
Event: 1.044 Thread 0x000001d118a8a3b0 Exception <a 'java/lang/ClassNotFoundException'{0x0000000087922eb0}: com/sun/swing/internal/plaf/metal/resources/spi/metalProvider> (0x0000000087922eb0) 
thrown [s\open\src\hotspot\share\classfile\systemDictionary.cpp, line 305]
Event: 1.046 Thread 0x000001d118a8a3b0 Exception <a 'java/lang/ClassNotFoundException'{0x0000000087926be0}: com/sun/swing/internal/plaf/basic/resources/spi/basicProvider> (0x0000000087926be0) 
thrown [s\open\src\hotspot\share\classfile\systemDictionary.cpp, line 305]
Event: 1.075 Thread 0x000001d118a8a3b0 Implicit null exception at 0x000001d12867f21a to 0x000001d12867f434
Event: 1.077 Thread 0x000001d118a8a3b0 Implicit null exception at 0x000001d12867739c to 0x000001d1286775ac
Event: 1.080 Thread 0x000001d118a8a3b0 Implicit null exception at 0x000001d12868cacd to 0x000001d12868d4d4
Event: 1.091 Thread 0x000001d13548a480 Exception <a 'java/lang/NoSuchMethodError'{0x000000008781f950}: 'java.lang.Object java.lang.invoke.Invokers$Holder.invokeExact_MT(java.lang.Object, java.lang.Object, java.lang.Object, java.lang.Object, java.lang.Object, java.lang.Object)'> (0x000000008781f950) 
thrown [s\open\src\hotspot\share\interpreter\linkResolver.cpp, line 773]
Event: 1.095 Thread 0x000001d118a8a3b0 Exception <a 'java/lang/NoSuchMethodError'{0x0000000087877220}: 'int java.lang.invoke.Invokers$Holder.invokeExact_MT(java.lang.Object, java.lang.Object)'> (0x0000000087877220) 
thrown [s\open\src\hotspot\share\interpreter\linkResolver.cpp, line 773]
Event: 1.354 Thread 0x000001d118a8a3b0 Exception <a 'java/lang/NoSuchMethodError'{0x00000000877dc6e8}: 'void java.lang.invoke.DirectMethodHandle$Holder.invokeStaticInit(java.lang.Object)'> (0x00000000877dc6e8) 
thrown [s\open\src\hotspot\share\interpreter\linkResolver.cpp, line 773]
Event: 28.601 Thread 0x000001d13a1666b0 Implicit null exception at 0x000001d1286e8e65 to 0x000001d1286ee5e9

VM Operations (20 events):
Event: 28.531 Executing VM operation: CollectForMetadataAllocation
Event: 28.535 Executing VM operation: CollectForMetadataAllocation done
Event: 28.540 Executing VM operation: G1PauseRemark
Event: 28.542 Executing VM operation: G1PauseRemark done
Event: 28.544 Executing VM operation: G1PauseCleanup
Event: 28.545 Executing VM operation: G1PauseCleanup done
Event: 28.547 Executing VM operation: HandshakeAllThreads
Event: 28.547 Executing VM operation: HandshakeAllThreads done
Event: 28.561 Executing VM operation: HandshakeAllThreads
Event: 28.561 Executing VM operation: HandshakeAllThreads done
Event: 28.574 Executing VM operation: HandshakeAllThreads
Event: 28.574 Executing VM operation: HandshakeAllThreads done
Event: 29.589 Executing VM operation: Cleanup
Event: 29.589 Executing VM operation: Cleanup done
Event: 30.602 Executing VM operation: Cleanup
Event: 30.602 Executing VM operation: Cleanup done
Event: 31.617 Executing VM operation: Cleanup
Event: 31.617 Executing VM operation: Cleanup done
Event: 32.627 Executing VM operation: Cleanup
Event: 32.627 Executing VM operation: Cleanup done

Events (20 events):
Event: 28.032 Thread 0x000001d141367350 Thread exited: 0x000001d141367350
Event: 28.032 Thread 0x000001d1413678e0 Thread exited: 0x000001d1413678e0
Event: 28.050 Thread 0x000001d14074c090 Thread added: 0x000001d14074c090
Event: 28.051 Thread 0x000001d140748b70 Thread added: 0x000001d140748b70
Event: 28.060 Thread 0x000001d1407490c0 Thread added: 0x000001d1407490c0
Event: 28.210 Thread 0x000001d14074e070 Thread added: 0x000001d14074e070
Event: 28.211 Thread 0x000001d14074cb30 Thread added: 0x000001d14074cb30
Event: 28.588 Thread 0x000001d140fb16f0 Thread added: 0x000001d140fb16f0
Event: 28.592 Thread 0x000001d140773ff0 Thread added: 0x000001d140773ff0
Event: 28.633 Thread 0x000001d140748620 Thread exited: 0x000001d140748620
Event: 29.068 Thread 0x000001d140773ff0 Thread exited: 0x000001d140773ff0
Event: 29.068 Thread 0x000001d140fb16f0 Thread exited: 0x000001d140fb16f0
Event: 31.309 Thread 0x000001d140689af0 Thread added: 0x000001d140689af0
Event: 31.315 Thread 0x000001d1407480d0 Thread added: 0x000001d1407480d0
Event: 31.540 Thread 0x000001d140689af0 Thread exited: 0x000001d140689af0
Event: 31.572 Thread 0x000001d141324010 Thread added: 0x000001d141324010
Event: 31.576 Thread 0x000001d1407480d0 Thread exited: 0x000001d1407480d0
Event: 32.178 Thread 0x000001d141324010 Thread exited: 0x000001d141324010
Event: 32.929 Thread 0x000001d14074eb10 Thread added: 0x000001d14074eb10
Event: 32.929 Thread 0x000001d14074c5e0 Thread added: 0x000001d14074c5e0


Dynamic libraries:
0x00007ff7a9290000 - 0x00007ff7a929e000 	C:\Users\Joaquin\.jdks\openjdk-20\bin\java.exe
0x00007ff9c67f0000 - 0x00007ff9c69e8000 	C:\Windows\SYSTEM32\ntdll.dll
0x00007ff9c5c50000 - 0x00007ff9c5d0f000 	C:\Windows\System32\KERNEL32.DLL
0x00007ff9c4150000 - 0x00007ff9c4446000 	C:\Windows\System32\KERNELBASE.dll
0x00007ff9c44e0000 - 0x00007ff9c45e0000 	C:\Windows\System32\ucrtbase.dll
0x00007ff9b5f70000 - 0x00007ff9b5f87000 	C:\Users\Joaquin\.jdks\openjdk-20\bin\jli.dll
0x00007ff9c4f80000 - 0x00007ff9c511d000 	C:\Windows\System32\USER32.dll
0x00007ff9ab370000 - 0x00007ff9ab38b000 	C:\Users\Joaquin\.jdks\openjdk-20\bin\VCRUNTIME140.dll
0x00007ff9c4820000 - 0x00007ff9c4842000 	C:\Windows\System32\win32u.dll
0x00007ff9b5af0000 - 0x00007ff9b5d8a000 	C:\Windows\WinSxS\amd64_microsoft.windows.common-controls_6595b64144ccf1df_6.0.19041.1110_none_60b5254171f9507e\COMCTL32.dll
0x00007ff9c4ee0000 - 0x00007ff9c4f7e000 	C:\Windows\System32\msvcrt.dll
0x00007ff9c4a20000 - 0x00007ff9c4a4c000 	C:\Windows\System32\GDI32.dll
0x00007ff9c4700000 - 0x00007ff9c4815000 	C:\Windows\System32\gdi32full.dll
0x00007ff9c3ed0000 - 0x00007ff9c3f6d000 	C:\Windows\System32\msvcp_win.dll
0x00007ff9c49f0000 - 0x00007ff9c4a20000 	C:\Windows\System32\IMM32.DLL
0x00007ff9b6720000 - 0x00007ff9b672c000 	C:\Users\Joaquin\.jdks\openjdk-20\bin\vcruntime140_1.dll
0x00007ff9998b0000 - 0x00007ff99993e000 	C:\Users\Joaquin\.jdks\openjdk-20\bin\msvcp140.dll
0x00007ff97d520000 - 0x00007ff97e1b7000 	C:\Users\Joaquin\.jdks\openjdk-20\bin\server\jvm.dll
0x00007ff9c4930000 - 0x00007ff9c49df000 	C:\Windows\System32\ADVAPI32.dll
0x00007ff9c5d20000 - 0x00007ff9c5dbc000 	C:\Windows\System32\sechost.dll
0x00007ff9c5dc0000 - 0x00007ff9c5ee6000 	C:\Windows\System32\RPCRT4.dll
0x00007ff9bb600000 - 0x00007ff9bb627000 	C:\Windows\SYSTEM32\WINMM.dll
0x00007ff9bfab0000 - 0x00007ff9bfab9000 	C:\Windows\SYSTEM32\WSOCK32.dll
0x00007ff9bdf20000 - 0x00007ff9bdf2a000 	C:\Windows\SYSTEM32\VERSION.dll
0x00007ff9c5330000 - 0x00007ff9c539b000 	C:\Windows\System32\WS2_32.dll
0x00007ff9c1db0000 - 0x00007ff9c1dc2000 	C:\Windows\SYSTEM32\kernel.appcore.dll
0x00007ff9b5f60000 - 0x00007ff9b5f6a000 	C:\Users\Joaquin\.jdks\openjdk-20\bin\jimage.dll
0x00007ff9be0e0000 - 0x00007ff9be2c4000 	C:\Windows\SYSTEM32\DBGHELP.DLL
0x00007ff9b13c0000 - 0x00007ff9b13f4000 	C:\Windows\SYSTEM32\dbgcore.DLL
0x00007ff9c4450000 - 0x00007ff9c44d2000 	C:\Windows\System32\bcryptPrimitives.dll
0x00007ff9a9330000 - 0x00007ff9a933e000 	C:\Users\Joaquin\.jdks\openjdk-20\bin\instrument.dll
0x00007ff999b90000 - 0x00007ff999bb6000 	C:\Users\Joaquin\.jdks\openjdk-20\bin\java.dll
0x00007ff9997d0000 - 0x00007ff9998a7000 	C:\Users\Joaquin\.jdks\openjdk-20\bin\jsvml.dll
0x00007ff9c54f0000 - 0x00007ff9c5c34000 	C:\Windows\System32\SHELL32.dll
0x00007ff9c1fb0000 - 0x00007ff9c2743000 	C:\Windows\SYSTEM32\windows.storage.dll
0x00007ff9c4a50000 - 0x00007ff9c4da4000 	C:\Windows\System32\combase.dll
0x00007ff9c3930000 - 0x00007ff9c395e000 	C:\Windows\SYSTEM32\Wldp.dll
0x00007ff9c4e30000 - 0x00007ff9c4edd000 	C:\Windows\System32\SHCORE.dll
0x00007ff9c5240000 - 0x00007ff9c5295000 	C:\Windows\System32\shlwapi.dll
0x00007ff9c3e10000 - 0x00007ff9c3e2f000 	C:\Windows\SYSTEM32\profapi.dll
0x00007ff999790000 - 0x00007ff9997a8000 	C:\Users\Joaquin\.jdks\openjdk-20\bin\zip.dll
0x00007ff999b70000 - 0x00007ff999b83000 	C:\Users\Joaquin\.jdks\openjdk-20\bin\net.dll
0x00007ff9bc9a0000 - 0x00007ff9bcaaa000 	C:\Windows\SYSTEM32\WINHTTP.dll
0x00007ff9c3690000 - 0x00007ff9c36fa000 	C:\Windows\system32\mswsock.dll
0x00007ff9997b0000 - 0x00007ff9997c6000 	C:\Users\Joaquin\.jdks\openjdk-20\bin\nio.dll
0x00007ff9999f0000 - 0x00007ff999a0a000 	C:\Program Files\JetBrains\IntelliJ IDEA Community Edition 2023.1.1\bin\breakgen64.dll
0x00007ff9aa340000 - 0x00007ff9aa347000 	C:\Users\Joaquin\.jdks\openjdk-20\bin\extnet.dll
0x00007ff9a8bb0000 - 0x00007ff9a8bbe000 	C:\Users\Joaquin\.jdks\openjdk-20\bin\sunmscapi.dll
0x00007ff9c3ff0000 - 0x00007ff9c414e000 	C:\Windows\System32\CRYPT32.dll
0x00007ff9c39a0000 - 0x00007ff9c39c8000 	C:\Windows\SYSTEM32\ncrypt.dll
0x00007ff9c3960000 - 0x00007ff9c399b000 	C:\Windows\SYSTEM32\NTASN1.dll
0x00007ff9c3880000 - 0x00007ff9c3898000 	C:\Windows\SYSTEM32\CRYPTSP.dll
0x00007ff9c2f40000 - 0x00007ff9c2f74000 	C:\Windows\system32\rsaenh.dll
0x00007ff9c3fc0000 - 0x00007ff9c3fe7000 	C:\Windows\System32\bcrypt.dll
0x00007ff9c3d90000 - 0x00007ff9c3dbe000 	C:\Windows\SYSTEM32\USERENV.dll
0x00007ff9c38a0000 - 0x00007ff9c38ac000 	C:\Windows\SYSTEM32\CRYPTBASE.dll
0x00007ff9c3330000 - 0x00007ff9c336c000 	C:\Windows\SYSTEM32\IPHLPAPI.DLL
0x00007ff9c5d10000 - 0x00007ff9c5d18000 	C:\Windows\System32\NSI.dll
0x00007ff9be980000 - 0x00007ff9be997000 	C:\Windows\SYSTEM32\dhcpcsvc6.DLL
0x00007ff9bdf80000 - 0x00007ff9bdf9d000 	C:\Windows\SYSTEM32\dhcpcsvc.DLL
0x00007ff9c3380000 - 0x00007ff9c344b000 	C:\Windows\SYSTEM32\DNSAPI.dll
0x000000006d080000 - 0x000000006d175000 	C:\Users\Joaquin\AppData\Local\Temp\sqlite-3.21.0-ab493bd9-c42b-47b3-ad51-845ec78545b9-sqlitejdbc.dll
0x00007ff9995c0000 - 0x00007ff999750000 	C:\Users\Joaquin\.jdks\openjdk-20\bin\awt.dll
0x00007ff9c5420000 - 0x00007ff9c54ed000 	C:\Windows\System32\OLEAUT32.dll
0x00007ff9c16f0000 - 0x00007ff9c1781000 	C:\Windows\SYSTEM32\apphelp.dll
0x00007ff9c17f0000 - 0x00007ff9c188e000 	C:\Windows\system32\uxtheme.dll
0x00007ff9c5120000 - 0x00007ff9c5234000 	C:\Windows\System32\MSCTF.dll
0x00007ff9c5fb0000 - 0x00007ff9c60da000 	C:\Windows\System32\ole32.dll
0x00007ff9c1ac0000 - 0x00007ff9c1aef000 	C:\Windows\system32\DWMAPI.DLL
0x00007ff981b80000 - 0x00007ff981ca5000 	C:\Windows\system32\opengl32.dll
0x00007ff981f10000 - 0x00007ff981f3c000 	C:\Windows\SYSTEM32\GLU32.dll
0x00007ff98cc10000 - 0x00007ff98cddd000 	C:\Windows\system32\d3d9.dll
0x00007ff9bb630000 - 0x00007ff9bb7eb000 	C:\Windows\System32\DriverStore\FileRepository\u0390451.inf_amd64_39377efdd62734d1\B390182\aticfx64.dll
0x00007ff999580000 - 0x00007ff9995b4000 	C:\Windows\System32\DriverStore\FileRepository\u0390451.inf_amd64_39377efdd62734d1\B390182\atiu9p64.dll
0x00007ff977c00000 - 0x00007ff978955000 	C:\Windows\System32\DriverStore\FileRepository\u0390451.inf_amd64_39377efdd62734d1\B390182\atiumd64.dll
0x0000000071bd0000 - 0x0000000072af7000 	C:\Windows\System32\DriverStore\FileRepository\u0390451.inf_amd64_39377efdd62734d1\B390182\atiumd6a.dll
0x00007ff9c60e0000 - 0x00007ff9c6548000 	C:\Windows\System32\SETUPAPI.dll
0x00007ff9c3f70000 - 0x00007ff9c3fbe000 	C:\Windows\System32\cfgmgr32.dll
0x00007ff9c34a0000 - 0x00007ff9c34eb000 	C:\Windows\SYSTEM32\POWRPROF.dll
0x00007ff9c3310000 - 0x00007ff9c3322000 	C:\Windows\SYSTEM32\UMPDC.dll
0x00007ff9bb310000 - 0x00007ff9bb345000 	C:\Windows\SYSTEM32\amdihk64.dll
0x00007ff9bc820000 - 0x00007ff9bc85b000 	C:\Windows\SYSTEM32\dxcore.dll
0x00007ff988330000 - 0x00007ff9883b6000 	C:\Users\Joaquin\.jdks\openjdk-20\bin\freetype.dll
0x00007ff987810000 - 0x00007ff9878d6000 	C:\Users\Joaquin\.jdks\openjdk-20\bin\fontmanager.dll
0x00007ff9c6550000 - 0x00007ff9c65f9000 	C:\Windows\System32\clbcatq.dll
0x00007ff9be4a0000 - 0x00007ff9be654000 	C:\Windows\SYSTEM32\WindowsCodecs.dll
0x00007ff9a3e70000 - 0x00007ff9a3eae000 	C:\Windows\system32\dataexchange.dll
0x00007ff9bfd20000 - 0x00007ff9bff83000 	C:\Windows\system32\d3d11.dll
0x00007ff9c0b10000 - 0x00007ff9c0cf3000 	C:\Windows\system32\dcomp.dll
0x00007ff9c28b0000 - 0x00007ff9c29a3000 	C:\Windows\system32\dxgi.dll
0x00007ff9be730000 - 0x00007ff9be930000 	C:\Windows\system32\twinapi.appcore.dll
0x00007ff9ba850000 - 0x00007ff9ba94a000 	C:\Windows\SYSTEM32\textinputframework.dll
0x00007ff9c14c0000 - 0x00007ff9c15b2000 	C:\Windows\System32\CoreMessaging.dll
0x00007ff9c1080000 - 0x00007ff9c13de000 	C:\Windows\System32\CoreUIComponents.dll
0x00007ff9c3060000 - 0x00007ff9c3093000 	C:\Windows\SYSTEM32\ntmarta.dll
0x00007ff9c09b0000 - 0x00007ff9c0b04000 	C:\Windows\SYSTEM32\wintypes.dll
0x00007ff9bde50000 - 0x00007ff9bde5a000 	C:\Windows\System32\rasadhlp.dll
0x00007ff9b92f0000 - 0x00007ff9b9372000 	C:\Windows\System32\fwpuclnt.dll

dbghelp: loaded successfully - version: 4.0.5 - missing functions: none
symbol engine: initialized successfully - sym options: 0x614 - pdb path: .;C:\Users\Joaquin\.jdks\openjdk-20\bin;C:\Windows\SYSTEM32;C:\Windows\WinSxS\amd64_microsoft.windows.common-controls_6595b64144ccf1df_6.0.19041.1110_none_60b5254171f9507e;C:\Users\Joaquin\.jdks\openjdk-20\bin\server;C:\Program Files\JetBrains\IntelliJ IDEA Community Edition 2023.1.1\bin;C:\Users\Joaquin\AppData\Local\Temp;C:\Windows\System32\DriverStore\FileRepository\u0390451.inf_amd64_39377efdd62734d1\B390182

VM Arguments:
jvm_args: -javaagent:C:\Program Files\JetBrains\IntelliJ IDEA Community Edition 2023.1.1\lib\idea_rt.jar=58221:C:\Program Files\JetBrains\IntelliJ IDEA Community Edition 2023.1.1\bin -Dfile.encoding=UTF-8 -Dsun.stdout.encoding=UTF-8 -Dsun.stderr.encoding=UTF-8 
java_command: controller.Main
java_class_path (initial): C:\Users\Joaquin\Desktop\proyectoDYDS2023\out\production\classes;C:\Users\Joaquin\.gradle\caches\modules-2\files-2.1\com.google.code.gson\gson\2.8.6\9180733b7df8542621dc12e21e87557e8c99b8cb\gson-2.8.6.jar;C:\Users\Joaquin\.gradle\caches\modules-2\files-2.1\com.squareup.retrofit2\converter-scalars\2.4.0\8f4582bcc7c736e0bae775d562074dcdc0c335ad\converter-scalars-2.4.0.jar;C:\Users\Joaquin\.gradle\caches\modules-2\files-2.1\com.squareup.retrofit2\retrofit\2.4.0\fc4aa382632bfaa7be7b41579efba41d5a71ecf3\retrofit-2.4.0.jar;C:\Users\Joaquin\.gradle\caches\modules-2\files-2.1\org.xerial\sqlite-jdbc\3.21.0\347e4d1d3e1dff66d389354af8f0021e62344584\sqlite-jdbc-3.21.0.jar;C:\Users\Joaquin\.gradle\caches\modules-2\files-2.1\com.squareup.okhttp3\okhttp\3.10.0\7ef0f1d95bf4c0b3ba30bbae25e0e562b05cf75e\okhttp-3.10.0.jar;C:\Users\Joaquin\.gradle\caches\modules-2\files-2.1\com.squareup.okio\okio\1.14.0\102d7be47241d781ef95f1581d414b0943053130\okio-1.14.0.jar
Launcher Type: SUN_STANDARD

[Global flags]
     intx CICompilerCount                          = 4                                         {product} {ergonomic}
     uint ConcGCThreads                            = 2                                         {product} {ergonomic}
     uint G1ConcRefinementThreads                  = 8                                         {product} {ergonomic}
   size_t G1HeapRegionSize                         = 1048576                                   {product} {ergonomic}
    uintx GCDrainStackTargetSize                   = 64                                        {product} {ergonomic}
   size_t InitialHeapSize                          = 134217728                                 {product} {ergonomic}
   size_t MarkStackSize                            = 4194304                                   {product} {ergonomic}
   size_t MaxHeapSize                              = 2134900736                                {product} {ergonomic}
   size_t MaxNewSize                               = 1280311296                                {product} {ergonomic}
   size_t MinHeapDeltaBytes                        = 1048576                                   {product} {ergonomic}
   size_t MinHeapSize                              = 8388608                                   {product} {ergonomic}
    uintx NonNMethodCodeHeapSize                   = 5839372                                {pd product} {ergonomic}
    uintx NonProfiledCodeHeapSize                  = 122909434                              {pd product} {ergonomic}
    uintx ProfiledCodeHeapSize                     = 122909434                              {pd product} {ergonomic}
    uintx ReservedCodeCacheSize                    = 251658240                              {pd product} {ergonomic}
     bool SegmentedCodeCache                       = true                                      {product} {ergonomic}
   size_t SoftMaxHeapSize                          = 2134900736                             {manageable} {ergonomic}
     bool UseCompressedClassPointers               = true                           {product lp64_product} {ergonomic}
     bool UseCompressedOops                        = true                           {product lp64_product} {ergonomic}
     bool UseG1GC                                  = true                                      {product} {ergonomic}
     bool UseLargePagesIndividualAllocation        = false                                  {pd product} {ergonomic}

Logging:
Log output configuration:
 #0: stdout all=warning uptime,level,tags foldmultilines=false
 #1: stderr all=off uptime,level,tags foldmultilines=false

Environment Variables:
PATH=C:\Program Files (x86)\Common Files\Oracle\Java\javapath;C:\Program Files (x86)\VMware\VMware Player\bin\;C:\Windows\system32;C:\Windows;C:\Windows\System32\Wbem;C:\Windows\System32\WindowsPowerShell\v1.0\;C:\Windows\System32\OpenSSH\;C:\Program Files\PuTTY\;C:\Users\Joaquin\AppData\Local\Microsoft\WindowsApps;C:\Users\Joaquin\AppData\Local\Programs\Microsoft VS Code\bin;C:\Users\Joaquin\AppData\Local\GitHubDesktop\bin
USERNAME=Joaquin
OS=Windows_NT
PROCESSOR_IDENTIFIER=AMD64 Family 23 Model 17 Stepping 0, AuthenticAMD
TMP=C:\Users\Joaquin\AppData\Local\Temp
TEMP=C:\Users\Joaquin\AppData\Local\Temp




---------------  S Y S T E M  ---------------

OS:
 Windows 10 , 64 bit Build 19041 (10.0.19041.2913)
OS uptime: 0 days 19:54 hours

CPU: total 8 (initial active 8) (8 cores per cpu, 2 threads per core) family 23 model 17 stepping 0 microcode 0x0, cx8, cmov, fxsr, ht, mmx, 3dnowpref, sse, sse2, sse3, ssse3, sse4a, sse4.1, sse4.2, popcnt, lzcnt, tsc, tscinvbit, avx, avx2, aes, clmul, bmi1, bmi2, adx, sha, fma, vzeroupper, clflush, clflushopt, rdtscp, f16c

Memory: 4k page, system-wide physical 8139M (2085M free)
TotalPageFile size 13003M (AvailPageFile size 2352M)
current process WorkingSet (physical memory assigned to process): 150M, peak: 159M
current process commit charge ("private bytes"): 208M, peak: 304M

vm_info: OpenJDK 64-Bit Server VM (20+36-2344) for windows-amd64 JRE (20+36-2344), built on 2023-02-10T19:30:15Z by "mach5one" with MS VC++ 17.1 (VS2022)

END.
