#
# A fatal error has been detected by the Java Runtime Environment:
#
#  EXCEPTION_ACCESS_VIOLATION (0xc0000005) at pc=0x000000006d09aab4, pid=7592, tid=11576
#
# JRE version: OpenJDK Runtime Environment (20.0+36) (build 20+36-2344)
# Java VM: OpenJDK 64-Bit Server VM (20+36-2344, mixed mode, sharing, tiered, compressed oops, compressed class ptrs, g1 gc, windows-amd64)
# Problematic frame:
# C  [sqlite-3.21.0-46b6073f-fd2a-438a-b921-36b8f47d4ea3-sqlitejdbc.dll+0x1aab4]
#
# No core dump will be written. Minidumps are not enabled by default on client versions of Windows
#
# If you would like to submit a bug report, please visit:
#   https://bugreport.java.com/bugreport/crash.jsp
# The crash happened outside the Java Virtual Machine in native code.
# See problematic frame for where to report the bug.
#

---------------  S U M M A R Y ------------

Command Line: -javaagent:C:\Program Files\JetBrains\IntelliJ IDEA Community Edition 2023.1.1\lib\idea_rt.jar=62499:C:\Program Files\JetBrains\IntelliJ IDEA Community Edition 2023.1.1\bin -Dfile.encoding=UTF-8 -Dsun.stdout.encoding=UTF-8 -Dsun.stderr.encoding=UTF-8 controller.Main

Host: AMD Ryzen 5 2400G with Radeon Vega Graphics    , 8 cores, 7G,  Windows 10 , 64 bit Build 19041 (10.0.19041.2913)
Time: Tue Jun  6 13:47:56 2023 Hora estándar de Argentina elapsed time: 7.324776 seconds (0d 0h 0m 7s)

---------------  T H R E A D  ---------------

Current thread (0x00000247fa56aac0):  JavaThread "Thread-1" [_thread_in_native, id=11576, stack(0x00000099e9f00000,0x00000099ea000000)]

Stack: [0x00000099e9f00000,0x00000099ea000000],  sp=0x00000099e9fff030,  free space=1020k
Native frames: (J=compiled Java code, j=interpreted, Vv=VM code, C=native code)
C  [sqlite-3.21.0-46b6073f-fd2a-438a-b921-36b8f47d4ea3-sqlitejdbc.dll+0x1aab4]

Java frames: (J=compiled Java code, j=interpreted, Vv=VM code)
j  org.sqlite.core.NativeDB.column_text_utf8(JI)[B+0
j  org.sqlite.core.NativeDB.column_text(JI)Ljava/lang/String;+3
j  org.sqlite.jdbc3.JDBC3ResultSet.getString(I)Ljava/lang/String;+16
j  org.sqlite.jdbc3.JDBC3ResultSet.getString(Ljava/lang/String;)Ljava/lang/String;+6
j  model.GameModelImpl.getInfoGameSaveInDB(Ljava/lang/String;)V+32
j  controller.GameControllerImpl.lambda$getInfoGameStored$4(Ljava/lang/String;)V+5
j  controller.GameControllerImpl$$Lambda$195+0x000000080109bbd0.run()V+8
j  java.lang.Thread.runWith(Ljava/lang/Object;Ljava/lang/Runnable;)V+5 java.base@20
j  java.lang.Thread.run()V+19 java.base@20
v  ~StubRoutines::call_stub 0x00000247e7d1100d

siginfo: EXCEPTION_ACCESS_VIOLATION (0xc0000005), reading address 0xffffffffffffffff


Registers:
RAX=0x2a207463656c6573, RBX=0x0000000000000002, RCX=0x00000247f5a69288, RDX=0x0000000000000002
RSP=0x00000099e9fff030, RBP=0x00000099e9fff1a8, RSI=0x00000247f5a69288, RDI=0x0000000000000002
R8 =0x00000000000000a2, R9 =0x00000000872a3df8, R10=0x00007ff97eacd800, R11=0x000000000000000e
R12=0x00000247d704ae48, R13=0x00000247f60c0d88, R14=0x00000099e9fff1e0, R15=0x00000247fa56aac0
RIP=0x000000006d09aab4, EFLAGS=0x0000000000010206


Register to memory mapping:

RIP=0x000000006d09aab4 sqlite-3.21.0-46b6073f-fd2a-438a-b921-36b8f47d4ea3-sqlitejdbc.dll
RAX=0x2a207463656c6573 is an unknown value
RBX=0x0000000000000002 is an unknown value
RCX=0x00000247f5a69288 points into unknown readable memory: 0x2a207463656c6573 | 73 65 6c 65 63 74 20 2a
RDX=0x0000000000000002 is an unknown value
RSP=0x00000099e9fff030 is pointing into the stack for thread: 0x00000247fa56aac0
RBP=0x00000099e9fff1a8 is pointing into the stack for thread: 0x00000247fa56aac0
RSI=0x00000247f5a69288 points into unknown readable memory: 0x2a207463656c6573 | 73 65 6c 65 63 74 20 2a
RDI=0x0000000000000002 is an unknown value
R8 =0x00000000000000a2 is an unknown value
R9 =0x00000000872a3df8 is an oop: org.sqlite.core.NativeDB 
{0x00000000872a3df8} - klass: 'org/sqlite/core/NativeDB'
 - ---- fields (total size 7 words):
 - 'conn' 'Lorg/sqlite/SQLiteConnection;' @12  a 'org/sqlite/SQLiteConnection'{0x00000000872a3d40} (0x872a3d40)
 - 'begin' 'J' @16  0 (0x0000000000000000)
 - 'commit' 'J' @24  0 (0x0000000000000000)
 - private final 'stmts' 'Ljava/util/Map;' @32  a 'java/util/HashMap'{0x00000000872a3e30} (0x872a3e30)
 - 'pointer' 'J' @40  2507573341768 (0x00000247d704ae48)
 - private final 'udfdatalist' 'J' @48  0 (0x0000000000000000)
R10=0x00007ff97eacd800 jvm.dll
R11=0x000000000000000e is an unknown value
R12=0x00000247d704ae48 points into unknown readable memory: 0x000000006d14c480 | 80 c4 14 6d 00 00 00 00
R13={method} {0x00000247f60c0d90} 'column_text_utf8' '(JI)[B' in 'org/sqlite/core/NativeDB'
R14=0x00000099e9fff1e0 is pointing into the stack for thread: 0x00000247fa56aac0
R15=0x00000247fa56aac0 is a thread


Top of Stack: (sp=0x00000099e9fff030)
0x00000099e9fff030:   00000247fc83f7c0 00000247fa56aac0
0x00000099e9fff040:   0000000000000001 00007ff97e5a0350
0x00000099e9fff050:   00000247fcab2290 00000247f5a69288
0x00000099e9fff060:   00000247fa56ada0 000000006d0b5a3e
0x00000099e9fff070:   0000000000000000 0000000000000000
0x00000099e9fff080:   000006e9a85b13a8 0000000000000000
0x00000099e9fff090:   00000247f60c0d88 00000247f5a69288
0x00000099e9fff0a0:   00000247fa56ada0 000000006d082a43
0x00000099e9fff0b0:   00000247fa0a1208 00007ff97e6bc5ac
0x00000099e9fff0c0:   00000247fa0a1208 00007ff97e5a1b91
0x00000099e9fff0d0:   00000247fa56aac0 0000000000000000
0x00000099e9fff0e0:   00000247f60c0d88 00000008001a96e8
0x00000099e9fff0f0:   000000008748a858 00000099e9fff1a8
0x00000099e9fff100:   0000000000000000 00000247e7d32bf7
0x00000099e9fff110:   000000008748a858 00000247e7d32959
0x00000099e9fff120:   00000247f60c0d88 00000008001a96e8
0x00000099e9fff130:   00000247f60c0cc0 0000000000000000
0x00000099e9fff140:   00000247fa56aac0 00000247e7d32919
0x00000099e9fff150:   0000000000000003 00000000872a3df8
0x00000099e9fff160:   00000099e9fff150 00000247f60c0d88
0x00000099e9fff170:   00000099e9fff1e0 00000247f620fbc8
0x00000099e9fff180:   0000000000000000 00000000873c8ea8
0x00000099e9fff190:   00000247f60c0d88 0000000000000000
0x00000099e9fff1a0:   00000099e9fff1c8 00000099e9fff240
0x00000099e9fff1b0:   00000247e7d2dfe3 0000000000000000
0x00000099e9fff1c0:   00000247e7d2f89a 0000000000000002
0x00000099e9fff1d0:   00000247f5a69288 0000000000000000
0x00000099e9fff1e0:   00000000872a3df8 0000000000000003
0x00000099e9fff1f0:   00000000872a3df8 00000099e9fff1e8
0x00000099e9fff200:   00000247f60c0cc3 00000099e9fff268
0x00000099e9fff210:   00000247f620fbc8 0000000000000000
0x00000099e9fff220:   00000000873c8ea8 00000247f60c0cf8 

Instructions: (pc=0x000000006d09aab4)
0x000000006d09a9b4:   ec 38 83 fa 63 48 89 cb 74 23 48 63 d2 45 85 c0
0x000000006d09a9c4:   48 8d 14 91 8b 82 d0 00 00 00 74 0a c7 82 d0 00
0x000000006d09a9d4:   00 00 00 00 00 00 48 83 c4 38 5b 5e c3 48 8b 31
0x000000006d09a9e4:   48 8b 4e 18 48 85 c9 74 06 ff 15 fd 25 0b 00 48
0x000000006d09a9f4:   8d 44 24 2c 48 89 da 48 89 f1 c7 44 24 2c 00 00
0x000000006d09aa04:   00 00 48 89 86 a0 02 00 00 e8 0e fe ff ff 48 89
0x000000006d09aa14:   f1 48 89 da e8 73 47 ff ff 48 8b 4e 18 48 c7 86
0x000000006d09aa24:   a0 02 00 00 00 00 00 00 48 85 c9 74 06 ff 15 c9
0x000000006d09aa34:   25 0b 00 8b 44 24 2c 48 83 c4 38 5b 5e c3 0f 1f
0x000000006d09aa44:   40 00 66 2e 0f 1f 84 00 00 00 00 00 53 48 83 ec
0x000000006d09aa54:   20 31 c0 80 79 61 00 75 2f 48 8b 02 4d 63 c0 4f
0x000000006d09aa64:   8d 04 40 4a 8d 1c c0 0f be 53 01 4c 8b 43 10 e8
0x000000006d09aa74:   28 b5 ff ff c6 43 01 00 48 c7 43 10 00 00 00 00
0x000000006d09aa84:   b8 01 00 00 00 c6 03 a6 48 83 c4 20 5b c3 0f 1f
0x000000006d09aa94:   40 00 66 2e 0f 1f 84 00 00 00 00 00 56 53 48 83
0x000000006d09aaa4:   ec 28 48 85 c9 48 89 ce 48 63 da 74 71 48 8b 01
0x000000006d09aab4:   48 8b 48 18 48 85 c9 74 06 ff 15 2d 25 0b 00 48
0x000000006d09aac4:   8b 86 88 00 00 00 48 85 c0 74 31 0f b7 96 bc 00
0x000000006d09aad4:   00 00 39 da 7e 26 85 db 78 22 48 8d 14 dd 00 00
0x000000006d09aae4:   00 00 48 c1 e3 06 48 29 d3 48 01 d8 48 83 c4 28
0x000000006d09aaf4:   5b 5e c3 66 0f 1f 84 00 00 00 00 00 48 8b 0e ba
0x000000006d09ab04:   19 00 00 00 c7 41 50 19 00 00 00 e8 1c 6f ff ff
0x000000006d09ab14:   48 8d 05 e5 d7 0b 00 48 83 c4 28 5b 5e c3 48 8d
0x000000006d09ab24:   05 d7 d7 0b 00 48 83 c4 28 5b 5e c3 53 48 83 ec
0x000000006d09ab34:   20 48 8d 15 64 eb 0b 00 48 89 cb 49 8b 08 0f b7
0x000000006d09ab44:   41 08 83 e0 1f 0f b6 04 02 3c 01 74 3f 3c 05 75
0x000000006d09ab54:   1b 48 8b 0b 66 f7 41 08 60 24 75 60 b8 01 00 00
0x000000006d09ab64:   00 66 89 41 08 48 83 c4 20 5b c3 90 e8 7b 99 ff
0x000000006d09ab74:   ff 66 0f 28 c8 48 8b 0b f2 0f 59 c8 48 83 c4 20
0x000000006d09ab84:   5b e9 96 4c ff ff 66 0f 1f 44 00 00 e8 7b 98 ff
0x000000006d09ab94:   ff 48 8b 0b 48 89 c2 48 0f af d0 66 f7 41 08 60
0x000000006d09aba4:   24 75 29 48 89 11 ba 04 00 00 00 66 89 51 08 48 


Stack slot to memory mapping:
stack at sp + 0 slots: 0x00000247fc83f7c0 points into unknown readable memory: 0x0000000000000001 | 01 00 00 00 00 00 00 00
stack at sp + 1 slots: 0x00000247fa56aac0 is a thread
stack at sp + 2 slots: 0x0000000000000001 is an unknown value
stack at sp + 3 slots: 0x00007ff97e5a0350 jvm.dll
stack at sp + 4 slots: 0x00000247fcab2290 points into unknown readable memory: 0x0000000000000009 | 09 00 00 00 00 00 00 00
stack at sp + 5 slots: 0x00000247f5a69288 points into unknown readable memory: 0x2a207463656c6573 | 73 65 6c 65 63 74 20 2a
stack at sp + 6 slots: 0x00000247fa56ada0 points into unknown readable memory: 0x00007ff97ea456c0 | c0 56 a4 7e f9 7f 00 00
stack at sp + 7 slots: 0x000000006d0b5a3e sqlite-3.21.0-46b6073f-fd2a-438a-b921-36b8f47d4ea3-sqlitejdbc.dll


---------------  P R O C E S S  ---------------

Threads class SMR info:
_java_thread_list=0x00000247fca59180, length=19, elements={
0x00000247f58d0060, 0x00000247f58d4c70, 0x00000247f58da5f0, 0x00000247f58db1b0,
0x00000247f58dbaf0, 0x00000247f58dc430, 0x00000247f58df0b0, 0x00000247f58e9a50,
0x00000247f9cec8f0, 0x00000247f9ceb900, 0x00000247f9cebe50, 0x00000247f9cede30,
0x00000247f9ced8e0, 0x00000247f9cec3a0, 0x00000247f9ceae60, 0x00000247fa56c000,
0x00000247fa56a570, 0x00000247fa569ad0, 0x00000247fa56aac0
}

Java Threads: ( => current thread )
  0x00000247f58d0060 JavaThread "Reference Handler" daemon [_thread_blocked, id=11804, stack(0x00000099e7600000,0x00000099e7700000)]
  0x00000247f58d4c70 JavaThread "Finalizer" daemon [_thread_blocked, id=8396, stack(0x00000099e7700000,0x00000099e7800000)]
  0x00000247f58da5f0 JavaThread "Signal Dispatcher" daemon [_thread_blocked, id=2256, stack(0x00000099e7800000,0x00000099e7900000)]
  0x00000247f58db1b0 JavaThread "Attach Listener" daemon [_thread_blocked, id=8308, stack(0x00000099e7900000,0x00000099e7a00000)]
  0x00000247f58dbaf0 JavaThread "Service Thread" daemon [_thread_blocked, id=10548, stack(0x00000099e7a00000,0x00000099e7b00000)]
  0x00000247f58dc430 JavaThread "Monitor Deflation Thread" daemon [_thread_blocked, id=5344, stack(0x00000099e7b00000,0x00000099e7c00000)]
  0x00000247f58df0b0 JavaThread "C2 CompilerThread0" daemon [_thread_blocked, id=12848, stack(0x00000099e7c00000,0x00000099e7d00000)]
  0x00000247f58e9a50 JavaThread "C1 CompilerThread0" daemon [_thread_blocked, id=5528, stack(0x00000099e7d00000,0x00000099e7e00000)]
  0x00000247f9cec8f0 JavaThread "Common-Cleaner" daemon [_thread_blocked, id=7028, stack(0x00000099e7e00000,0x00000099e7f00000)]
  0x00000247f9ceb900 JavaThread "Monitor Ctrl-Break" daemon [_thread_in_native, id=12076, stack(0x00000099e7f00000,0x00000099e8000000)]
  0x00000247f9cebe50 JavaThread "Notification Thread" daemon [_thread_blocked, id=3152, stack(0x00000099e8000000,0x00000099e8100000)]
  0x00000247f9cede30 JavaThread "Java2D Disposer" daemon [_thread_blocked, id=2324, stack(0x00000099e8200000,0x00000099e8300000)]
  0x00000247f9ced8e0 JavaThread "AWT-Shutdown" [_thread_blocked, id=9660, stack(0x00000099e8300000,0x00000099e8400000)]
  0x00000247f9cec3a0 JavaThread "AWT-Windows" daemon [_thread_in_native, id=7436, stack(0x00000099e8400000,0x00000099e8500000)]
  0x00000247f9ceae60 JavaThread "AWT-EventQueue-0" [_thread_blocked, id=3700, stack(0x00000099e8500000,0x00000099e8600000)]
  0x00000247fa56c000 JavaThread "DestroyJavaVM" [_thread_blocked, id=8200, stack(0x00000099e6f00000,0x00000099e7000000)]
  0x00000247fa56a570 JavaThread "D3D Screen Updater" daemon [_thread_blocked, id=11708, stack(0x00000099e8700000,0x00000099e8800000)]
  0x00000247fa569ad0 JavaThread "TimerQueue" daemon [_thread_blocked, id=6664, stack(0x00000099e9c00000,0x00000099e9d00000)]
=>0x00000247fa56aac0 JavaThread "Thread-1" [_thread_in_native, id=11576, stack(0x00000099e9f00000,0x00000099ea000000)]

Other Threads:
  0x00000247f58b6890 VMThread "VM Thread" [stack: 0x00000099e7500000,0x00000099e7600000] [id=3068]
  0x00000247f9dd6170 WatcherThread "VM Periodic Task Thread" [stack: 0x00000099e8100000,0x00000099e8200000] [id=2040]
  0x00000247d6f8d1f0 WorkerThread "GC Thread#0" [stack: 0x00000099e7000000,0x00000099e7100000] [id=7624]
  0x00000247fc703810 WorkerThread "GC Thread#1" [stack: 0x00000099e9500000,0x00000099e9600000] [id=7220]
  0x00000247fc702460 WorkerThread "GC Thread#2" [stack: 0x00000099e9600000,0x00000099e9700000] [id=3416]
  0x00000247fc703ae0 WorkerThread "GC Thread#3" [stack: 0x00000099e9700000,0x00000099e9800000] [id=12528]
  0x00000247fc703540 WorkerThread "GC Thread#4" [stack: 0x00000099e9800000,0x00000099e9900000] [id=4108]
  0x00000247fc83e1f0 WorkerThread "GC Thread#5" [stack: 0x00000099e9900000,0x00000099e9a00000] [id=11844]
  0x00000247fc83bd60 WorkerThread "GC Thread#6" [stack: 0x00000099e9a00000,0x00000099e9b00000] [id=2108]
  0x00000247fc83c030 WorkerThread "GC Thread#7" [stack: 0x00000099e9b00000,0x00000099e9c00000] [id=5032]
  0x00000247d6f9f130 ConcurrentGCThread "G1 Main Marker" [stack: 0x00000099e7100000,0x00000099e7200000] [id=5824]
  0x00000247d6f9fb60 WorkerThread "G1 Conc#0" [stack: 0x00000099e7200000,0x00000099e7300000] [id=1500]
  0x00000247d6ffec50 ConcurrentGCThread "G1 Refine#0" [stack: 0x00000099e7300000,0x00000099e7400000] [id=1432]
  0x00000247f576a740 ConcurrentGCThread "G1 Service" [stack: 0x00000099e7400000,0x00000099e7500000] [id=4984]

Threads with active compile tasks:

VM state: not at safepoint (normal execution)

VM Mutex/Monitor currently owned by a thread: None

Heap address: 0x0000000080c00000, size: 2036 MB, Compressed Oops mode: 32-bit

CDS archive(s) mapped at: [0x0000000800000000-0x0000000800c60000-0x0000000800c60000), size 12976128, SharedBaseAddress: 0x0000000800000000, ArchiveRelocationMode: 0.
Compressed class space mapped at: 0x0000000801000000-0x0000000841000000, reserved size: 1073741824
Narrow klass base: 0x0000000800000000, Narrow klass shift: 0, Narrow klass range: 0x100000000

GC Precious Log:
 CardTable entry size: 512
 Card Set container configuration: InlinePtr #cards 5 size 8 Array Of Cards #cards 12 size 40 Howl #buckets 4 coarsen threshold 1843 Howl Bitmap #cards 512 size 80 coarsen threshold 460 Card regions per heap region 1 cards per card region 2048
 CPUs: 8 total, 8 available
 Memory: 8139M
 Large Page Support: Disabled
 NUMA Support: Disabled
 Compressed Oops: Enabled (32-bit)
 Heap Region Size: 1M
 Heap Min Capacity: 8M
 Heap Initial Capacity: 128M
 Heap Max Capacity: 2036M
 Pre-touch: Disabled
 Parallel Workers: 8
 Concurrent Workers: 2
 Concurrent Refinement Workers: 8
 Periodic GC: Disabled

Heap:
 garbage-first heap   total 131072K, used 11264K [0x0000000080c00000, 0x0000000100000000)
  region size 1024K, 8 young (8192K), 3 survivors (3072K)
 Metaspace       used 16765K, committed 17024K, reserved 1114112K
  class space    used 1843K, committed 1984K, reserved 1048576K

Heap Regions: E=young(eden), S=young(survivor), O=old, HS=humongous(starts), HC=humongous(continues), CS=collection set, F=free, OA=open archive, CA=closed archive, TAMS=top-at-mark-start, PB=parsable bottom
|   0|0x0000000080c00000, 0x0000000080d00000, 0x0000000080d00000|100%| O|  |TAMS 0x0000000080c00000| PB 0x0000000080c00000| Untracked 
|   1|0x0000000080d00000, 0x0000000080e00000, 0x0000000080e00000|100%| O|  |TAMS 0x0000000080d00000| PB 0x0000000080d00000| Untracked 
|   2|0x0000000080e00000, 0x0000000080f00000, 0x0000000080f00000|100%| O|  |TAMS 0x0000000080e00000| PB 0x0000000080e00000| Untracked 
|   3|0x0000000080f00000, 0x0000000081000000, 0x0000000081000000|100%|HS|  |TAMS 0x0000000080f00000| PB 0x0000000080f00000| Complete 
|   4|0x0000000081000000, 0x0000000081000000, 0x0000000081100000|  0%| F|  |TAMS 0x0000000081000000| PB 0x0000000081000000| Untracked 
|   5|0x0000000081100000, 0x0000000081100000, 0x0000000081200000|  0%| F|  |TAMS 0x0000000081100000| PB 0x0000000081100000| Untracked 
|   6|0x0000000081200000, 0x0000000081200000, 0x0000000081300000|  0%| F|  |TAMS 0x0000000081200000| PB 0x0000000081200000| Untracked 
|   7|0x0000000081300000, 0x0000000081300000, 0x0000000081400000|  0%| F|  |TAMS 0x0000000081300000| PB 0x0000000081300000| Untracked 
|   8|0x0000000081400000, 0x0000000081400000, 0x0000000081500000|  0%| F|  |TAMS 0x0000000081400000| PB 0x0000000081400000| Untracked 
|   9|0x0000000081500000, 0x0000000081500000, 0x0000000081600000|  0%| F|  |TAMS 0x0000000081500000| PB 0x0000000081500000| Untracked 
|  10|0x0000000081600000, 0x0000000081600000, 0x0000000081700000|  0%| F|  |TAMS 0x0000000081600000| PB 0x0000000081600000| Untracked 
|  11|0x0000000081700000, 0x0000000081700000, 0x0000000081800000|  0%| F|  |TAMS 0x0000000081700000| PB 0x0000000081700000| Untracked 
|  12|0x0000000081800000, 0x0000000081800000, 0x0000000081900000|  0%| F|  |TAMS 0x0000000081800000| PB 0x0000000081800000| Untracked 
|  13|0x0000000081900000, 0x0000000081900000, 0x0000000081a00000|  0%| F|  |TAMS 0x0000000081900000| PB 0x0000000081900000| Untracked 
|  14|0x0000000081a00000, 0x0000000081a00000, 0x0000000081b00000|  0%| F|  |TAMS 0x0000000081a00000| PB 0x0000000081a00000| Untracked 
|  15|0x0000000081b00000, 0x0000000081b00000, 0x0000000081c00000|  0%| F|  |TAMS 0x0000000081b00000| PB 0x0000000081b00000| Untracked 
|  16|0x0000000081c00000, 0x0000000081c00000, 0x0000000081d00000|  0%| F|  |TAMS 0x0000000081c00000| PB 0x0000000081c00000| Untracked 
|  17|0x0000000081d00000, 0x0000000081d00000, 0x0000000081e00000|  0%| F|  |TAMS 0x0000000081d00000| PB 0x0000000081d00000| Untracked 
|  18|0x0000000081e00000, 0x0000000081e00000, 0x0000000081f00000|  0%| F|  |TAMS 0x0000000081e00000| PB 0x0000000081e00000| Untracked 
|  19|0x0000000081f00000, 0x0000000081f00000, 0x0000000082000000|  0%| F|  |TAMS 0x0000000081f00000| PB 0x0000000081f00000| Untracked 
|  20|0x0000000082000000, 0x0000000082000000, 0x0000000082100000|  0%| F|  |TAMS 0x0000000082000000| PB 0x0000000082000000| Untracked 
|  21|0x0000000082100000, 0x0000000082100000, 0x0000000082200000|  0%| F|  |TAMS 0x0000000082100000| PB 0x0000000082100000| Untracked 
|  22|0x0000000082200000, 0x0000000082200000, 0x0000000082300000|  0%| F|  |TAMS 0x0000000082200000| PB 0x0000000082200000| Untracked 
|  23|0x0000000082300000, 0x0000000082300000, 0x0000000082400000|  0%| F|  |TAMS 0x0000000082300000| PB 0x0000000082300000| Untracked 
|  24|0x0000000082400000, 0x0000000082400000, 0x0000000082500000|  0%| F|  |TAMS 0x0000000082400000| PB 0x0000000082400000| Untracked 
|  25|0x0000000082500000, 0x0000000082500000, 0x0000000082600000|  0%| F|  |TAMS 0x0000000082500000| PB 0x0000000082500000| Untracked 
|  26|0x0000000082600000, 0x0000000082600000, 0x0000000082700000|  0%| F|  |TAMS 0x0000000082600000| PB 0x0000000082600000| Untracked 
|  27|0x0000000082700000, 0x0000000082700000, 0x0000000082800000|  0%| F|  |TAMS 0x0000000082700000| PB 0x0000000082700000| Untracked 
|  28|0x0000000082800000, 0x0000000082800000, 0x0000000082900000|  0%| F|  |TAMS 0x0000000082800000| PB 0x0000000082800000| Untracked 
|  29|0x0000000082900000, 0x0000000082900000, 0x0000000082a00000|  0%| F|  |TAMS 0x0000000082900000| PB 0x0000000082900000| Untracked 
|  30|0x0000000082a00000, 0x0000000082a00000, 0x0000000082b00000|  0%| F|  |TAMS 0x0000000082a00000| PB 0x0000000082a00000| Untracked 
|  31|0x0000000082b00000, 0x0000000082b00000, 0x0000000082c00000|  0%| F|  |TAMS 0x0000000082b00000| PB 0x0000000082b00000| Untracked 
|  32|0x0000000082c00000, 0x0000000082c00000, 0x0000000082d00000|  0%| F|  |TAMS 0x0000000082c00000| PB 0x0000000082c00000| Untracked 
|  33|0x0000000082d00000, 0x0000000082d00000, 0x0000000082e00000|  0%| F|  |TAMS 0x0000000082d00000| PB 0x0000000082d00000| Untracked 
|  34|0x0000000082e00000, 0x0000000082e00000, 0x0000000082f00000|  0%| F|  |TAMS 0x0000000082e00000| PB 0x0000000082e00000| Untracked 
|  35|0x0000000082f00000, 0x0000000082f00000, 0x0000000083000000|  0%| F|  |TAMS 0x0000000082f00000| PB 0x0000000082f00000| Untracked 
|  36|0x0000000083000000, 0x0000000083000000, 0x0000000083100000|  0%| F|  |TAMS 0x0000000083000000| PB 0x0000000083000000| Untracked 
|  37|0x0000000083100000, 0x0000000083100000, 0x0000000083200000|  0%| F|  |TAMS 0x0000000083100000| PB 0x0000000083100000| Untracked 
|  38|0x0000000083200000, 0x0000000083200000, 0x0000000083300000|  0%| F|  |TAMS 0x0000000083200000| PB 0x0000000083200000| Untracked 
|  39|0x0000000083300000, 0x0000000083300000, 0x0000000083400000|  0%| F|  |TAMS 0x0000000083300000| PB 0x0000000083300000| Untracked 
|  40|0x0000000083400000, 0x0000000083400000, 0x0000000083500000|  0%| F|  |TAMS 0x0000000083400000| PB 0x0000000083400000| Untracked 
|  41|0x0000000083500000, 0x0000000083500000, 0x0000000083600000|  0%| F|  |TAMS 0x0000000083500000| PB 0x0000000083500000| Untracked 
|  42|0x0000000083600000, 0x0000000083600000, 0x0000000083700000|  0%| F|  |TAMS 0x0000000083600000| PB 0x0000000083600000| Untracked 
|  43|0x0000000083700000, 0x0000000083700000, 0x0000000083800000|  0%| F|  |TAMS 0x0000000083700000| PB 0x0000000083700000| Untracked 
|  44|0x0000000083800000, 0x0000000083800000, 0x0000000083900000|  0%| F|  |TAMS 0x0000000083800000| PB 0x0000000083800000| Untracked 
|  45|0x0000000083900000, 0x0000000083900000, 0x0000000083a00000|  0%| F|  |TAMS 0x0000000083900000| PB 0x0000000083900000| Untracked 
|  46|0x0000000083a00000, 0x0000000083a00000, 0x0000000083b00000|  0%| F|  |TAMS 0x0000000083a00000| PB 0x0000000083a00000| Untracked 
|  47|0x0000000083b00000, 0x0000000083b00000, 0x0000000083c00000|  0%| F|  |TAMS 0x0000000083b00000| PB 0x0000000083b00000| Untracked 
|  48|0x0000000083c00000, 0x0000000083c00000, 0x0000000083d00000|  0%| F|  |TAMS 0x0000000083c00000| PB 0x0000000083c00000| Untracked 
|  49|0x0000000083d00000, 0x0000000083d00000, 0x0000000083e00000|  0%| F|  |TAMS 0x0000000083d00000| PB 0x0000000083d00000| Untracked 
|  50|0x0000000083e00000, 0x0000000083e00000, 0x0000000083f00000|  0%| F|  |TAMS 0x0000000083e00000| PB 0x0000000083e00000| Untracked 
|  51|0x0000000083f00000, 0x0000000083f00000, 0x0000000084000000|  0%| F|  |TAMS 0x0000000083f00000| PB 0x0000000083f00000| Untracked 
|  52|0x0000000084000000, 0x0000000084000000, 0x0000000084100000|  0%| F|  |TAMS 0x0000000084000000| PB 0x0000000084000000| Untracked 
|  53|0x0000000084100000, 0x0000000084100000, 0x0000000084200000|  0%| F|  |TAMS 0x0000000084100000| PB 0x0000000084100000| Untracked 
|  54|0x0000000084200000, 0x0000000084200000, 0x0000000084300000|  0%| F|  |TAMS 0x0000000084200000| PB 0x0000000084200000| Untracked 
|  55|0x0000000084300000, 0x0000000084300000, 0x0000000084400000|  0%| F|  |TAMS 0x0000000084300000| PB 0x0000000084300000| Untracked 
|  56|0x0000000084400000, 0x0000000084400000, 0x0000000084500000|  0%| F|  |TAMS 0x0000000084400000| PB 0x0000000084400000| Untracked 
|  57|0x0000000084500000, 0x0000000084500000, 0x0000000084600000|  0%| F|  |TAMS 0x0000000084500000| PB 0x0000000084500000| Untracked 
|  58|0x0000000084600000, 0x0000000084600000, 0x0000000084700000|  0%| F|  |TAMS 0x0000000084600000| PB 0x0000000084600000| Untracked 
|  59|0x0000000084700000, 0x0000000084700000, 0x0000000084800000|  0%| F|  |TAMS 0x0000000084700000| PB 0x0000000084700000| Untracked 
|  60|0x0000000084800000, 0x0000000084800000, 0x0000000084900000|  0%| F|  |TAMS 0x0000000084800000| PB 0x0000000084800000| Untracked 
|  61|0x0000000084900000, 0x0000000084900000, 0x0000000084a00000|  0%| F|  |TAMS 0x0000000084900000| PB 0x0000000084900000| Untracked 
|  62|0x0000000084a00000, 0x0000000084a00000, 0x0000000084b00000|  0%| F|  |TAMS 0x0000000084a00000| PB 0x0000000084a00000| Untracked 
|  63|0x0000000084b00000, 0x0000000084b00000, 0x0000000084c00000|  0%| F|  |TAMS 0x0000000084b00000| PB 0x0000000084b00000| Untracked 
|  64|0x0000000084c00000, 0x0000000084c00000, 0x0000000084d00000|  0%| F|  |TAMS 0x0000000084c00000| PB 0x0000000084c00000| Untracked 
|  65|0x0000000084d00000, 0x0000000084d00000, 0x0000000084e00000|  0%| F|  |TAMS 0x0000000084d00000| PB 0x0000000084d00000| Untracked 
|  66|0x0000000084e00000, 0x0000000084e00000, 0x0000000084f00000|  0%| F|  |TAMS 0x0000000084e00000| PB 0x0000000084e00000| Untracked 
|  67|0x0000000084f00000, 0x0000000084f00000, 0x0000000085000000|  0%| F|  |TAMS 0x0000000084f00000| PB 0x0000000084f00000| Untracked 
|  68|0x0000000085000000, 0x0000000085000000, 0x0000000085100000|  0%| F|  |TAMS 0x0000000085000000| PB 0x0000000085000000| Untracked 
|  69|0x0000000085100000, 0x0000000085100000, 0x0000000085200000|  0%| F|  |TAMS 0x0000000085100000| PB 0x0000000085100000| Untracked 
|  70|0x0000000085200000, 0x0000000085200000, 0x0000000085300000|  0%| F|  |TAMS 0x0000000085200000| PB 0x0000000085200000| Untracked 
|  71|0x0000000085300000, 0x0000000085300000, 0x0000000085400000|  0%| F|  |TAMS 0x0000000085300000| PB 0x0000000085300000| Untracked 
|  72|0x0000000085400000, 0x0000000085400000, 0x0000000085500000|  0%| F|  |TAMS 0x0000000085400000| PB 0x0000000085400000| Untracked 
|  73|0x0000000085500000, 0x0000000085500000, 0x0000000085600000|  0%| F|  |TAMS 0x0000000085500000| PB 0x0000000085500000| Untracked 
|  74|0x0000000085600000, 0x0000000085600000, 0x0000000085700000|  0%| F|  |TAMS 0x0000000085600000| PB 0x0000000085600000| Untracked 
|  75|0x0000000085700000, 0x0000000085700000, 0x0000000085800000|  0%| F|  |TAMS 0x0000000085700000| PB 0x0000000085700000| Untracked 
|  76|0x0000000085800000, 0x0000000085800000, 0x0000000085900000|  0%| F|  |TAMS 0x0000000085800000| PB 0x0000000085800000| Untracked 
|  77|0x0000000085900000, 0x0000000085900000, 0x0000000085a00000|  0%| F|  |TAMS 0x0000000085900000| PB 0x0000000085900000| Untracked 
|  78|0x0000000085a00000, 0x0000000085a00000, 0x0000000085b00000|  0%| F|  |TAMS 0x0000000085a00000| PB 0x0000000085a00000| Untracked 
|  79|0x0000000085b00000, 0x0000000085b00000, 0x0000000085c00000|  0%| F|  |TAMS 0x0000000085b00000| PB 0x0000000085b00000| Untracked 
|  80|0x0000000085c00000, 0x0000000085c00000, 0x0000000085d00000|  0%| F|  |TAMS 0x0000000085c00000| PB 0x0000000085c00000| Untracked 
|  81|0x0000000085d00000, 0x0000000085d00000, 0x0000000085e00000|  0%| F|  |TAMS 0x0000000085d00000| PB 0x0000000085d00000| Untracked 
|  82|0x0000000085e00000, 0x0000000085e00000, 0x0000000085f00000|  0%| F|  |TAMS 0x0000000085e00000| PB 0x0000000085e00000| Untracked 
|  83|0x0000000085f00000, 0x0000000085f00000, 0x0000000086000000|  0%| F|  |TAMS 0x0000000085f00000| PB 0x0000000085f00000| Untracked 
|  84|0x0000000086000000, 0x0000000086000000, 0x0000000086100000|  0%| F|  |TAMS 0x0000000086000000| PB 0x0000000086000000| Untracked 
|  85|0x0000000086100000, 0x0000000086100000, 0x0000000086200000|  0%| F|  |TAMS 0x0000000086100000| PB 0x0000000086100000| Untracked 
|  86|0x0000000086200000, 0x0000000086200000, 0x0000000086300000|  0%| F|  |TAMS 0x0000000086200000| PB 0x0000000086200000| Untracked 
|  87|0x0000000086300000, 0x0000000086300000, 0x0000000086400000|  0%| F|  |TAMS 0x0000000086300000| PB 0x0000000086300000| Untracked 
|  88|0x0000000086400000, 0x0000000086400000, 0x0000000086500000|  0%| F|  |TAMS 0x0000000086400000| PB 0x0000000086400000| Untracked 
|  89|0x0000000086500000, 0x0000000086500000, 0x0000000086600000|  0%| F|  |TAMS 0x0000000086500000| PB 0x0000000086500000| Untracked 
|  90|0x0000000086600000, 0x0000000086600000, 0x0000000086700000|  0%| F|  |TAMS 0x0000000086600000| PB 0x0000000086600000| Untracked 
|  91|0x0000000086700000, 0x0000000086700000, 0x0000000086800000|  0%| F|  |TAMS 0x0000000086700000| PB 0x0000000086700000| Untracked 
|  92|0x0000000086800000, 0x0000000086800000, 0x0000000086900000|  0%| F|  |TAMS 0x0000000086800000| PB 0x0000000086800000| Untracked 
|  93|0x0000000086900000, 0x0000000086900000, 0x0000000086a00000|  0%| F|  |TAMS 0x0000000086900000| PB 0x0000000086900000| Untracked 
|  94|0x0000000086a00000, 0x0000000086a00000, 0x0000000086b00000|  0%| F|  |TAMS 0x0000000086a00000| PB 0x0000000086a00000| Untracked 
|  95|0x0000000086b00000, 0x0000000086b00000, 0x0000000086c00000|  0%| F|  |TAMS 0x0000000086b00000| PB 0x0000000086b00000| Untracked 
|  96|0x0000000086c00000, 0x0000000086c00000, 0x0000000086d00000|  0%| F|  |TAMS 0x0000000086c00000| PB 0x0000000086c00000| Untracked 
|  97|0x0000000086d00000, 0x0000000086d00000, 0x0000000086e00000|  0%| F|  |TAMS 0x0000000086d00000| PB 0x0000000086d00000| Untracked 
|  98|0x0000000086e00000, 0x0000000086e00000, 0x0000000086f00000|  0%| F|  |TAMS 0x0000000086e00000| PB 0x0000000086e00000| Untracked 
|  99|0x0000000086f00000, 0x0000000086f00000, 0x0000000087000000|  0%| F|  |TAMS 0x0000000086f00000| PB 0x0000000086f00000| Untracked 
| 100|0x0000000087000000, 0x0000000087000000, 0x0000000087100000|  0%| F|  |TAMS 0x0000000087000000| PB 0x0000000087000000| Untracked 
| 101|0x0000000087100000, 0x0000000087100000, 0x0000000087200000|  0%| F|  |TAMS 0x0000000087100000| PB 0x0000000087100000| Untracked 
| 102|0x0000000087200000, 0x0000000087300000, 0x0000000087300000|100%| S|CS|TAMS 0x0000000087200000| PB 0x0000000087200000| Complete 
| 103|0x0000000087300000, 0x0000000087400000, 0x0000000087400000|100%| S|CS|TAMS 0x0000000087300000| PB 0x0000000087300000| Complete 
| 104|0x0000000087400000, 0x0000000087500000, 0x0000000087500000|100%| S|CS|TAMS 0x0000000087400000| PB 0x0000000087400000| Complete 
| 105|0x0000000087500000, 0x0000000087500000, 0x0000000087600000|  0%| F|  |TAMS 0x0000000087500000| PB 0x0000000087500000| Untracked 
| 106|0x0000000087600000, 0x0000000087600000, 0x0000000087700000|  0%| F|  |TAMS 0x0000000087600000| PB 0x0000000087600000| Untracked 
| 107|0x0000000087700000, 0x0000000087700000, 0x0000000087800000|  0%| F|  |TAMS 0x0000000087700000| PB 0x0000000087700000| Untracked 
| 108|0x0000000087800000, 0x0000000087800000, 0x0000000087900000|  0%| F|  |TAMS 0x0000000087800000| PB 0x0000000087800000| Untracked 
| 109|0x0000000087900000, 0x0000000087900000, 0x0000000087a00000|  0%| F|  |TAMS 0x0000000087900000| PB 0x0000000087900000| Untracked 
| 110|0x0000000087a00000, 0x0000000087a00000, 0x0000000087b00000|  0%| F|  |TAMS 0x0000000087a00000| PB 0x0000000087a00000| Untracked 
| 111|0x0000000087b00000, 0x0000000087b00000, 0x0000000087c00000|  0%| F|  |TAMS 0x0000000087b00000| PB 0x0000000087b00000| Untracked 
| 112|0x0000000087c00000, 0x0000000087c00000, 0x0000000087d00000|  0%| F|  |TAMS 0x0000000087c00000| PB 0x0000000087c00000| Untracked 
| 113|0x0000000087d00000, 0x0000000087d00000, 0x0000000087e00000|  0%| F|  |TAMS 0x0000000087d00000| PB 0x0000000087d00000| Untracked 
| 114|0x0000000087e00000, 0x0000000087e00000, 0x0000000087f00000|  0%| F|  |TAMS 0x0000000087e00000| PB 0x0000000087e00000| Untracked 
| 115|0x0000000087f00000, 0x0000000087f00000, 0x0000000088000000|  0%| F|  |TAMS 0x0000000087f00000| PB 0x0000000087f00000| Untracked 
| 116|0x0000000088000000, 0x0000000088000000, 0x0000000088100000|  0%| F|  |TAMS 0x0000000088000000| PB 0x0000000088000000| Untracked 
| 117|0x0000000088100000, 0x0000000088100000, 0x0000000088200000|  0%| F|  |TAMS 0x0000000088100000| PB 0x0000000088100000| Untracked 
| 118|0x0000000088200000, 0x0000000088200000, 0x0000000088300000|  0%| F|  |TAMS 0x0000000088200000| PB 0x0000000088200000| Untracked 
| 119|0x0000000088300000, 0x0000000088300000, 0x0000000088400000|  0%| F|  |TAMS 0x0000000088300000| PB 0x0000000088300000| Untracked 
| 120|0x0000000088400000, 0x0000000088400000, 0x0000000088500000|  0%| F|  |TAMS 0x0000000088400000| PB 0x0000000088400000| Untracked 
| 121|0x0000000088500000, 0x0000000088500000, 0x0000000088600000|  0%| F|  |TAMS 0x0000000088500000| PB 0x0000000088500000| Untracked 
| 122|0x0000000088600000, 0x0000000088600000, 0x0000000088700000|  0%| F|  |TAMS 0x0000000088600000| PB 0x0000000088600000| Untracked 
| 123|0x0000000088700000, 0x0000000088794578, 0x0000000088800000| 57%| E|  |TAMS 0x0000000088700000| PB 0x0000000088700000| Complete 
| 124|0x0000000088800000, 0x0000000088900000, 0x0000000088900000|100%| E|CS|TAMS 0x0000000088800000| PB 0x0000000088800000| Complete 
| 125|0x0000000088900000, 0x0000000088a00000, 0x0000000088a00000|100%| E|CS|TAMS 0x0000000088900000| PB 0x0000000088900000| Complete 
| 126|0x0000000088a00000, 0x0000000088b00000, 0x0000000088b00000|100%| E|CS|TAMS 0x0000000088a00000| PB 0x0000000088a00000| Complete 
| 127|0x0000000088b00000, 0x0000000088c00000, 0x0000000088c00000|100%| E|CS|TAMS 0x0000000088b00000| PB 0x0000000088b00000| Complete 

Card table byte_map: [0x00000247f0650000,0x00000247f0a50000] _byte_map_base: 0x00000247f024a000

Marking Bits: (CMBitMap*) 0x00000247d6f8e830
 Bits: [0x00000247f0e50000, 0x00000247f2e20000)

Polling page: 0x00000247d7000000

Metaspace:

Usage:
  Non-class:     14.57 MB used.
      Class:      1.80 MB used.
       Both:     16.37 MB used.

Virtual space:
  Non-class space:       64.00 MB reserved,      14.69 MB ( 23%) committed,  1 nodes.
      Class space:        1.00 GB reserved,       1.94 MB ( <1%) committed,  1 nodes.
             Both:        1.06 GB reserved,      16.62 MB (  2%) committed. 

Chunk freelists:
   Non-Class:  1003.00 KB
       Class:  2.10 MB
        Both:  3.08 MB

MaxMetaspaceSize: unlimited
CompressedClassSpaceSize: 1.00 GB
Initial GC threshold: 21.00 MB
Current GC threshold: 21.00 MB
CDS: on
MetaspaceReclaimPolicy: balanced
 - commit_granule_bytes: 65536.
 - commit_granule_words: 8192.
 - virtual_space_node_default_size: 8388608.
 - enlarge_chunks_in_place: 1.
 - new_chunks_are_fully_committed: 0.
 - uncommit_free_chunks: 1.
 - use_allocation_guard: 0.


Internal statistics:

num_allocs_failed_limit: 0.
num_arena_births: 206.
num_arena_deaths: 0.
num_vsnodes_births: 2.
num_vsnodes_deaths: 0.
num_space_committed: 266.
num_space_uncommitted: 0.
num_chunks_returned_to_freelist: 0.
num_chunks_taken_from_freelist: 371.
num_chunk_merges: 0.
num_chunk_splits: 209.
num_chunks_enlarged: 94.
num_inconsistent_stats: 0.

CodeHeap 'non-profiled nmethods': size=120000Kb used=820Kb max_used=820Kb free=119179Kb
 bounds [0x00000247e82b0000, 0x00000247e8520000, 0x00000247ef7e0000]
CodeHeap 'profiled nmethods': size=120000Kb used=4376Kb max_used=4376Kb free=115623Kb
 bounds [0x00000247e07e0000, 0x00000247e0c30000, 0x00000247e7d10000]
CodeHeap 'non-nmethods': size=5760Kb used=1707Kb max_used=1734Kb free=4052Kb
 bounds [0x00000247e7d10000, 0x00000247e7f80000, 0x00000247e82b0000]
 total_blobs=3183 nmethods=2485 adapters=607
 compilation: enabled
              stopped_count=0, restarted_count=0
 full_count=0

Compilation events (20 events):
Event: 6.818 Thread 0x00000247f58e9a50 2467       3       javax.swing.plaf.basic.BasicListUI::maybeUpdateLayoutState (17 bytes)
Event: 6.818 Thread 0x00000247f58e9a50 nmethod 2467 0x00000247e0c21710 code [0x00000247e0c218a0, 0x00000247e0c21a48]
Event: 6.818 Thread 0x00000247f58e9a50 2468       3       javax.swing.CellRendererPane::invalidate (1 bytes)
Event: 6.818 Thread 0x00000247f58e9a50 nmethod 2468 0x00000247e0c21b10 code [0x00000247e0c21ca0, 0x00000247e0c21db0]
Event: 6.819 Thread 0x00000247f58e9a50 2469       3       sun.java2d.pipe.Region::getIntersection (37 bytes)
Event: 6.819 Thread 0x00000247f58e9a50 nmethod 2469 0x00000247e0c21e10 code [0x00000247e0c22040, 0x00000247e0c22c78]
Event: 6.827 Thread 0x00000247f58e9a50 2470       3       java.util.concurrent.atomic.AtomicBoolean::set (14 bytes)
Event: 6.827 Thread 0x00000247f58e9a50 nmethod 2470 0x00000247e0c22f10 code [0x00000247e0c230a0, 0x00000247e0c23210]
Event: 7.312 Thread 0x00000247f58e9a50 2471       3       javax.swing.text.GapContent$MarkVector::size (17 bytes)
Event: 7.312 Thread 0x00000247f58e9a50 nmethod 2471 0x00000247e0c23290 code [0x00000247e0c23420, 0x00000247e0c236e8]
Event: 7.312 Thread 0x00000247f58e9a50 2472       3       javax.swing.text.GapContent$MarkVector::getArrayLength (11 bytes)
Event: 7.312 Thread 0x00000247f58e9a50 nmethod 2472 0x00000247e0c23810 code [0x00000247e0c239a0, 0x00000247e0c23bc0]
Event: 7.316 Thread 0x00000247f58e9a50 2473       1       javax.swing.JLabel::getDisplayedMnemonic (5 bytes)
Event: 7.316 Thread 0x00000247f58e9a50 nmethod 2473 0x00000247e837ba10 code [0x00000247e837bb80, 0x00000247e837bc50]
Event: 7.316 Thread 0x00000247f58e9a50 2474       3       javax.swing.JComponent::getPreferredSize (43 bytes)
Event: 7.316 Thread 0x00000247f58e9a50 nmethod 2474 0x00000247e0c23c90 code [0x00000247e0c23e60, 0x00000247e0c24400]
Event: 7.317 Thread 0x00000247f58df0b0 2475       4       sun.util.logging.internal.LoggingProviderImpl$JULWrapper::toJUL (40 bytes)
Event: 7.318 Thread 0x00000247f58df0b0 nmethod 2475 0x00000247e837bd10 code [0x00000247e837be80, 0x00000247e837bf20]
Event: 7.318 Thread 0x00000247f58df0b0 2476       4       sun.util.logging.internal.LoggingProviderImpl$JULWrapper::isLoggable (12 bytes)
Event: 7.318 Thread 0x00000247f58e9a50 2477       3       sun.java2d.SunGraphics2D::transformShape (36 bytes)

GC Heap History (2 events):
Event: 3.381 GC heap before
{Heap before GC invocations=0 (full 0):
 garbage-first heap   total 131072K, used 22528K [0x0000000080c00000, 0x0000000100000000)
  region size 1024K, 23 young (23552K), 0 survivors (0K)
 Metaspace       used 15886K, committed 16192K, reserved 1114112K
  class space    used 1755K, committed 1920K, reserved 1048576K
}
Event: 3.389 GC heap after
{Heap after GC invocations=1 (full 0):
 garbage-first heap   total 131072K, used 6144K [0x0000000080c00000, 0x0000000100000000)
  region size 1024K, 3 young (3072K), 3 survivors (3072K)
 Metaspace       used 15886K, committed 16192K, reserved 1114112K
  class space    used 1755K, committed 1920K, reserved 1048576K
}

Dll operation events (15 events):
Event: 0.010 Loaded shared library C:\Users\Joaquin\.jdks\openjdk-20\bin\java.dll
Event: 0.022 Loaded shared library C:\Users\Joaquin\.jdks\openjdk-20\bin\jsvml.dll
Event: 0.108 Loaded shared library C:\Users\Joaquin\.jdks\openjdk-20\bin\zip.dll
Event: 0.111 Loaded shared library C:\Users\Joaquin\.jdks\openjdk-20\bin\instrument.dll
Event: 0.118 Loaded shared library C:\Users\Joaquin\.jdks\openjdk-20\bin\net.dll
Event: 0.120 Loaded shared library C:\Users\Joaquin\.jdks\openjdk-20\bin\nio.dll
Event: 0.125 Loaded shared library C:\Users\Joaquin\.jdks\openjdk-20\bin\zip.dll
Event: 0.143 Loaded shared library C:\Program Files\JetBrains\IntelliJ IDEA Community Edition 2023.1.1\bin\breakgen64.dll
Event: 0.153 Loaded shared library C:\Users\Joaquin\.jdks\openjdk-20\bin\extnet.dll
Event: 0.185 Loaded shared library C:\Users\Joaquin\.jdks\openjdk-20\bin\jimage.dll
Event: 0.342 Loaded shared library C:\Users\Joaquin\.jdks\openjdk-20\bin\sunmscapi.dll
Event: 0.703 Loaded shared library C:\Users\Joaquin\AppData\Local\Temp\sqlite-3.21.0-46b6073f-fd2a-438a-b921-36b8f47d4ea3-sqlitejdbc.dll
Event: 0.734 Loaded shared library C:\Users\Joaquin\.jdks\openjdk-20\bin\awt.dll
Event: 1.214 Loaded shared library C:\Users\Joaquin\.jdks\openjdk-20\bin\freetype.dll
Event: 1.215 Loaded shared library C:\Users\Joaquin\.jdks\openjdk-20\bin\fontmanager.dll

Deoptimization events (20 events):
Event: 5.280 Thread 0x00000247f9ceae60 Uncommon trap: trap_request=0xffffff45 fr.pc=0x00000247e830a610 relative=0x0000000000000d10
Event: 5.280 Thread 0x00000247f9ceae60 Uncommon trap: reason=unstable_if action=reinterpret pc=0x00000247e830a610 method=java.util.concurrent.ConcurrentHashMap.putVal(Ljava/lang/Object;Ljava/lang/Object;Z)Ljava/lang/Object; @ 148 c2
Event: 5.280 Thread 0x00000247f9ceae60 DEOPT PACKING pc=0x00000247e830a610 sp=0x00000099e85fcf50
Event: 5.280 Thread 0x00000247f9ceae60 DEOPT UNPACKING pc=0x00000247e7d79d22 sp=0x00000099e85fced0 mode 2
Event: 5.280 Thread 0x00000247f9ceae60 Uncommon trap: trap_request=0xffffff45 fr.pc=0x00000247e83309f0 relative=0x0000000000000a50
Event: 5.280 Thread 0x00000247f9ceae60 Uncommon trap: reason=unstable_if action=reinterpret pc=0x00000247e83309f0 method=java.util.regex.Pattern$Start.match(Ljava/util/regex/Matcher;ILjava/lang/CharSequence;)Z @ 10 c2
Event: 5.280 Thread 0x00000247f9ceae60 DEOPT PACKING pc=0x00000247e83309f0 sp=0x00000099e85fd2e0
Event: 5.280 Thread 0x00000247f9ceae60 DEOPT UNPACKING pc=0x00000247e7d79d22 sp=0x00000099e85fd240 mode 2
Event: 5.316 Thread 0x00000247f9ceae60 Uncommon trap: trap_request=0xffffff45 fr.pc=0x00000247e8360f94 relative=0x0000000000000114
Event: 5.316 Thread 0x00000247f9ceae60 Uncommon trap: reason=unstable_if action=reinterpret pc=0x00000247e8360f94 method=javax.swing.text.Segment.previous()C @ 8 c2
Event: 5.316 Thread 0x00000247f9ceae60 DEOPT PACKING pc=0x00000247e8360f94 sp=0x00000099e85fda60
Event: 5.317 Thread 0x00000247f9ceae60 DEOPT UNPACKING pc=0x00000247e7d79d22 sp=0x00000099e85fd980 mode 2
Event: 5.317 Thread 0x00000247f9ceae60 Uncommon trap: trap_request=0xffffff45 fr.pc=0x00000247e8362128 relative=0x00000000000000a8
Event: 5.317 Thread 0x00000247f9ceae60 Uncommon trap: reason=unstable_if action=reinterpret pc=0x00000247e8362128 method=javax.swing.text.Segment.previous()C @ 8 c2
Event: 5.317 Thread 0x00000247f9ceae60 DEOPT PACKING pc=0x00000247e8362128 sp=0x00000099e85fd9e0
Event: 5.317 Thread 0x00000247f9ceae60 DEOPT UNPACKING pc=0x00000247e7d79d22 sp=0x00000099e85fd978 mode 2
Event: 5.329 Thread 0x00000247f9ceae60 Uncommon trap: trap_request=0xffffff45 fr.pc=0x00000247e8363d40 relative=0x0000000000000580
Event: 5.329 Thread 0x00000247f9ceae60 Uncommon trap: reason=unstable_if action=reinterpret pc=0x00000247e8363d40 method=sun.text.RuleBasedBreakIterator.handleNext()I @ 42 c2
Event: 5.329 Thread 0x00000247f9ceae60 DEOPT PACKING pc=0x00000247e8363d40 sp=0x00000099e85fdad0
Event: 5.329 Thread 0x00000247f9ceae60 DEOPT UNPACKING pc=0x00000247e7d79d22 sp=0x00000099e85fda60 mode 2

Classes loaded (20 events):
Event: 5.282 Loading class sun/text/CompactByteArray
Event: 5.282 Loading class sun/text/CompactByteArray done
Event: 5.282 Loading class sun/text/SupplementaryCharacterData
Event: 5.282 Loading class sun/text/SupplementaryCharacterData done
Event: 5.282 Loading class java/text/BreakIterator$BreakIteratorCache
Event: 5.282 Loading class java/text/BreakIterator$BreakIteratorCache done
Event: 5.287 Loading class sun/font/CMap$CMapFormat12
Event: 5.287 Loading class sun/font/CMap$CMapFormat12 done
Event: 5.328 Loading class javax/swing/text/GapContent$RemoveUndo
Event: 5.328 Loading class javax/swing/text/GapContent$RemoveUndo done
Event: 5.328 Loading class javax/swing/text/GapContent$UndoPosRef
Event: 5.328 Loading class javax/swing/text/GapContent$UndoPosRef done
Event: 7.315 Loading class javax/swing/event/ListDataEvent
Event: 7.316 Loading class javax/swing/event/ListDataEvent done
Event: 7.316 Loading class java/awt/event/ItemEvent
Event: 7.316 Loading class java/awt/event/ItemEvent done
Event: 7.318 Loading class java/util/concurrent/atomic/AtomicReferenceFieldUpdater
Event: 7.318 Loading class java/util/concurrent/atomic/AtomicReferenceFieldUpdater done
Event: 7.318 Loading class java/util/concurrent/atomic/AtomicReferenceFieldUpdater$AtomicReferenceFieldUpdaterImpl
Event: 7.318 Loading class java/util/concurrent/atomic/AtomicReferenceFieldUpdater$AtomicReferenceFieldUpdaterImpl done

Classes unloaded (0 events):
No events

Classes redefined (0 events):
No events

Internal exceptions (20 events):
Event: 0.154 Thread 0x00000247f9ceb900 Exception <a 'java/lang/NoSuchMethodError'{0x00000000889f32c0}: 'void java.lang.invoke.DirectMethodHandle$Holder.invokeStatic(java.lang.Object, java.lang.Object)'> (0x00000000889f32c0) 
thrown [s\open\src\hotspot\share\interpreter\linkResolver.cpp, line 773]
Event: 0.274 Thread 0x00000247d6f2de20 Exception <a 'java/lang/NoSuchMethodError'{0x00000000885c1348}: 'void java.lang.invoke.DirectMethodHandle$Holder.invokeVirtual(java.lang.Object, java.lang.Object)'> (0x00000000885c1348) 
thrown [s\open\src\hotspot\share\interpreter\linkResolver.cpp, line 773]
Event: 0.368 Thread 0x00000247d6f2de20 Exception <a 'sun/nio/fs/WindowsException'{0x00000000881cf808}> (0x00000000881cf808) 
thrown [s\open\src\hotspot\share\prims\jni.cpp, line 519]
Event: 0.408 Thread 0x00000247d6f2de20 Exception <a 'java/lang/NoSuchMethodError'{0x0000000088082620}: 'java.lang.Object java.lang.invoke.DirectMethodHandle$Holder.invokeStaticInit(java.lang.Object, int, int, int, int)'> (0x0000000088082620) 
thrown [s\open\src\hotspot\share\interpreter\linkResolver.cpp, line 773]
Event: 0.458 Thread 0x00000247d6f2de20 Exception <a 'java/lang/NoSuchMethodError'{0x0000000087f12228}: 'java.lang.Object java.lang.invoke.DirectMethodHandle$Holder.invokeStaticInit(java.lang.Object, java.lang.Object, int, int, int, int)'> (0x0000000087f12228) 
thrown [s\open\src\hotspot\share\interpreter\linkResolver.cpp, line 773]
Event: 0.730 Thread 0x00000247d6f2de20 Exception <a 'java/lang/ClassNotFoundException'{0x0000000087cbe920}: sun/awt/resources/spi/awtProvider> (0x0000000087cbe920) 
thrown [s\open\src\hotspot\share\classfile\systemDictionary.cpp, line 305]
Event: 0.735 Thread 0x00000247d6f2de20 Exception <a 'java/io/FileNotFoundException'{0x0000000087cc8f08}> (0x0000000087cc8f08) 
thrown [s\open\src\hotspot\share\prims\jni.cpp, line 519]
Event: 0.740 Thread 0x00000247d6f2de20 Exception <a 'java/io/FileNotFoundException'{0x0000000087cf2e08}> (0x0000000087cf2e08) 
thrown [s\open\src\hotspot\share\prims\jni.cpp, line 519]
Event: 0.801 Thread 0x00000247d6f2de20 Exception <a 'java/lang/NoSuchMethodError'{0x0000000087b6f618}: 'void java.lang.invoke.DirectMethodHandle$Holder.invokeSpecial(java.lang.Object, java.lang.Object, java.lang.Object)'> (0x0000000087b6f618) 
thrown [s\open\src\hotspot\share\interpreter\linkResolver.cpp, line 773]
Event: 0.811 Thread 0x00000247d6f2de20 Exception <a 'java/lang/NoSuchMethodError'{0x0000000087a238b8}: 'java.lang.Object java.lang.invoke.DirectMethodHandle$Holder.newInvokeSpecial(java.lang.Object, java.lang.Object, java.lang.Object, java.lang.Object, java.lang.Object)'> (0x0000000087a238b8) 
thrown [s\open\src\hotspot\share\interpreter\linkResolver.cpp, line 773]
Event: 0.819 Thread 0x00000247d6f2de20 Exception <a 'java/lang/NoSuchMethodError'{0x0000000087a53f38}: 'java.lang.Object java.lang.invoke.DirectMethodHandle$Holder.invokeStatic(java.lang.Object, int, java.lang.Object)'> (0x0000000087a53f38) 
thrown [s\open\src\hotspot\share\interpreter\linkResolver.cpp, line 773]
Event: 0.865 Thread 0x00000247d6f2de20 Exception <a 'java/lang/ClassNotFoundException'{0x000000008791c998}: com/sun/swing/internal/plaf/metal/resources/spi/metalProvider> (0x000000008791c998) 
thrown [s\open\src\hotspot\share\classfile\systemDictionary.cpp, line 305]
Event: 0.867 Thread 0x00000247d6f2de20 Exception <a 'java/lang/ClassNotFoundException'{0x00000000879206c8}: com/sun/swing/internal/plaf/basic/resources/spi/basicProvider> (0x00000000879206c8) 
thrown [s\open\src\hotspot\share\classfile\systemDictionary.cpp, line 305]
Event: 0.921 Thread 0x00000247d6f2de20 Implicit null exception at 0x00000247e831e7cd to 0x00000247e831f1d4
Event: 0.921 Thread 0x00000247d6f2de20 Implicit null exception at 0x00000247e8311d9a to 0x00000247e8311ffc
Event: 0.922 Thread 0x00000247d6f2de20 Implicit null exception at 0x00000247e8308ba1 to 0x00000247e8308ddc
Event: 0.922 Thread 0x00000247d6f2de20 Implicit null exception at 0x00000247e82e9a9d to 0x00000247e82e9b19
Event: 0.935 Thread 0x00000247d6f2de20 Exception <a 'java/lang/NoSuchMethodError'{0x0000000087970af8}: 'int java.lang.invoke.Invokers$Holder.invokeExact_MT(java.lang.Object, java.lang.Object)'> (0x0000000087970af8) 
thrown [s\open\src\hotspot\share\interpreter\linkResolver.cpp, line 773]
Event: 1.056 Thread 0x00000247f58db1b0 Exception <a 'java/lang/NoSuchMethodError'{0x0000000087733680}: 'java.lang.Object java.lang.invoke.Invokers$Holder.invokeExact_MT(java.lang.Object, java.lang.Object, java.lang.Object, java.lang.Object, java.lang.Object, java.lang.Object)'> (0x0000000087733680) 
thrown [s\open\src\hotspot\share\interpreter\linkResolver.cpp, line 773]
Event: 1.209 Thread 0x00000247d6f2de20 Exception <a 'java/lang/NoSuchMethodError'{0x00000000877bfff8}: 'void java.lang.invoke.DirectMethodHandle$Holder.invokeStaticInit(java.lang.Object)'> (0x00000000877bfff8) 
thrown [s\open\src\hotspot\share\interpreter\linkResolver.cpp, line 773]

VM Operations (20 events):
Event: 1.270 Executing VM operation: HandshakeAllThreads
Event: 1.270 Executing VM operation: HandshakeAllThreads done
Event: 1.422 Executing VM operation: HandshakeAllThreads
Event: 1.422 Executing VM operation: HandshakeAllThreads done
Event: 1.452 Executing VM operation: HandshakeAllThreads
Event: 1.452 Executing VM operation: HandshakeAllThreads done
Event: 2.014 Executing VM operation: ICBufferFull
Event: 2.014 Executing VM operation: ICBufferFull done
Event: 3.022 Executing VM operation: Cleanup
Event: 3.022 Executing VM operation: Cleanup done
Event: 3.381 Executing VM operation: G1CollectForAllocation
Event: 3.389 Executing VM operation: G1CollectForAllocation done
Event: 4.107 Executing VM operation: HandshakeAllThreads
Event: 4.107 Executing VM operation: HandshakeAllThreads done
Event: 5.117 Executing VM operation: Cleanup
Event: 5.118 Executing VM operation: Cleanup done
Event: 6.132 Executing VM operation: Cleanup
Event: 6.132 Executing VM operation: Cleanup done
Event: 7.142 Executing VM operation: Cleanup
Event: 7.142 Executing VM operation: Cleanup done

Events (20 events):
Event: 0.778 Thread 0x00000247f9cede30 Thread added: 0x00000247f9cede30
Event: 0.780 Thread 0x00000247f9ced8e0 Thread added: 0x00000247f9ced8e0
Event: 0.782 Thread 0x00000247f9cec3a0 Thread added: 0x00000247f9cec3a0
Event: 0.964 Thread 0x00000247f9ceae60 Thread added: 0x00000247f9ceae60
Event: 0.984 Thread 0x00000247fa523080 Thread added: 0x00000247fa523080
Event: 0.984 Thread 0x00000247fa5248c0 Thread added: 0x00000247fa5248c0
Event: 1.184 Thread 0x00000247fa5248c0 Thread exited: 0x00000247fa5248c0
Event: 1.185 Thread 0x00000247fa523080 Thread exited: 0x00000247fa523080
Event: 1.363 Thread 0x00000247d6f2de20 Thread exited: 0x00000247d6f2de20
Event: 1.364 Thread 0x00000247fa56c000 Thread added: 0x00000247fa56c000
Event: 1.369 Thread 0x00000247fa56a570 Thread added: 0x00000247fa56a570
Event: 4.577 Thread 0x00000247fa569ad0 Thread added: 0x00000247fa569ad0
Event: 5.262 Thread 0x00000247fa56bab0 Thread added: 0x00000247fa56bab0
Event: 5.311 Thread 0x00000247fa1509f0 Thread added: 0x00000247fa1509f0
Event: 5.324 Thread 0x00000247fa0aa4b0 Thread added: 0x00000247fa0aa4b0
Event: 5.329 Thread 0x00000247fa56bab0 Thread exited: 0x00000247fa56bab0
Event: 5.545 Thread 0x00000247fa0aa4b0 Thread exited: 0x00000247fa0aa4b0
Event: 5.737 Thread 0x00000247fa1509f0 Thread exited: 0x00000247fa1509f0
Event: 7.317 Thread 0x00000247fa56aac0 Thread added: 0x00000247fa56aac0
Event: 7.317 Thread 0x00000247fa56d540 Thread added: 0x00000247fa56d540


Dynamic libraries:
0x00007ff7a9290000 - 0x00007ff7a929e000 	C:\Users\Joaquin\.jdks\openjdk-20\bin\java.exe
0x00007ff9c67f0000 - 0x00007ff9c69e8000 	C:\Windows\SYSTEM32\ntdll.dll
0x00007ff9c5c50000 - 0x00007ff9c5d0f000 	C:\Windows\System32\KERNEL32.DLL
0x00007ff9c4150000 - 0x00007ff9c4446000 	C:\Windows\System32\KERNELBASE.dll
0x00007ff9c44e0000 - 0x00007ff9c45e0000 	C:\Windows\System32\ucrtbase.dll
0x00007ff9a9330000 - 0x00007ff9a9347000 	C:\Users\Joaquin\.jdks\openjdk-20\bin\jli.dll
0x00007ff9aa2d0000 - 0x00007ff9aa2eb000 	C:\Users\Joaquin\.jdks\openjdk-20\bin\VCRUNTIME140.dll
0x00007ff9c4f80000 - 0x00007ff9c511d000 	C:\Windows\System32\USER32.dll
0x00007ff9c4820000 - 0x00007ff9c4842000 	C:\Windows\System32\win32u.dll
0x00007ff9b5af0000 - 0x00007ff9b5d8a000 	C:\Windows\WinSxS\amd64_microsoft.windows.common-controls_6595b64144ccf1df_6.0.19041.1110_none_60b5254171f9507e\COMCTL32.dll
0x00007ff9c4a20000 - 0x00007ff9c4a4c000 	C:\Windows\System32\GDI32.dll
0x00007ff9c4ee0000 - 0x00007ff9c4f7e000 	C:\Windows\System32\msvcrt.dll
0x00007ff9c4700000 - 0x00007ff9c4815000 	C:\Windows\System32\gdi32full.dll
0x00007ff9c3ed0000 - 0x00007ff9c3f6d000 	C:\Windows\System32\msvcp_win.dll
0x00007ff9c49f0000 - 0x00007ff9c4a20000 	C:\Windows\System32\IMM32.DLL
0x00007ff9b0c50000 - 0x00007ff9b0c5c000 	C:\Users\Joaquin\.jdks\openjdk-20\bin\vcruntime140_1.dll
0x00007ff98d310000 - 0x00007ff98d39e000 	C:\Users\Joaquin\.jdks\openjdk-20\bin\msvcp140.dll
0x00007ff97df00000 - 0x00007ff97eb97000 	C:\Users\Joaquin\.jdks\openjdk-20\bin\server\jvm.dll
0x00007ff9c4930000 - 0x00007ff9c49df000 	C:\Windows\System32\ADVAPI32.dll
0x00007ff9c5d20000 - 0x00007ff9c5dbc000 	C:\Windows\System32\sechost.dll
0x00007ff9c5dc0000 - 0x00007ff9c5ee6000 	C:\Windows\System32\RPCRT4.dll
0x00007ff9bb600000 - 0x00007ff9bb627000 	C:\Windows\SYSTEM32\WINMM.dll
0x00007ff9bdf20000 - 0x00007ff9bdf2a000 	C:\Windows\SYSTEM32\VERSION.dll
0x00007ff9bfab0000 - 0x00007ff9bfab9000 	C:\Windows\SYSTEM32\WSOCK32.dll
0x00007ff9c5330000 - 0x00007ff9c539b000 	C:\Windows\System32\WS2_32.dll
0x00007ff9c1db0000 - 0x00007ff9c1dc2000 	C:\Windows\SYSTEM32\kernel.appcore.dll
0x00007ff9ab3c0000 - 0x00007ff9ab3ca000 	C:\Users\Joaquin\.jdks\openjdk-20\bin\jimage.dll
0x00007ff9be0e0000 - 0x00007ff9be2c4000 	C:\Windows\SYSTEM32\DBGHELP.DLL
0x00007ff9b13c0000 - 0x00007ff9b13f4000 	C:\Windows\SYSTEM32\dbgcore.DLL
0x00007ff9c4450000 - 0x00007ff9c44d2000 	C:\Windows\System32\bcryptPrimitives.dll
0x00007ff9bfb90000 - 0x00007ff9bfb9e000 	C:\Users\Joaquin\.jdks\openjdk-20\bin\instrument.dll
0x00007ff9a6e30000 - 0x00007ff9a6e56000 	C:\Users\Joaquin\.jdks\openjdk-20\bin\java.dll
0x00007ff9876f0000 - 0x00007ff9877c7000 	C:\Users\Joaquin\.jdks\openjdk-20\bin\jsvml.dll
0x00007ff9c54f0000 - 0x00007ff9c5c34000 	C:\Windows\System32\SHELL32.dll
0x00007ff9c1fb0000 - 0x00007ff9c2743000 	C:\Windows\SYSTEM32\windows.storage.dll
0x00007ff9c4a50000 - 0x00007ff9c4da4000 	C:\Windows\System32\combase.dll
0x00007ff9c3930000 - 0x00007ff9c395e000 	C:\Windows\SYSTEM32\Wldp.dll
0x00007ff9c4e30000 - 0x00007ff9c4edd000 	C:\Windows\System32\SHCORE.dll
0x00007ff9c5240000 - 0x00007ff9c5295000 	C:\Windows\System32\shlwapi.dll
0x00007ff9c3e10000 - 0x00007ff9c3e2f000 	C:\Windows\SYSTEM32\profapi.dll
0x00007ff9a8350000 - 0x00007ff9a8368000 	C:\Users\Joaquin\.jdks\openjdk-20\bin\zip.dll
0x00007ff9a9230000 - 0x00007ff9a9243000 	C:\Users\Joaquin\.jdks\openjdk-20\bin\net.dll
0x00007ff9bc9a0000 - 0x00007ff9bcaaa000 	C:\Windows\SYSTEM32\WINHTTP.dll
0x00007ff9c3690000 - 0x00007ff9c36fa000 	C:\Windows\system32\mswsock.dll
0x00007ff9a8380000 - 0x00007ff9a8396000 	C:\Users\Joaquin\.jdks\openjdk-20\bin\nio.dll
0x00007ff9b9650000 - 0x00007ff9b966a000 	C:\Program Files\JetBrains\IntelliJ IDEA Community Edition 2023.1.1\bin\breakgen64.dll
0x00007ff9aa340000 - 0x00007ff9aa347000 	C:\Users\Joaquin\.jdks\openjdk-20\bin\extnet.dll
0x00007ff9bfb80000 - 0x00007ff9bfb8e000 	C:\Users\Joaquin\.jdks\openjdk-20\bin\sunmscapi.dll
0x00007ff9c3ff0000 - 0x00007ff9c414e000 	C:\Windows\System32\CRYPT32.dll
0x00007ff9c39a0000 - 0x00007ff9c39c8000 	C:\Windows\SYSTEM32\ncrypt.dll
0x00007ff9c3960000 - 0x00007ff9c399b000 	C:\Windows\SYSTEM32\NTASN1.dll
0x00007ff9c3880000 - 0x00007ff9c3898000 	C:\Windows\SYSTEM32\CRYPTSP.dll
0x00007ff9c2f40000 - 0x00007ff9c2f74000 	C:\Windows\system32\rsaenh.dll
0x00007ff9c3fc0000 - 0x00007ff9c3fe7000 	C:\Windows\System32\bcrypt.dll
0x00007ff9c3d90000 - 0x00007ff9c3dbe000 	C:\Windows\SYSTEM32\USERENV.dll
0x00007ff9c38a0000 - 0x00007ff9c38ac000 	C:\Windows\SYSTEM32\CRYPTBASE.dll
0x00007ff9c3330000 - 0x00007ff9c336c000 	C:\Windows\SYSTEM32\IPHLPAPI.DLL
0x00007ff9c5d10000 - 0x00007ff9c5d18000 	C:\Windows\System32\NSI.dll
0x00007ff9be980000 - 0x00007ff9be997000 	C:\Windows\SYSTEM32\dhcpcsvc6.DLL
0x00007ff9bdf80000 - 0x00007ff9bdf9d000 	C:\Windows\SYSTEM32\dhcpcsvc.DLL
0x00007ff9c3380000 - 0x00007ff9c344b000 	C:\Windows\SYSTEM32\DNSAPI.dll
0x000000006d080000 - 0x000000006d175000 	C:\Users\Joaquin\AppData\Local\Temp\sqlite-3.21.0-46b6073f-fd2a-438a-b921-36b8f47d4ea3-sqlitejdbc.dll
0x00007ff9a7340000 - 0x00007ff9a74d0000 	C:\Users\Joaquin\.jdks\openjdk-20\bin\awt.dll
0x00007ff9c5420000 - 0x00007ff9c54ed000 	C:\Windows\System32\OLEAUT32.dll
0x00007ff9c16f0000 - 0x00007ff9c1781000 	C:\Windows\SYSTEM32\apphelp.dll
0x00007ff9c17f0000 - 0x00007ff9c188e000 	C:\Windows\system32\uxtheme.dll
0x00007ff9c5120000 - 0x00007ff9c5234000 	C:\Windows\System32\MSCTF.dll
0x00007ff9c5fb0000 - 0x00007ff9c60da000 	C:\Windows\System32\ole32.dll
0x00007ff9c1ac0000 - 0x00007ff9c1aef000 	C:\Windows\system32\DWMAPI.DLL
0x00007ff981b80000 - 0x00007ff981ca5000 	C:\Windows\system32\opengl32.dll
0x00007ff981f10000 - 0x00007ff981f3c000 	C:\Windows\SYSTEM32\GLU32.dll
0x00007ff98cc10000 - 0x00007ff98cddd000 	C:\Windows\system32\d3d9.dll
0x00007ff9bb630000 - 0x00007ff9bb7eb000 	C:\Windows\System32\DriverStore\FileRepository\u0390451.inf_amd64_39377efdd62734d1\B390182\aticfx64.dll
0x00007ff9a9380000 - 0x00007ff9a93b4000 	C:\Windows\System32\DriverStore\FileRepository\u0390451.inf_amd64_39377efdd62734d1\B390182\atiu9p64.dll
0x00007ff977c00000 - 0x00007ff978955000 	C:\Windows\System32\DriverStore\FileRepository\u0390451.inf_amd64_39377efdd62734d1\B390182\atiumd64.dll
0x0000000071bd0000 - 0x0000000072af7000 	C:\Windows\System32\DriverStore\FileRepository\u0390451.inf_amd64_39377efdd62734d1\B390182\atiumd6a.dll
0x00007ff9c60e0000 - 0x00007ff9c6548000 	C:\Windows\System32\SETUPAPI.dll
0x00007ff9c3f70000 - 0x00007ff9c3fbe000 	C:\Windows\System32\cfgmgr32.dll
0x00007ff9c34a0000 - 0x00007ff9c34eb000 	C:\Windows\SYSTEM32\POWRPROF.dll
0x00007ff9c3310000 - 0x00007ff9c3322000 	C:\Windows\SYSTEM32\UMPDC.dll
0x00007ff9bb310000 - 0x00007ff9bb345000 	C:\Windows\SYSTEM32\amdihk64.dll
0x00007ff9bc820000 - 0x00007ff9bc85b000 	C:\Windows\SYSTEM32\dxcore.dll
0x00007ff9a72b0000 - 0x00007ff9a7336000 	C:\Users\Joaquin\.jdks\openjdk-20\bin\freetype.dll
0x00007ff9a71e0000 - 0x00007ff9a72a6000 	C:\Users\Joaquin\.jdks\openjdk-20\bin\fontmanager.dll
0x00007ff9c6550000 - 0x00007ff9c65f9000 	C:\Windows\System32\clbcatq.dll
0x00007ff9be4a0000 - 0x00007ff9be654000 	C:\Windows\SYSTEM32\WindowsCodecs.dll
0x00007ff9a3e70000 - 0x00007ff9a3eae000 	C:\Windows\system32\dataexchange.dll
0x00007ff9c0b10000 - 0x00007ff9c0cf3000 	C:\Windows\system32\dcomp.dll
0x00007ff9bfd20000 - 0x00007ff9bff83000 	C:\Windows\system32\d3d11.dll
0x00007ff9c28b0000 - 0x00007ff9c29a3000 	C:\Windows\system32\dxgi.dll
0x00007ff9be730000 - 0x00007ff9be930000 	C:\Windows\system32\twinapi.appcore.dll
0x00007ff9ba850000 - 0x00007ff9ba94a000 	C:\Windows\SYSTEM32\textinputframework.dll
0x00007ff9c1080000 - 0x00007ff9c13de000 	C:\Windows\System32\CoreUIComponents.dll
0x00007ff9c14c0000 - 0x00007ff9c15b2000 	C:\Windows\System32\CoreMessaging.dll
0x00007ff9c09b0000 - 0x00007ff9c0b04000 	C:\Windows\SYSTEM32\wintypes.dll
0x00007ff9c3060000 - 0x00007ff9c3093000 	C:\Windows\SYSTEM32\ntmarta.dll

dbghelp: loaded successfully - version: 4.0.5 - missing functions: none
symbol engine: initialized successfully - sym options: 0x614 - pdb path: .;C:\Users\Joaquin\.jdks\openjdk-20\bin;C:\Windows\SYSTEM32;C:\Windows\WinSxS\amd64_microsoft.windows.common-controls_6595b64144ccf1df_6.0.19041.1110_none_60b5254171f9507e;C:\Users\Joaquin\.jdks\openjdk-20\bin\server;C:\Program Files\JetBrains\IntelliJ IDEA Community Edition 2023.1.1\bin;C:\Users\Joaquin\AppData\Local\Temp;C:\Windows\System32\DriverStore\FileRepository\u0390451.inf_amd64_39377efdd62734d1\B390182

VM Arguments:
jvm_args: -javaagent:C:\Program Files\JetBrains\IntelliJ IDEA Community Edition 2023.1.1\lib\idea_rt.jar=62499:C:\Program Files\JetBrains\IntelliJ IDEA Community Edition 2023.1.1\bin -Dfile.encoding=UTF-8 -Dsun.stdout.encoding=UTF-8 -Dsun.stderr.encoding=UTF-8 
java_command: controller.Main
java_class_path (initial): C:\Users\Joaquin\Desktop\proyectoDYDS2023\out\production\classes;C:\Users\Joaquin\.gradle\caches\modules-2\files-2.1\com.google.code.gson\gson\2.8.6\9180733b7df8542621dc12e21e87557e8c99b8cb\gson-2.8.6.jar;C:\Users\Joaquin\.gradle\caches\modules-2\files-2.1\com.squareup.retrofit2\converter-scalars\2.4.0\8f4582bcc7c736e0bae775d562074dcdc0c335ad\converter-scalars-2.4.0.jar;C:\Users\Joaquin\.gradle\caches\modules-2\files-2.1\com.squareup.retrofit2\retrofit\2.4.0\fc4aa382632bfaa7be7b41579efba41d5a71ecf3\retrofit-2.4.0.jar;C:\Users\Joaquin\.gradle\caches\modules-2\files-2.1\org.xerial\sqlite-jdbc\3.21.0\347e4d1d3e1dff66d389354af8f0021e62344584\sqlite-jdbc-3.21.0.jar;C:\Users\Joaquin\.gradle\caches\modules-2\files-2.1\com.squareup.okhttp3\okhttp\3.10.0\7ef0f1d95bf4c0b3ba30bbae25e0e562b05cf75e\okhttp-3.10.0.jar;C:\Users\Joaquin\.gradle\caches\modules-2\files-2.1\com.squareup.okio\okio\1.14.0\102d7be47241d781ef95f1581d414b0943053130\okio-1.14.0.jar
Launcher Type: SUN_STANDARD

[Global flags]
     intx CICompilerCount                          = 4                                         {product} {ergonomic}
     uint ConcGCThreads                            = 2                                         {product} {ergonomic}
     uint G1ConcRefinementThreads                  = 8                                         {product} {ergonomic}
   size_t G1HeapRegionSize                         = 1048576                                   {product} {ergonomic}
    uintx GCDrainStackTargetSize                   = 64                                        {product} {ergonomic}
   size_t InitialHeapSize                          = 134217728                                 {product} {ergonomic}
   size_t MarkStackSize                            = 4194304                                   {product} {ergonomic}
   size_t MaxHeapSize                              = 2134900736                                {product} {ergonomic}
   size_t MaxNewSize                               = 1280311296                                {product} {ergonomic}
   size_t MinHeapDeltaBytes                        = 1048576                                   {product} {ergonomic}
   size_t MinHeapSize                              = 8388608                                   {product} {ergonomic}
    uintx NonNMethodCodeHeapSize                   = 5839372                                {pd product} {ergonomic}
    uintx NonProfiledCodeHeapSize                  = 122909434                              {pd product} {ergonomic}
    uintx ProfiledCodeHeapSize                     = 122909434                              {pd product} {ergonomic}
    uintx ReservedCodeCacheSize                    = 251658240                              {pd product} {ergonomic}
     bool SegmentedCodeCache                       = true                                      {product} {ergonomic}
   size_t SoftMaxHeapSize                          = 2134900736                             {manageable} {ergonomic}
     bool UseCompressedClassPointers               = true                           {product lp64_product} {ergonomic}
     bool UseCompressedOops                        = true                           {product lp64_product} {ergonomic}
     bool UseG1GC                                  = true                                      {product} {ergonomic}
     bool UseLargePagesIndividualAllocation        = false                                  {pd product} {ergonomic}

Logging:
Log output configuration:
 #0: stdout all=warning uptime,level,tags foldmultilines=false
 #1: stderr all=off uptime,level,tags foldmultilines=false

Environment Variables:
PATH=C:\Program Files (x86)\Common Files\Oracle\Java\javapath;C:\Program Files (x86)\VMware\VMware Player\bin\;C:\Windows\system32;C:\Windows;C:\Windows\System32\Wbem;C:\Windows\System32\WindowsPowerShell\v1.0\;C:\Windows\System32\OpenSSH\;C:\Program Files\PuTTY\;C:\Users\Joaquin\AppData\Local\Microsoft\WindowsApps;C:\Users\Joaquin\AppData\Local\Programs\Microsoft VS Code\bin;C:\Users\Joaquin\AppData\Local\GitHubDesktop\bin
USERNAME=Joaquin
OS=Windows_NT
PROCESSOR_IDENTIFIER=AMD64 Family 23 Model 17 Stepping 0, AuthenticAMD
TMP=C:\Users\Joaquin\AppData\Local\Temp
TEMP=C:\Users\Joaquin\AppData\Local\Temp




---------------  S Y S T E M  ---------------

OS:
 Windows 10 , 64 bit Build 19041 (10.0.19041.2913)
OS uptime: 0 days 14:32 hours

CPU: total 8 (initial active 8) (8 cores per cpu, 2 threads per core) family 23 model 17 stepping 0 microcode 0x0, cx8, cmov, fxsr, ht, mmx, 3dnowpref, sse, sse2, sse3, ssse3, sse4a, sse4.1, sse4.2, popcnt, lzcnt, tsc, tscinvbit, avx, avx2, aes, clmul, bmi1, bmi2, adx, sha, fma, vzeroupper, clflush, clflushopt, rdtscp, f16c

Memory: 4k page, system-wide physical 8139M (2521M free)
TotalPageFile size 13003M (AvailPageFile size 2588M)
current process WorkingSet (physical memory assigned to process): 150M, peak: 153M
current process commit charge ("private bytes"): 296M, peak: 299M

vm_info: OpenJDK 64-Bit Server VM (20+36-2344) for windows-amd64 JRE (20+36-2344), built on 2023-02-10T19:30:15Z by "mach5one" with MS VC++ 17.1 (VS2022)

END.
